CRITICAL - 2024-06-11 07:04:10 --> ErrorException: include(C:\xampp\htdocs\pet-journey-agency\vendor\composer/../../app/Controllers/Home.php): Failed to open stream: No such file or directory
[Method: GET, Route: /]
in FCPATH\vendor\composer\ClassLoader.php on line 576.
 1 FCPATH\vendor\composer\ClassLoader.php(576): CodeIgniter\Debug\Exceptions->errorHandler(2, 'include(C:\\xampp\\htdocs\\pet-journey-agency\\vendor\\composer/../../app/Controllers/Home.php): Failed to open stream: No such file or directory', 'C:\\xampp\\htdocs\\pet-journey-agency\\vendor\\composer\\ClassLoader.php', 576)
 2 FCPATH\vendor\composer\ClassLoader.php(576): include()
 3 FCPATH\vendor\composer\ClassLoader.php(427): Composer\Autoload\{closure}('C:\\xampp\\htdocs\\pet-journey-agency\\vendor\\composer/../../app/Controllers/Home.php')
 4 [internal function]: Composer\Autoload\ClassLoader->loadClass('App\\Controllers\\Home')
 5 SYSTEMPATH\CodeIgniter.php(887): class_exists('\\App\\Controllers\\Home', true)
 6 SYSTEMPATH\CodeIgniter.php(496): CodeIgniter\CodeIgniter->startController()
 7 SYSTEMPATH\CodeIgniter.php(355): CodeIgniter\CodeIgniter->handleRequest(null, Object(Config\Cache), false)
 8 SYSTEMPATH\Boot.php(312): CodeIgniter\CodeIgniter->run()
 9 SYSTEMPATH\Boot.php(67): CodeIgniter\Boot::runCodeIgniter(Object(CodeIgniter\CodeIgniter))
10 FCPATH\index.php(56): CodeIgniter\Boot::bootWeb(Object(Config\Paths))
CRITICAL - 2024-06-11 09:15:59 --> ErrorException: Array to string conversion
[Method: GET, Route: dashboard/homepage/cover]
in APPPATH\Views\dashboard\header.php on line 101.
 1 APPPATH\Views\dashboard\header.php(101): CodeIgniter\Debug\Exceptions->errorHandler(2, 'Array to string conversion', 'C:\\xampp\\htdocs\\pet-journey-agency\\app\\Views\\dashboard\\header.php', 101)
 2 APPPATH\Views\dashboard\header.php(152): check_header_menu('homepage/cover', 'homepage')
 3 SYSTEMPATH\View\View.php(234): include('C:\\xampp\\htdocs\\pet-journey-agency\\app\\Views\\dashboard\\header.php')
 4 SYSTEMPATH\View\View.php(237): CodeIgniter\View\View->CodeIgniter\View\{closure}()
 5 SYSTEMPATH\Common.php(1171): CodeIgniter\View\View->render('dashboard/header', [], true)
 6 APPPATH\Controllers\Dashboard\HomePage_edit_cover.php(27): view('dashboard/header', [...])
 7 SYSTEMPATH\CodeIgniter.php(933): App\Controllers\Dashboard\HomePage_edit_cover->index()
 8 SYSTEMPATH\CodeIgniter.php(509): CodeIgniter\CodeIgniter->runController(Object(App\Controllers\Dashboard\HomePage_edit_cover))
 9 SYSTEMPATH\CodeIgniter.php(355): CodeIgniter\CodeIgniter->handleRequest(null, Object(Config\Cache), false)
10 SYSTEMPATH\Boot.php(312): CodeIgniter\CodeIgniter->run()
11 SYSTEMPATH\Boot.php(67): CodeIgniter\Boot::runCodeIgniter(Object(CodeIgniter\CodeIgniter))
12 FCPATH\index.php(56): CodeIgniter\Boot::bootWeb(Object(Config\Paths))
