ERROR - 2024-06-17 09:39:03 --> Error connecting to the database: mysqli_sql_exception: No connection could be made because the target machine actively refused it in C:\xampp\htdocs\pet-journey-agency\vendor\codeigniter4\framework\system\Database\MySQLi\Connection.php:186
Stack trace:
#0 C:\xampp\htdocs\pet-journey-agency\vendor\codeigniter4\framework\system\Database\MySQLi\Connection.php(186): mysqli->real_connect('localhost', 'root', Object(SensitiveParameterValue), 'pet_journey', 3306, '', 0)
#1 C:\xampp\htdocs\pet-journey-agency\vendor\codeigniter4\framework\system\Database\BaseConnection.php(421): CodeIgniter\Database\MySQLi\Connection->connect(false)
#2 C:\xampp\htdocs\pet-journey-agency\vendor\codeigniter4\framework\system\Database\BaseConnection.php(604): CodeIgniter\Database\BaseConnection->initialize()
#3 C:\xampp\htdocs\pet-journey-agency\vendor\codeigniter4\framework\system\Database\BaseBuilder.php(1629): CodeIgniter\Database\BaseConnection->query('SELECT *\nFROM `...', Array, false)
#4 C:\xampp\htdocs\pet-journey-agency\vendor\codeigniter4\framework\system\Model.php(275): CodeIgniter\Database\BaseBuilder->get()
#5 C:\xampp\htdocs\pet-journey-agency\vendor\codeigniter4\framework\system\BaseModel.php(676): CodeIgniter\Model->doFindAll(0, 0)
#6 C:\xampp\htdocs\pet-journey-agency\app\Controllers\Dashboard\HomePage_edit_about.php(32): CodeIgniter\BaseModel->findAll()
#7 C:\xampp\htdocs\pet-journey-agency\vendor\codeigniter4\framework\system\CodeIgniter.php(933): App\Controllers\Dashboard\HomePage_edit_about->index()
#8 C:\xampp\htdocs\pet-journey-agency\vendor\codeigniter4\framework\system\CodeIgniter.php(509): CodeIgniter\CodeIgniter->runController(Object(App\Controllers\Dashboard\HomePage_edit_about))
#9 C:\xampp\htdocs\pet-journey-agency\vendor\codeigniter4\framework\system\CodeIgniter.php(355): CodeIgniter\CodeIgniter->handleRequest(NULL, Object(Config\Cache), false)
#10 C:\xampp\htdocs\pet-journey-agency\vendor\codeigniter4\framework\system\Boot.php(312): CodeIgniter\CodeIgniter->run()
#11 C:\xampp\htdocs\pet-journey-agency\vendor\codeigniter4\framework\system\Boot.php(67): CodeIgniter\Boot::runCodeIgniter(Object(CodeIgniter\CodeIgniter))
#12 C:\xampp\htdocs\pet-journey-agency\index.php(56): CodeIgniter\Boot::bootWeb(Object(Config\Paths))
#13 {main}

Next CodeIgniter\Database\Exceptions\DatabaseException: No connection could be made because the target machine actively refused it in C:\xampp\htdocs\pet-journey-agency\vendor\codeigniter4\framework\system\Database\MySQLi\Connection.php:231
Stack trace:
#0 C:\xampp\htdocs\pet-journey-agency\vendor\codeigniter4\framework\system\Database\BaseConnection.php(421): CodeIgniter\Database\MySQLi\Connection->connect(false)
#1 C:\xampp\htdocs\pet-journey-agency\vendor\codeigniter4\framework\system\Database\BaseConnection.php(604): CodeIgniter\Database\BaseConnection->initialize()
#2 C:\xampp\htdocs\pet-journey-agency\vendor\codeigniter4\framework\system\Database\BaseBuilder.php(1629): CodeIgniter\Database\BaseConnection->query('SELECT *\nFROM `...', Array, false)
#3 C:\xampp\htdocs\pet-journey-agency\vendor\codeigniter4\framework\system\Model.php(275): CodeIgniter\Database\BaseBuilder->get()
#4 C:\xampp\htdocs\pet-journey-agency\vendor\codeigniter4\framework\system\BaseModel.php(676): CodeIgniter\Model->doFindAll(0, 0)
#5 C:\xampp\htdocs\pet-journey-agency\app\Controllers\Dashboard\HomePage_edit_about.php(32): CodeIgniter\BaseModel->findAll()
#6 C:\xampp\htdocs\pet-journey-agency\vendor\codeigniter4\framework\system\CodeIgniter.php(933): App\Controllers\Dashboard\HomePage_edit_about->index()
#7 C:\xampp\htdocs\pet-journey-agency\vendor\codeigniter4\framework\system\CodeIgniter.php(509): CodeIgniter\CodeIgniter->runController(Object(App\Controllers\Dashboard\HomePage_edit_about))
#8 C:\xampp\htdocs\pet-journey-agency\vendor\codeigniter4\framework\system\CodeIgniter.php(355): CodeIgniter\CodeIgniter->handleRequest(NULL, Object(Config\Cache), false)
#9 C:\xampp\htdocs\pet-journey-agency\vendor\codeigniter4\framework\system\Boot.php(312): CodeIgniter\CodeIgniter->run()
#10 C:\xampp\htdocs\pet-journey-agency\vendor\codeigniter4\framework\system\Boot.php(67): CodeIgniter\Boot::runCodeIgniter(Object(CodeIgniter\CodeIgniter))
#11 C:\xampp\htdocs\pet-journey-agency\index.php(56): CodeIgniter\Boot::bootWeb(Object(Config\Paths))
#12 {main}
CRITICAL - 2024-06-17 09:39:03 --> CodeIgniter\Database\Exceptions\DatabaseException: Unable to connect to the database.
Main connection [MySQLi]: No connection could be made because the target machine actively refused it
[Method: GET, Route: dashboard/homepage/about]
in SYSTEMPATH\Database\BaseConnection.php on line 457.
 1 SYSTEMPATH\Database\BaseConnection.php(604): CodeIgniter\Database\BaseConnection->initialize()
 2 SYSTEMPATH\Database\BaseBuilder.php(1629): CodeIgniter\Database\BaseConnection->query('SELECT *
FROM `about_home`', [], false)
 3 SYSTEMPATH\Model.php(275): CodeIgniter\Database\BaseBuilder->get()
 4 SYSTEMPATH\BaseModel.php(676): CodeIgniter\Model->doFindAll(0, 0)
 5 APPPATH\Controllers\Dashboard\HomePage_edit_about.php(32): CodeIgniter\BaseModel->findAll()
 6 SYSTEMPATH\CodeIgniter.php(933): App\Controllers\Dashboard\HomePage_edit_about->index()
 7 SYSTEMPATH\CodeIgniter.php(509): CodeIgniter\CodeIgniter->runController(Object(App\Controllers\Dashboard\HomePage_edit_about))
 8 SYSTEMPATH\CodeIgniter.php(355): CodeIgniter\CodeIgniter->handleRequest(null, Object(Config\Cache), false)
 9 SYSTEMPATH\Boot.php(312): CodeIgniter\CodeIgniter->run()
10 SYSTEMPATH\Boot.php(67): CodeIgniter\Boot::runCodeIgniter(Object(CodeIgniter\CodeIgniter))
11 FCPATH\index.php(56): CodeIgniter\Boot::bootWeb(Object(Config\Paths))
ERROR - 2024-06-17 09:39:15 --> Error connecting to the database: mysqli_sql_exception: No connection could be made because the target machine actively refused it in C:\xampp\htdocs\pet-journey-agency\vendor\codeigniter4\framework\system\Database\MySQLi\Connection.php:186
Stack trace:
#0 C:\xampp\htdocs\pet-journey-agency\vendor\codeigniter4\framework\system\Database\MySQLi\Connection.php(186): mysqli->real_connect('localhost', 'root', Object(SensitiveParameterValue), 'pet_journey', 3306, '', 0)
#1 C:\xampp\htdocs\pet-journey-agency\vendor\codeigniter4\framework\system\Database\BaseConnection.php(421): CodeIgniter\Database\MySQLi\Connection->connect(false)
#2 C:\xampp\htdocs\pet-journey-agency\vendor\codeigniter4\framework\system\Database\BaseConnection.php(604): CodeIgniter\Database\BaseConnection->initialize()
#3 C:\xampp\htdocs\pet-journey-agency\vendor\codeigniter4\framework\system\Database\BaseBuilder.php(2497): CodeIgniter\Database\BaseConnection->query('UPDATE `about_h...', Array, false)
#4 C:\xampp\htdocs\pet-journey-agency\vendor\codeigniter4\framework\system\Model.php(450): CodeIgniter\Database\BaseBuilder->update()
#5 C:\xampp\htdocs\pet-journey-agency\vendor\codeigniter4\framework\system\BaseModel.php(1028): CodeIgniter\Model->doUpdate(Array, Array)
#6 C:\xampp\htdocs\pet-journey-agency\vendor\codeigniter4\framework\system\Model.php(854): CodeIgniter\BaseModel->update(Array, Array)
#7 C:\xampp\htdocs\pet-journey-agency\app\Controllers\Dashboard\HomePage_edit_about.php(63): CodeIgniter\Model->update('2', Object(stdClass))
#8 C:\xampp\htdocs\pet-journey-agency\vendor\codeigniter4\framework\system\CodeIgniter.php(933): App\Controllers\Dashboard\HomePage_edit_about->update_about_homepage('2', '1718359935_cd28...')
#9 C:\xampp\htdocs\pet-journey-agency\vendor\codeigniter4\framework\system\CodeIgniter.php(509): CodeIgniter\CodeIgniter->runController(Object(App\Controllers\Dashboard\HomePage_edit_about))
#10 C:\xampp\htdocs\pet-journey-agency\vendor\codeigniter4\framework\system\CodeIgniter.php(355): CodeIgniter\CodeIgniter->handleRequest(NULL, Object(Config\Cache), false)
#11 C:\xampp\htdocs\pet-journey-agency\vendor\codeigniter4\framework\system\Boot.php(312): CodeIgniter\CodeIgniter->run()
#12 C:\xampp\htdocs\pet-journey-agency\vendor\codeigniter4\framework\system\Boot.php(67): CodeIgniter\Boot::runCodeIgniter(Object(CodeIgniter\CodeIgniter))
#13 C:\xampp\htdocs\pet-journey-agency\index.php(56): CodeIgniter\Boot::bootWeb(Object(Config\Paths))
#14 {main}

Next CodeIgniter\Database\Exceptions\DatabaseException: No connection could be made because the target machine actively refused it in C:\xampp\htdocs\pet-journey-agency\vendor\codeigniter4\framework\system\Database\MySQLi\Connection.php:231
Stack trace:
#0 C:\xampp\htdocs\pet-journey-agency\vendor\codeigniter4\framework\system\Database\BaseConnection.php(421): CodeIgniter\Database\MySQLi\Connection->connect(false)
#1 C:\xampp\htdocs\pet-journey-agency\vendor\codeigniter4\framework\system\Database\BaseConnection.php(604): CodeIgniter\Database\BaseConnection->initialize()
#2 C:\xampp\htdocs\pet-journey-agency\vendor\codeigniter4\framework\system\Database\BaseBuilder.php(2497): CodeIgniter\Database\BaseConnection->query('UPDATE `about_h...', Array, false)
#3 C:\xampp\htdocs\pet-journey-agency\vendor\codeigniter4\framework\system\Model.php(450): CodeIgniter\Database\BaseBuilder->update()
#4 C:\xampp\htdocs\pet-journey-agency\vendor\codeigniter4\framework\system\BaseModel.php(1028): CodeIgniter\Model->doUpdate(Array, Array)
#5 C:\xampp\htdocs\pet-journey-agency\vendor\codeigniter4\framework\system\Model.php(854): CodeIgniter\BaseModel->update(Array, Array)
#6 C:\xampp\htdocs\pet-journey-agency\app\Controllers\Dashboard\HomePage_edit_about.php(63): CodeIgniter\Model->update('2', Object(stdClass))
#7 C:\xampp\htdocs\pet-journey-agency\vendor\codeigniter4\framework\system\CodeIgniter.php(933): App\Controllers\Dashboard\HomePage_edit_about->update_about_homepage('2', '1718359935_cd28...')
#8 C:\xampp\htdocs\pet-journey-agency\vendor\codeigniter4\framework\system\CodeIgniter.php(509): CodeIgniter\CodeIgniter->runController(Object(App\Controllers\Dashboard\HomePage_edit_about))
#9 C:\xampp\htdocs\pet-journey-agency\vendor\codeigniter4\framework\system\CodeIgniter.php(355): CodeIgniter\CodeIgniter->handleRequest(NULL, Object(Config\Cache), false)
#10 C:\xampp\htdocs\pet-journey-agency\vendor\codeigniter4\framework\system\Boot.php(312): CodeIgniter\CodeIgniter->run()
#11 C:\xampp\htdocs\pet-journey-agency\vendor\codeigniter4\framework\system\Boot.php(67): CodeIgniter\Boot::runCodeIgniter(Object(CodeIgniter\CodeIgniter))
#12 C:\xampp\htdocs\pet-journey-agency\index.php(56): CodeIgniter\Boot::bootWeb(Object(Config\Paths))
#13 {main}
CRITICAL - 2024-06-17 09:39:15 --> CodeIgniter\Database\Exceptions\DatabaseException: Unable to connect to the database.
Main connection [MySQLi]: No connection could be made because the target machine actively refused it
[Method: POST, Route: dashboard/homepage/about/update/2/1718359935_cd285fda4e85fb410171.mp4]
in SYSTEMPATH\Database\BaseConnection.php on line 457.
 1 SYSTEMPATH\Database\BaseConnection.php(604): CodeIgniter\Database\BaseConnection->initialize()
 2 SYSTEMPATH\Database\BaseBuilder.php(2497): CodeIgniter\Database\BaseConnection->query('UPDATE `about_home` SET `detail` = :detail:
WHERE `about_home`.`id_about_home` IN :about_home.id_about_home:', [...], false)
 3 SYSTEMPATH\Model.php(450): CodeIgniter\Database\BaseBuilder->update()
 4 SYSTEMPATH\BaseModel.php(1028): CodeIgniter\Model->doUpdate([...], [...])
 5 SYSTEMPATH\Model.php(854): CodeIgniter\BaseModel->update([...], [...])
 6 APPPATH\Controllers\Dashboard\HomePage_edit_about.php(63): CodeIgniter\Model->update('2', Object(stdClass))
 7 SYSTEMPATH\CodeIgniter.php(933): App\Controllers\Dashboard\HomePage_edit_about->update_about_homepage('2', '1718359935_cd285fda4e85fb410171.mp4')
 8 SYSTEMPATH\CodeIgniter.php(509): CodeIgniter\CodeIgniter->runController(Object(App\Controllers\Dashboard\HomePage_edit_about))
 9 SYSTEMPATH\CodeIgniter.php(355): CodeIgniter\CodeIgniter->handleRequest(null, Object(Config\Cache), false)
10 SYSTEMPATH\Boot.php(312): CodeIgniter\CodeIgniter->run()
11 SYSTEMPATH\Boot.php(67): CodeIgniter\Boot::runCodeIgniter(Object(CodeIgniter\CodeIgniter))
12 FCPATH\index.php(56): CodeIgniter\Boot::bootWeb(Object(Config\Paths))
CRITICAL - 2024-06-17 13:38:45 --> ErrorException: Undefined variable $data_contact
[Method: GET, Route: dashboard/homepage/contact]
in APPPATH\Views\dashboard\home_page\index_contact_menu.php on line 84.
 1 APPPATH\Views\dashboard\home_page\index_contact_menu.php(84): CodeIgniter\Debug\Exceptions->errorHandler(2, 'Undefined variable $data_contact', 'C:\\xampp\\htdocs\\pet-journey-agency\\app\\Views\\dashboard\\home_page\\index_contact_menu.php', 84)
 2 SYSTEMPATH\View\View.php(234): include('C:\\xampp\\htdocs\\pet-journey-agency\\app\\Views\\dashboard\\home_page\\index_contact_menu.php')
 3 SYSTEMPATH\View\View.php(237): CodeIgniter\View\View->CodeIgniter\View\{closure}()
 4 SYSTEMPATH\Common.php(1171): CodeIgniter\View\View->render('dashboard/home_page/index_contact_menu', [], true)
 5 APPPATH\Controllers\Dashboard\HomePage_edit_contact_menu.php(35): view('dashboard/home_page/index_contact_menu', [...])
 6 SYSTEMPATH\CodeIgniter.php(933): App\Controllers\Dashboard\HomePage_edit_contact_menu->index()
 7 SYSTEMPATH\CodeIgniter.php(509): CodeIgniter\CodeIgniter->runController(Object(App\Controllers\Dashboard\HomePage_edit_contact_menu))
 8 SYSTEMPATH\CodeIgniter.php(355): CodeIgniter\CodeIgniter->handleRequest(null, Object(Config\Cache), false)
 9 SYSTEMPATH\Boot.php(312): CodeIgniter\CodeIgniter->run()
10 SYSTEMPATH\Boot.php(67): CodeIgniter\Boot::runCodeIgniter(Object(CodeIgniter\CodeIgniter))
11 FCPATH\index.php(56): CodeIgniter\Boot::bootWeb(Object(Config\Paths))
CRITICAL - 2024-06-17 13:38:58 --> ErrorException: Undefined variable $dopen_time
[Method: GET, Route: dashboard/homepage/contact]
in APPPATH\Views\dashboard\home_page\index_contact_menu.php on line 84.
 1 APPPATH\Views\dashboard\home_page\index_contact_menu.php(84): CodeIgniter\Debug\Exceptions->errorHandler(2, 'Undefined variable $dopen_time', 'C:\\xampp\\htdocs\\pet-journey-agency\\app\\Views\\dashboard\\home_page\\index_contact_menu.php', 84)
 2 SYSTEMPATH\View\View.php(234): include('C:\\xampp\\htdocs\\pet-journey-agency\\app\\Views\\dashboard\\home_page\\index_contact_menu.php')
 3 SYSTEMPATH\View\View.php(237): CodeIgniter\View\View->CodeIgniter\View\{closure}()
 4 SYSTEMPATH\Common.php(1171): CodeIgniter\View\View->render('dashboard/home_page/index_contact_menu', [], true)
 5 APPPATH\Controllers\Dashboard\HomePage_edit_contact_menu.php(35): view('dashboard/home_page/index_contact_menu', [...])
 6 SYSTEMPATH\CodeIgniter.php(933): App\Controllers\Dashboard\HomePage_edit_contact_menu->index()
 7 SYSTEMPATH\CodeIgniter.php(509): CodeIgniter\CodeIgniter->runController(Object(App\Controllers\Dashboard\HomePage_edit_contact_menu))
 8 SYSTEMPATH\CodeIgniter.php(355): CodeIgniter\CodeIgniter->handleRequest(null, Object(Config\Cache), false)
 9 SYSTEMPATH\Boot.php(312): CodeIgniter\CodeIgniter->run()
10 SYSTEMPATH\Boot.php(67): CodeIgniter\Boot::runCodeIgniter(Object(CodeIgniter\CodeIgniter))
11 FCPATH\index.php(56): CodeIgniter\Boot::bootWeb(Object(Config\Paths))
CRITICAL - 2024-06-17 13:38:59 --> ErrorException: Undefined variable $dopen_time
[Method: GET, Route: dashboard/homepage/contact]
in APPPATH\Views\dashboard\home_page\index_contact_menu.php on line 84.
 1 APPPATH\Views\dashboard\home_page\index_contact_menu.php(84): CodeIgniter\Debug\Exceptions->errorHandler(2, 'Undefined variable $dopen_time', 'C:\\xampp\\htdocs\\pet-journey-agency\\app\\Views\\dashboard\\home_page\\index_contact_menu.php', 84)
 2 SYSTEMPATH\View\View.php(234): include('C:\\xampp\\htdocs\\pet-journey-agency\\app\\Views\\dashboard\\home_page\\index_contact_menu.php')
 3 SYSTEMPATH\View\View.php(237): CodeIgniter\View\View->CodeIgniter\View\{closure}()
 4 SYSTEMPATH\Common.php(1171): CodeIgniter\View\View->render('dashboard/home_page/index_contact_menu', [], true)
 5 APPPATH\Controllers\Dashboard\HomePage_edit_contact_menu.php(35): view('dashboard/home_page/index_contact_menu', [...])
 6 SYSTEMPATH\CodeIgniter.php(933): App\Controllers\Dashboard\HomePage_edit_contact_menu->index()
 7 SYSTEMPATH\CodeIgniter.php(509): CodeIgniter\CodeIgniter->runController(Object(App\Controllers\Dashboard\HomePage_edit_contact_menu))
 8 SYSTEMPATH\CodeIgniter.php(355): CodeIgniter\CodeIgniter->handleRequest(null, Object(Config\Cache), false)
 9 SYSTEMPATH\Boot.php(312): CodeIgniter\CodeIgniter->run()
10 SYSTEMPATH\Boot.php(67): CodeIgniter\Boot::runCodeIgniter(Object(CodeIgniter\CodeIgniter))
11 FCPATH\index.php(56): CodeIgniter\Boot::bootWeb(Object(Config\Paths))
CRITICAL - 2024-06-17 13:39:00 --> ErrorException: Undefined variable $dopen_time
[Method: GET, Route: dashboard/homepage/contact]
in APPPATH\Views\dashboard\home_page\index_contact_menu.php on line 84.
 1 APPPATH\Views\dashboard\home_page\index_contact_menu.php(84): CodeIgniter\Debug\Exceptions->errorHandler(2, 'Undefined variable $dopen_time', 'C:\\xampp\\htdocs\\pet-journey-agency\\app\\Views\\dashboard\\home_page\\index_contact_menu.php', 84)
 2 SYSTEMPATH\View\View.php(234): include('C:\\xampp\\htdocs\\pet-journey-agency\\app\\Views\\dashboard\\home_page\\index_contact_menu.php')
 3 SYSTEMPATH\View\View.php(237): CodeIgniter\View\View->CodeIgniter\View\{closure}()
 4 SYSTEMPATH\Common.php(1171): CodeIgniter\View\View->render('dashboard/home_page/index_contact_menu', [], true)
 5 APPPATH\Controllers\Dashboard\HomePage_edit_contact_menu.php(35): view('dashboard/home_page/index_contact_menu', [...])
 6 SYSTEMPATH\CodeIgniter.php(933): App\Controllers\Dashboard\HomePage_edit_contact_menu->index()
 7 SYSTEMPATH\CodeIgniter.php(509): CodeIgniter\CodeIgniter->runController(Object(App\Controllers\Dashboard\HomePage_edit_contact_menu))
 8 SYSTEMPATH\CodeIgniter.php(355): CodeIgniter\CodeIgniter->handleRequest(null, Object(Config\Cache), false)
 9 SYSTEMPATH\Boot.php(312): CodeIgniter\CodeIgniter->run()
10 SYSTEMPATH\Boot.php(67): CodeIgniter\Boot::runCodeIgniter(Object(CodeIgniter\CodeIgniter))
11 FCPATH\index.php(56): CodeIgniter\Boot::bootWeb(Object(Config\Paths))
CRITICAL - 2024-06-17 13:39:04 --> ErrorException: Undefined variable $open_time
[Method: GET, Route: dashboard/homepage/contact]
in APPPATH\Views\dashboard\home_page\index_contact_menu.php on line 84.
 1 APPPATH\Views\dashboard\home_page\index_contact_menu.php(84): CodeIgniter\Debug\Exceptions->errorHandler(2, 'Undefined variable $open_time', 'C:\\xampp\\htdocs\\pet-journey-agency\\app\\Views\\dashboard\\home_page\\index_contact_menu.php', 84)
 2 SYSTEMPATH\View\View.php(234): include('C:\\xampp\\htdocs\\pet-journey-agency\\app\\Views\\dashboard\\home_page\\index_contact_menu.php')
 3 SYSTEMPATH\View\View.php(237): CodeIgniter\View\View->CodeIgniter\View\{closure}()
 4 SYSTEMPATH\Common.php(1171): CodeIgniter\View\View->render('dashboard/home_page/index_contact_menu', [], true)
 5 APPPATH\Controllers\Dashboard\HomePage_edit_contact_menu.php(35): view('dashboard/home_page/index_contact_menu', [...])
 6 SYSTEMPATH\CodeIgniter.php(933): App\Controllers\Dashboard\HomePage_edit_contact_menu->index()
 7 SYSTEMPATH\CodeIgniter.php(509): CodeIgniter\CodeIgniter->runController(Object(App\Controllers\Dashboard\HomePage_edit_contact_menu))
 8 SYSTEMPATH\CodeIgniter.php(355): CodeIgniter\CodeIgniter->handleRequest(null, Object(Config\Cache), false)
 9 SYSTEMPATH\Boot.php(312): CodeIgniter\CodeIgniter->run()
10 SYSTEMPATH\Boot.php(67): CodeIgniter\Boot::runCodeIgniter(Object(CodeIgniter\CodeIgniter))
11 FCPATH\index.php(56): CodeIgniter\Boot::bootWeb(Object(Config\Paths))
CRITICAL - 2024-06-17 13:39:21 --> ErrorException: Undefined array key "open_time"
[Method: GET, Route: dashboard/homepage/contact]
in APPPATH\Views\dashboard\home_page\index_contact_menu.php on line 84.
 1 APPPATH\Views\dashboard\home_page\index_contact_menu.php(84): CodeIgniter\Debug\Exceptions->errorHandler(2, 'Undefined array key "open_time"', 'C:\\xampp\\htdocs\\pet-journey-agency\\app\\Views\\dashboard\\home_page\\index_contact_menu.php', 84)
 2 SYSTEMPATH\View\View.php(234): include('C:\\xampp\\htdocs\\pet-journey-agency\\app\\Views\\dashboard\\home_page\\index_contact_menu.php')
 3 SYSTEMPATH\View\View.php(237): CodeIgniter\View\View->CodeIgniter\View\{closure}()
 4 SYSTEMPATH\Common.php(1171): CodeIgniter\View\View->render('dashboard/home_page/index_contact_menu', [], true)
 5 APPPATH\Controllers\Dashboard\HomePage_edit_contact_menu.php(35): view('dashboard/home_page/index_contact_menu', [...])
 6 SYSTEMPATH\CodeIgniter.php(933): App\Controllers\Dashboard\HomePage_edit_contact_menu->index()
 7 SYSTEMPATH\CodeIgniter.php(509): CodeIgniter\CodeIgniter->runController(Object(App\Controllers\Dashboard\HomePage_edit_contact_menu))
 8 SYSTEMPATH\CodeIgniter.php(355): CodeIgniter\CodeIgniter->handleRequest(null, Object(Config\Cache), false)
 9 SYSTEMPATH\Boot.php(312): CodeIgniter\CodeIgniter->run()
10 SYSTEMPATH\Boot.php(67): CodeIgniter\Boot::runCodeIgniter(Object(CodeIgniter\CodeIgniter))
11 FCPATH\index.php(56): CodeIgniter\Boot::bootWeb(Object(Config\Paths))
CRITICAL - 2024-06-17 13:39:22 --> ErrorException: Undefined array key "open_time"
[Method: GET, Route: dashboard/homepage/contact]
in APPPATH\Views\dashboard\home_page\index_contact_menu.php on line 84.
 1 APPPATH\Views\dashboard\home_page\index_contact_menu.php(84): CodeIgniter\Debug\Exceptions->errorHandler(2, 'Undefined array key "open_time"', 'C:\\xampp\\htdocs\\pet-journey-agency\\app\\Views\\dashboard\\home_page\\index_contact_menu.php', 84)
 2 SYSTEMPATH\View\View.php(234): include('C:\\xampp\\htdocs\\pet-journey-agency\\app\\Views\\dashboard\\home_page\\index_contact_menu.php')
 3 SYSTEMPATH\View\View.php(237): CodeIgniter\View\View->CodeIgniter\View\{closure}()
 4 SYSTEMPATH\Common.php(1171): CodeIgniter\View\View->render('dashboard/home_page/index_contact_menu', [], true)
 5 APPPATH\Controllers\Dashboard\HomePage_edit_contact_menu.php(35): view('dashboard/home_page/index_contact_menu', [...])
 6 SYSTEMPATH\CodeIgniter.php(933): App\Controllers\Dashboard\HomePage_edit_contact_menu->index()
 7 SYSTEMPATH\CodeIgniter.php(509): CodeIgniter\CodeIgniter->runController(Object(App\Controllers\Dashboard\HomePage_edit_contact_menu))
 8 SYSTEMPATH\CodeIgniter.php(355): CodeIgniter\CodeIgniter->handleRequest(null, Object(Config\Cache), false)
 9 SYSTEMPATH\Boot.php(312): CodeIgniter\CodeIgniter->run()
10 SYSTEMPATH\Boot.php(67): CodeIgniter\Boot::runCodeIgniter(Object(CodeIgniter\CodeIgniter))
11 FCPATH\index.php(56): CodeIgniter\Boot::bootWeb(Object(Config\Paths))
CRITICAL - 2024-06-17 13:40:03 --> ErrorException: Undefined array key "open_time"
[Method: GET, Route: dashboard/homepage/contact]
in APPPATH\Views\dashboard\home_page\index_contact_menu.php on line 84.
 1 APPPATH\Views\dashboard\home_page\index_contact_menu.php(84): CodeIgniter\Debug\Exceptions->errorHandler(2, 'Undefined array key "open_time"', 'C:\\xampp\\htdocs\\pet-journey-agency\\app\\Views\\dashboard\\home_page\\index_contact_menu.php', 84)
 2 SYSTEMPATH\View\View.php(234): include('C:\\xampp\\htdocs\\pet-journey-agency\\app\\Views\\dashboard\\home_page\\index_contact_menu.php')
 3 SYSTEMPATH\View\View.php(237): CodeIgniter\View\View->CodeIgniter\View\{closure}()
 4 SYSTEMPATH\Common.php(1171): CodeIgniter\View\View->render('dashboard/home_page/index_contact_menu', [], true)
 5 APPPATH\Controllers\Dashboard\HomePage_edit_contact_menu.php(35): view('dashboard/home_page/index_contact_menu', [...])
 6 SYSTEMPATH\CodeIgniter.php(933): App\Controllers\Dashboard\HomePage_edit_contact_menu->index()
 7 SYSTEMPATH\CodeIgniter.php(509): CodeIgniter\CodeIgniter->runController(Object(App\Controllers\Dashboard\HomePage_edit_contact_menu))
 8 SYSTEMPATH\CodeIgniter.php(355): CodeIgniter\CodeIgniter->handleRequest(null, Object(Config\Cache), false)
 9 SYSTEMPATH\Boot.php(312): CodeIgniter\CodeIgniter->run()
10 SYSTEMPATH\Boot.php(67): CodeIgniter\Boot::runCodeIgniter(Object(CodeIgniter\CodeIgniter))
11 FCPATH\index.php(56): CodeIgniter\Boot::bootWeb(Object(Config\Paths))
CRITICAL - 2024-06-17 13:40:13 --> ErrorException: Undefined array key "open_time"
[Method: GET, Route: dashboard/homepage/contact]
in APPPATH\Views\dashboard\home_page\index_contact_menu.php on line 84.
 1 APPPATH\Views\dashboard\home_page\index_contact_menu.php(84): CodeIgniter\Debug\Exceptions->errorHandler(2, 'Undefined array key "open_time"', 'C:\\xampp\\htdocs\\pet-journey-agency\\app\\Views\\dashboard\\home_page\\index_contact_menu.php', 84)
 2 SYSTEMPATH\View\View.php(234): include('C:\\xampp\\htdocs\\pet-journey-agency\\app\\Views\\dashboard\\home_page\\index_contact_menu.php')
 3 SYSTEMPATH\View\View.php(237): CodeIgniter\View\View->CodeIgniter\View\{closure}()
 4 SYSTEMPATH\Common.php(1171): CodeIgniter\View\View->render('dashboard/home_page/index_contact_menu', [], true)
 5 APPPATH\Controllers\Dashboard\HomePage_edit_contact_menu.php(35): view('dashboard/home_page/index_contact_menu', [...])
 6 SYSTEMPATH\CodeIgniter.php(933): App\Controllers\Dashboard\HomePage_edit_contact_menu->index()
 7 SYSTEMPATH\CodeIgniter.php(509): CodeIgniter\CodeIgniter->runController(Object(App\Controllers\Dashboard\HomePage_edit_contact_menu))
 8 SYSTEMPATH\CodeIgniter.php(355): CodeIgniter\CodeIgniter->handleRequest(null, Object(Config\Cache), false)
 9 SYSTEMPATH\Boot.php(312): CodeIgniter\CodeIgniter->run()
10 SYSTEMPATH\Boot.php(67): CodeIgniter\Boot::runCodeIgniter(Object(CodeIgniter\CodeIgniter))
11 FCPATH\index.php(56): CodeIgniter\Boot::bootWeb(Object(Config\Paths))
CRITICAL - 2024-06-17 15:54:22 --> CodeIgniter\View\Exceptions\ViewException: Invalid file: "dashboard/header.php"
[Method: GET, Route: dashboard/review]
in SYSTEMPATH\Exceptions\FrameworkException.php on line 41.
 1 SYSTEMPATH\View\View.php(222): CodeIgniter\Exceptions\FrameworkException::forInvalidFile('dashboard/header.php')
 2 SYSTEMPATH\Common.php(1171): CodeIgniter\View\View->render('dashboard/header', [], true)
 3 APPPATH\Controllers\Dashboard\ReviewData.php(28): view('dashboard/header', [...])
 4 SYSTEMPATH\CodeIgniter.php(933): App\Controllers\Dashboard\ReviewData->index()
 5 SYSTEMPATH\CodeIgniter.php(509): CodeIgniter\CodeIgniter->runController(Object(App\Controllers\Dashboard\ReviewData))
 6 SYSTEMPATH\CodeIgniter.php(355): CodeIgniter\CodeIgniter->handleRequest(null, Object(Config\Cache), false)
 7 SYSTEMPATH\Boot.php(312): CodeIgniter\CodeIgniter->run()
 8 SYSTEMPATH\Boot.php(67): CodeIgniter\Boot::runCodeIgniter(Object(CodeIgniter\CodeIgniter))
 9 FCPATH\index.php(56): CodeIgniter\Boot::bootWeb(Object(Config\Paths))
CRITICAL - 2024-06-17 16:01:38 --> ParseError: syntax error, unexpected fully qualified name "\App\Controllers\Dashboard\Hom...", expecting "{"
[Method: GET, Route: dashboard/homepage/cover]
in APPPATH\Controllers\Dashboard\Homepage\HomePage_edit_cover.php on line 3.
 1 FCPATH\vendor\composer\ClassLoader.php(427): Composer\Autoload\{closure}('C:\\xampp\\htdocs\\pet-journey-agency\\vendor\\composer/../../app\\Controllers\\Dashboard\\Homepage\\HomePage_edit_cover.php')
 2 [internal function]: Composer\Autoload\ClassLoader->loadClass('App\\Controllers\\Dashboard\\Homepage\\HomePage_edit_cover')
 3 SYSTEMPATH\CodeIgniter.php(887): class_exists('\\App\\Controllers\\Dashboard\\Homepage\\HomePage_edit_cover', true)
 4 SYSTEMPATH\CodeIgniter.php(496): CodeIgniter\CodeIgniter->startController()
 5 SYSTEMPATH\CodeIgniter.php(355): CodeIgniter\CodeIgniter->handleRequest(null, Object(Config\Cache), false)
 6 SYSTEMPATH\Boot.php(312): CodeIgniter\CodeIgniter->run()
 7 SYSTEMPATH\Boot.php(67): CodeIgniter\Boot::runCodeIgniter(Object(CodeIgniter\CodeIgniter))
 8 FCPATH\index.php(56): CodeIgniter\Boot::bootWeb(Object(Config\Paths))
CRITICAL - 2024-06-17 16:03:39 --> CodeIgniter\View\Exceptions\ViewException: Invalid file: "dashboard/header.php"
[Method: GET, Route: dashboard/service]
in SYSTEMPATH\Exceptions\FrameworkException.php on line 41.
 1 SYSTEMPATH\View\View.php(222): CodeIgniter\Exceptions\FrameworkException::forInvalidFile('dashboard/header.php')
 2 SYSTEMPATH\Common.php(1171): CodeIgniter\View\View->render('dashboard/header', [], true)
 3 APPPATH\Controllers\Dashboard\ServiceData.php(27): view('dashboard/header', [...])
 4 SYSTEMPATH\CodeIgniter.php(933): App\Controllers\Dashboard\ServiceData->index()
 5 SYSTEMPATH\CodeIgniter.php(509): CodeIgniter\CodeIgniter->runController(Object(App\Controllers\Dashboard\ServiceData))
 6 SYSTEMPATH\CodeIgniter.php(355): CodeIgniter\CodeIgniter->handleRequest(null, Object(Config\Cache), false)
 7 SYSTEMPATH\Boot.php(312): CodeIgniter\CodeIgniter->run()
 8 SYSTEMPATH\Boot.php(67): CodeIgniter\Boot::runCodeIgniter(Object(CodeIgniter\CodeIgniter))
 9 FCPATH\index.php(56): CodeIgniter\Boot::bootWeb(Object(Config\Paths))
