CRITICAL - 2024-06-14 14:17:29 --> ErrorException: Undefined array key 0
[Method: GET, Route: dashboard/homepage/about]
in APPPATH\Views\dashboard\home_page\index_about.php on line 142.
 1 APPPATH\Views\dashboard\home_page\index_about.php(142): CodeIgniter\Debug\Exceptions->errorHandler(2, 'Undefined array key 0', 'C:\\xampp\\htdocs\\pet-journey-agency\\app\\Views\\dashboard\\home_page\\index_about.php', 142)
 2 SYSTEMPATH\View\View.php(234): include('C:\\xampp\\htdocs\\pet-journey-agency\\app\\Views\\dashboard\\home_page\\index_about.php')
 3 SYSTEMPATH\View\View.php(237): CodeIgniter\View\View->CodeIgniter\View\{closure}()
 4 SYSTEMPATH\Common.php(1171): CodeIgniter\View\View->render('dashboard/home_page/index_about', [], true)
 5 APPPATH\Controllers\Dashboard\HomePage_edit_about.php(35): view('dashboard/home_page/index_about')
 6 SYSTEMPATH\CodeIgniter.php(933): App\Controllers\Dashboard\HomePage_edit_about->index()
 7 SYSTEMPATH\CodeIgniter.php(509): CodeIgniter\CodeIgniter->runController(Object(App\Controllers\Dashboard\HomePage_edit_about))
 8 SYSTEMPATH\CodeIgniter.php(355): CodeIgniter\CodeIgniter->handleRequest(null, Object(Config\Cache), false)
 9 SYSTEMPATH\Boot.php(312): CodeIgniter\CodeIgniter->run()
10 SYSTEMPATH\Boot.php(67): CodeIgniter\Boot::runCodeIgniter(Object(CodeIgniter\CodeIgniter))
11 FCPATH\index.php(56): CodeIgniter\Boot::bootWeb(Object(Config\Paths))
CRITICAL - 2024-06-14 14:20:53 --> ErrorException: Undefined array key 1
[Method: GET, Route: dashboard/homepage/about]
in APPPATH\Views\dashboard\home_page\index_about.php on line 153.
 1 APPPATH\Views\dashboard\home_page\index_about.php(153): CodeIgniter\Debug\Exceptions->errorHandler(2, 'Undefined array key 1', 'C:\\xampp\\htdocs\\pet-journey-agency\\app\\Views\\dashboard\\home_page\\index_about.php', 153)
 2 SYSTEMPATH\View\View.php(234): include('C:\\xampp\\htdocs\\pet-journey-agency\\app\\Views\\dashboard\\home_page\\index_about.php')
 3 SYSTEMPATH\View\View.php(237): CodeIgniter\View\View->CodeIgniter\View\{closure}()
 4 SYSTEMPATH\Common.php(1171): CodeIgniter\View\View->render('dashboard/home_page/index_about', [], true)
 5 APPPATH\Controllers\Dashboard\HomePage_edit_about.php(35): view('dashboard/home_page/index_about')
 6 SYSTEMPATH\CodeIgniter.php(933): App\Controllers\Dashboard\HomePage_edit_about->index()
 7 SYSTEMPATH\CodeIgniter.php(509): CodeIgniter\CodeIgniter->runController(Object(App\Controllers\Dashboard\HomePage_edit_about))
 8 SYSTEMPATH\CodeIgniter.php(355): CodeIgniter\CodeIgniter->handleRequest(null, Object(Config\Cache), false)
 9 SYSTEMPATH\Boot.php(312): CodeIgniter\CodeIgniter->run()
10 SYSTEMPATH\Boot.php(67): CodeIgniter\Boot::runCodeIgniter(Object(CodeIgniter\CodeIgniter))
11 FCPATH\index.php(56): CodeIgniter\Boot::bootWeb(Object(Config\Paths))
CRITICAL - 2024-06-14 14:41:36 --> ErrorException: Undefined variable $data_question_set
[Method: GET, Route: dashboard/homepage/about]
in APPPATH\Views\dashboard\home_page\index_about.php on line 390.
 1 APPPATH\Views\dashboard\home_page\index_about.php(390): CodeIgniter\Debug\Exceptions->errorHandler(2, 'Undefined variable $data_question_set', 'C:\\xampp\\htdocs\\pet-journey-agency\\app\\Views\\dashboard\\home_page\\index_about.php', 390)
 2 SYSTEMPATH\View\View.php(234): include('C:\\xampp\\htdocs\\pet-journey-agency\\app\\Views\\dashboard\\home_page\\index_about.php')
 3 SYSTEMPATH\View\View.php(237): CodeIgniter\View\View->CodeIgniter\View\{closure}()
 4 SYSTEMPATH\Common.php(1171): CodeIgniter\View\View->render('dashboard/home_page/index_about', [], true)
 5 APPPATH\Controllers\Dashboard\HomePage_edit_about.php(35): view('dashboard/home_page/index_about')
 6 SYSTEMPATH\CodeIgniter.php(933): App\Controllers\Dashboard\HomePage_edit_about->index()
 7 SYSTEMPATH\CodeIgniter.php(509): CodeIgniter\CodeIgniter->runController(Object(App\Controllers\Dashboard\HomePage_edit_about))
 8 SYSTEMPATH\CodeIgniter.php(355): CodeIgniter\CodeIgniter->handleRequest(null, Object(Config\Cache), false)
 9 SYSTEMPATH\Boot.php(312): CodeIgniter\CodeIgniter->run()
10 SYSTEMPATH\Boot.php(67): CodeIgniter\Boot::runCodeIgniter(Object(CodeIgniter\CodeIgniter))
11 FCPATH\index.php(56): CodeIgniter\Boot::bootWeb(Object(Config\Paths))
CRITICAL - 2024-06-14 14:42:02 --> ErrorException: Undefined variable $id_about_home
[Method: GET, Route: dashboard/homepage/about]
in APPPATH\Views\dashboard\home_page\index_about.php on line 390.
 1 APPPATH\Views\dashboard\home_page\index_about.php(390): CodeIgniter\Debug\Exceptions->errorHandler(2, 'Undefined variable $id_about_home', 'C:\\xampp\\htdocs\\pet-journey-agency\\app\\Views\\dashboard\\home_page\\index_about.php', 390)
 2 SYSTEMPATH\View\View.php(234): include('C:\\xampp\\htdocs\\pet-journey-agency\\app\\Views\\dashboard\\home_page\\index_about.php')
 3 SYSTEMPATH\View\View.php(237): CodeIgniter\View\View->CodeIgniter\View\{closure}()
 4 SYSTEMPATH\Common.php(1171): CodeIgniter\View\View->render('dashboard/home_page/index_about', [], true)
 5 APPPATH\Controllers\Dashboard\HomePage_edit_about.php(35): view('dashboard/home_page/index_about')
 6 SYSTEMPATH\CodeIgniter.php(933): App\Controllers\Dashboard\HomePage_edit_about->index()
 7 SYSTEMPATH\CodeIgniter.php(509): CodeIgniter\CodeIgniter->runController(Object(App\Controllers\Dashboard\HomePage_edit_about))
 8 SYSTEMPATH\CodeIgniter.php(355): CodeIgniter\CodeIgniter->handleRequest(null, Object(Config\Cache), false)
 9 SYSTEMPATH\Boot.php(312): CodeIgniter\CodeIgniter->run()
10 SYSTEMPATH\Boot.php(67): CodeIgniter\Boot::runCodeIgniter(Object(CodeIgniter\CodeIgniter))
11 FCPATH\index.php(56): CodeIgniter\Boot::bootWeb(Object(Config\Paths))
CRITICAL - 2024-06-14 14:42:58 --> Error: Call to a member function isValid() on null
[Method: GET, Route: dashboard/homepage/about/update/1]
in APPPATH\Controllers\Dashboard\HomePage_edit_about.php on line 48.
 1 SYSTEMPATH\CodeIgniter.php(933): App\Controllers\Dashboard\HomePage_edit_about->update_about_homepage('1')
 2 SYSTEMPATH\CodeIgniter.php(509): CodeIgniter\CodeIgniter->runController(Object(App\Controllers\Dashboard\HomePage_edit_about))
 3 SYSTEMPATH\CodeIgniter.php(355): CodeIgniter\CodeIgniter->handleRequest(null, Object(Config\Cache), false)
 4 SYSTEMPATH\Boot.php(312): CodeIgniter\CodeIgniter->run()
 5 SYSTEMPATH\Boot.php(67): CodeIgniter\Boot::runCodeIgniter(Object(CodeIgniter\CodeIgniter))
 6 FCPATH\index.php(56): CodeIgniter\Boot::bootWeb(Object(Config\Paths))
CRITICAL - 2024-06-14 14:43:18 --> Error: Call to a member function isValid() on null
[Method: GET, Route: dashboard/homepage/about/update/1]
in APPPATH\Controllers\Dashboard\HomePage_edit_about.php on line 48.
 1 SYSTEMPATH\CodeIgniter.php(933): App\Controllers\Dashboard\HomePage_edit_about->update_about_homepage('1')
 2 SYSTEMPATH\CodeIgniter.php(509): CodeIgniter\CodeIgniter->runController(Object(App\Controllers\Dashboard\HomePage_edit_about))
 3 SYSTEMPATH\CodeIgniter.php(355): CodeIgniter\CodeIgniter->handleRequest(null, Object(Config\Cache), false)
 4 SYSTEMPATH\Boot.php(312): CodeIgniter\CodeIgniter->run()
 5 SYSTEMPATH\Boot.php(67): CodeIgniter\Boot::runCodeIgniter(Object(CodeIgniter\CodeIgniter))
 6 FCPATH\index.php(56): CodeIgniter\Boot::bootWeb(Object(Config\Paths))
CRITICAL - 2024-06-14 14:43:19 --> Error: Call to a member function isValid() on null
[Method: GET, Route: dashboard/homepage/about/update/1]
in APPPATH\Controllers\Dashboard\HomePage_edit_about.php on line 48.
 1 SYSTEMPATH\CodeIgniter.php(933): App\Controllers\Dashboard\HomePage_edit_about->update_about_homepage('1')
 2 SYSTEMPATH\CodeIgniter.php(509): CodeIgniter\CodeIgniter->runController(Object(App\Controllers\Dashboard\HomePage_edit_about))
 3 SYSTEMPATH\CodeIgniter.php(355): CodeIgniter\CodeIgniter->handleRequest(null, Object(Config\Cache), false)
 4 SYSTEMPATH\Boot.php(312): CodeIgniter\CodeIgniter->run()
 5 SYSTEMPATH\Boot.php(67): CodeIgniter\Boot::runCodeIgniter(Object(CodeIgniter\CodeIgniter))
 6 FCPATH\index.php(56): CodeIgniter\Boot::bootWeb(Object(Config\Paths))
CRITICAL - 2024-06-14 14:43:20 --> Error: Call to a member function isValid() on null
[Method: GET, Route: dashboard/homepage/about/update/1]
in APPPATH\Controllers\Dashboard\HomePage_edit_about.php on line 48.
 1 SYSTEMPATH\CodeIgniter.php(933): App\Controllers\Dashboard\HomePage_edit_about->update_about_homepage('1')
 2 SYSTEMPATH\CodeIgniter.php(509): CodeIgniter\CodeIgniter->runController(Object(App\Controllers\Dashboard\HomePage_edit_about))
 3 SYSTEMPATH\CodeIgniter.php(355): CodeIgniter\CodeIgniter->handleRequest(null, Object(Config\Cache), false)
 4 SYSTEMPATH\Boot.php(312): CodeIgniter\CodeIgniter->run()
 5 SYSTEMPATH\Boot.php(67): CodeIgniter\Boot::runCodeIgniter(Object(CodeIgniter\CodeIgniter))
 6 FCPATH\index.php(56): CodeIgniter\Boot::bootWeb(Object(Config\Paths))
CRITICAL - 2024-06-14 14:43:20 --> Error: Call to a member function isValid() on null
[Method: GET, Route: dashboard/homepage/about/update/1]
in APPPATH\Controllers\Dashboard\HomePage_edit_about.php on line 48.
 1 SYSTEMPATH\CodeIgniter.php(933): App\Controllers\Dashboard\HomePage_edit_about->update_about_homepage('1')
 2 SYSTEMPATH\CodeIgniter.php(509): CodeIgniter\CodeIgniter->runController(Object(App\Controllers\Dashboard\HomePage_edit_about))
 3 SYSTEMPATH\CodeIgniter.php(355): CodeIgniter\CodeIgniter->handleRequest(null, Object(Config\Cache), false)
 4 SYSTEMPATH\Boot.php(312): CodeIgniter\CodeIgniter->run()
 5 SYSTEMPATH\Boot.php(67): CodeIgniter\Boot::runCodeIgniter(Object(CodeIgniter\CodeIgniter))
 6 FCPATH\index.php(56): CodeIgniter\Boot::bootWeb(Object(Config\Paths))
CRITICAL - 2024-06-14 14:43:20 --> Error: Call to a member function isValid() on null
[Method: GET, Route: dashboard/homepage/about/update/1]
in APPPATH\Controllers\Dashboard\HomePage_edit_about.php on line 48.
 1 SYSTEMPATH\CodeIgniter.php(933): App\Controllers\Dashboard\HomePage_edit_about->update_about_homepage('1')
 2 SYSTEMPATH\CodeIgniter.php(509): CodeIgniter\CodeIgniter->runController(Object(App\Controllers\Dashboard\HomePage_edit_about))
 3 SYSTEMPATH\CodeIgniter.php(355): CodeIgniter\CodeIgniter->handleRequest(null, Object(Config\Cache), false)
 4 SYSTEMPATH\Boot.php(312): CodeIgniter\CodeIgniter->run()
 5 SYSTEMPATH\Boot.php(67): CodeIgniter\Boot::runCodeIgniter(Object(CodeIgniter\CodeIgniter))
 6 FCPATH\index.php(56): CodeIgniter\Boot::bootWeb(Object(Config\Paths))
CRITICAL - 2024-06-14 14:43:20 --> Error: Call to a member function isValid() on null
[Method: GET, Route: dashboard/homepage/about/update/1]
in APPPATH\Controllers\Dashboard\HomePage_edit_about.php on line 48.
 1 SYSTEMPATH\CodeIgniter.php(933): App\Controllers\Dashboard\HomePage_edit_about->update_about_homepage('1')
 2 SYSTEMPATH\CodeIgniter.php(509): CodeIgniter\CodeIgniter->runController(Object(App\Controllers\Dashboard\HomePage_edit_about))
 3 SYSTEMPATH\CodeIgniter.php(355): CodeIgniter\CodeIgniter->handleRequest(null, Object(Config\Cache), false)
 4 SYSTEMPATH\Boot.php(312): CodeIgniter\CodeIgniter->run()
 5 SYSTEMPATH\Boot.php(67): CodeIgniter\Boot::runCodeIgniter(Object(CodeIgniter\CodeIgniter))
 6 FCPATH\index.php(56): CodeIgniter\Boot::bootWeb(Object(Config\Paths))
CRITICAL - 2024-06-14 14:43:20 --> Error: Call to a member function isValid() on null
[Method: GET, Route: dashboard/homepage/about/update/1]
in APPPATH\Controllers\Dashboard\HomePage_edit_about.php on line 48.
 1 SYSTEMPATH\CodeIgniter.php(933): App\Controllers\Dashboard\HomePage_edit_about->update_about_homepage('1')
 2 SYSTEMPATH\CodeIgniter.php(509): CodeIgniter\CodeIgniter->runController(Object(App\Controllers\Dashboard\HomePage_edit_about))
 3 SYSTEMPATH\CodeIgniter.php(355): CodeIgniter\CodeIgniter->handleRequest(null, Object(Config\Cache), false)
 4 SYSTEMPATH\Boot.php(312): CodeIgniter\CodeIgniter->run()
 5 SYSTEMPATH\Boot.php(67): CodeIgniter\Boot::runCodeIgniter(Object(CodeIgniter\CodeIgniter))
 6 FCPATH\index.php(56): CodeIgniter\Boot::bootWeb(Object(Config\Paths))
CRITICAL - 2024-06-14 14:43:21 --> Error: Call to a member function isValid() on null
[Method: GET, Route: dashboard/homepage/about/update/1]
in APPPATH\Controllers\Dashboard\HomePage_edit_about.php on line 48.
 1 SYSTEMPATH\CodeIgniter.php(933): App\Controllers\Dashboard\HomePage_edit_about->update_about_homepage('1')
 2 SYSTEMPATH\CodeIgniter.php(509): CodeIgniter\CodeIgniter->runController(Object(App\Controllers\Dashboard\HomePage_edit_about))
 3 SYSTEMPATH\CodeIgniter.php(355): CodeIgniter\CodeIgniter->handleRequest(null, Object(Config\Cache), false)
 4 SYSTEMPATH\Boot.php(312): CodeIgniter\CodeIgniter->run()
 5 SYSTEMPATH\Boot.php(67): CodeIgniter\Boot::runCodeIgniter(Object(CodeIgniter\CodeIgniter))
 6 FCPATH\index.php(56): CodeIgniter\Boot::bootWeb(Object(Config\Paths))
CRITICAL - 2024-06-14 14:43:21 --> Error: Call to a member function isValid() on null
[Method: GET, Route: dashboard/homepage/about/update/1]
in APPPATH\Controllers\Dashboard\HomePage_edit_about.php on line 48.
 1 SYSTEMPATH\CodeIgniter.php(933): App\Controllers\Dashboard\HomePage_edit_about->update_about_homepage('1')
 2 SYSTEMPATH\CodeIgniter.php(509): CodeIgniter\CodeIgniter->runController(Object(App\Controllers\Dashboard\HomePage_edit_about))
 3 SYSTEMPATH\CodeIgniter.php(355): CodeIgniter\CodeIgniter->handleRequest(null, Object(Config\Cache), false)
 4 SYSTEMPATH\Boot.php(312): CodeIgniter\CodeIgniter->run()
 5 SYSTEMPATH\Boot.php(67): CodeIgniter\Boot::runCodeIgniter(Object(CodeIgniter\CodeIgniter))
 6 FCPATH\index.php(56): CodeIgniter\Boot::bootWeb(Object(Config\Paths))
CRITICAL - 2024-06-14 14:43:44 --> Error: Call to a member function isValid() on null
[Method: GET, Route: dashboard/homepage/about/update/1]
in APPPATH\Controllers\Dashboard\HomePage_edit_about.php on line 48.
 1 SYSTEMPATH\CodeIgniter.php(933): App\Controllers\Dashboard\HomePage_edit_about->update_about_homepage('1')
 2 SYSTEMPATH\CodeIgniter.php(509): CodeIgniter\CodeIgniter->runController(Object(App\Controllers\Dashboard\HomePage_edit_about))
 3 SYSTEMPATH\CodeIgniter.php(355): CodeIgniter\CodeIgniter->handleRequest(null, Object(Config\Cache), false)
 4 SYSTEMPATH\Boot.php(312): CodeIgniter\CodeIgniter->run()
 5 SYSTEMPATH\Boot.php(67): CodeIgniter\Boot::runCodeIgniter(Object(CodeIgniter\CodeIgniter))
 6 FCPATH\index.php(56): CodeIgniter\Boot::bootWeb(Object(Config\Paths))
CRITICAL - 2024-06-14 14:52:30 --> Error: Call to a member function isValid() on null
[Method: GET, Route: dashboard/homepage/about/update/1]
in APPPATH\Controllers\Dashboard\HomePage_edit_about.php on line 48.
 1 SYSTEMPATH\CodeIgniter.php(933): App\Controllers\Dashboard\HomePage_edit_about->update_about_homepage('1')
 2 SYSTEMPATH\CodeIgniter.php(509): CodeIgniter\CodeIgniter->runController(Object(App\Controllers\Dashboard\HomePage_edit_about))
 3 SYSTEMPATH\CodeIgniter.php(355): CodeIgniter\CodeIgniter->handleRequest(null, Object(Config\Cache), false)
 4 SYSTEMPATH\Boot.php(312): CodeIgniter\CodeIgniter->run()
 5 SYSTEMPATH\Boot.php(67): CodeIgniter\Boot::runCodeIgniter(Object(CodeIgniter\CodeIgniter))
 6 FCPATH\index.php(56): CodeIgniter\Boot::bootWeb(Object(Config\Paths))
CRITICAL - 2024-06-14 14:52:38 --> Error: Call to a member function isValid() on null
[Method: GET, Route: dashboard/homepage/about/update/1]
in APPPATH\Controllers\Dashboard\HomePage_edit_about.php on line 48.
 1 SYSTEMPATH\CodeIgniter.php(933): App\Controllers\Dashboard\HomePage_edit_about->update_about_homepage('1')
 2 SYSTEMPATH\CodeIgniter.php(509): CodeIgniter\CodeIgniter->runController(Object(App\Controllers\Dashboard\HomePage_edit_about))
 3 SYSTEMPATH\CodeIgniter.php(355): CodeIgniter\CodeIgniter->handleRequest(null, Object(Config\Cache), false)
 4 SYSTEMPATH\Boot.php(312): CodeIgniter\CodeIgniter->run()
 5 SYSTEMPATH\Boot.php(67): CodeIgniter\Boot::runCodeIgniter(Object(CodeIgniter\CodeIgniter))
 6 FCPATH\index.php(56): CodeIgniter\Boot::bootWeb(Object(Config\Paths))
CRITICAL - 2024-06-14 14:52:44 --> Error: Call to a member function isValid() on null
[Method: GET, Route: dashboard/homepage/about/update/1]
in APPPATH\Controllers\Dashboard\HomePage_edit_about.php on line 48.
 1 SYSTEMPATH\CodeIgniter.php(933): App\Controllers\Dashboard\HomePage_edit_about->update_about_homepage('1')
 2 SYSTEMPATH\CodeIgniter.php(509): CodeIgniter\CodeIgniter->runController(Object(App\Controllers\Dashboard\HomePage_edit_about))
 3 SYSTEMPATH\CodeIgniter.php(355): CodeIgniter\CodeIgniter->handleRequest(null, Object(Config\Cache), false)
 4 SYSTEMPATH\Boot.php(312): CodeIgniter\CodeIgniter->run()
 5 SYSTEMPATH\Boot.php(67): CodeIgniter\Boot::runCodeIgniter(Object(CodeIgniter\CodeIgniter))
 6 FCPATH\index.php(56): CodeIgniter\Boot::bootWeb(Object(Config\Paths))
CRITICAL - 2024-06-14 14:52:59 --> Error: Call to a member function isValid() on null
[Method: GET, Route: dashboard/homepage/about/update/1]
in APPPATH\Controllers\Dashboard\HomePage_edit_about.php on line 48.
 1 SYSTEMPATH\CodeIgniter.php(933): App\Controllers\Dashboard\HomePage_edit_about->update_about_homepage('1')
 2 SYSTEMPATH\CodeIgniter.php(509): CodeIgniter\CodeIgniter->runController(Object(App\Controllers\Dashboard\HomePage_edit_about))
 3 SYSTEMPATH\CodeIgniter.php(355): CodeIgniter\CodeIgniter->handleRequest(null, Object(Config\Cache), false)
 4 SYSTEMPATH\Boot.php(312): CodeIgniter\CodeIgniter->run()
 5 SYSTEMPATH\Boot.php(67): CodeIgniter\Boot::runCodeIgniter(Object(CodeIgniter\CodeIgniter))
 6 FCPATH\index.php(56): CodeIgniter\Boot::bootWeb(Object(Config\Paths))
CRITICAL - 2024-06-14 15:18:58 --> ErrorException: Undefined array key "content"
[Method: GET, Route: dashboard/homepage/about]
in APPPATH\Views\dashboard\home_page\index_about.php on line 85.
 1 APPPATH\Views\dashboard\home_page\index_about.php(85): CodeIgniter\Debug\Exceptions->errorHandler(2, 'Undefined array key "content"', 'C:\\xampp\\htdocs\\pet-journey-agency\\app\\Views\\dashboard\\home_page\\index_about.php', 85)
 2 SYSTEMPATH\View\View.php(234): include('C:\\xampp\\htdocs\\pet-journey-agency\\app\\Views\\dashboard\\home_page\\index_about.php')
 3 SYSTEMPATH\View\View.php(237): CodeIgniter\View\View->CodeIgniter\View\{closure}()
 4 SYSTEMPATH\Common.php(1171): CodeIgniter\View\View->render('dashboard/home_page/index_about', [], true)
 5 APPPATH\Controllers\Dashboard\HomePage_edit_about.php(35): view('dashboard/home_page/index_about')
 6 SYSTEMPATH\CodeIgniter.php(933): App\Controllers\Dashboard\HomePage_edit_about->index()
 7 SYSTEMPATH\CodeIgniter.php(509): CodeIgniter\CodeIgniter->runController(Object(App\Controllers\Dashboard\HomePage_edit_about))
 8 SYSTEMPATH\CodeIgniter.php(355): CodeIgniter\CodeIgniter->handleRequest(null, Object(Config\Cache), false)
 9 SYSTEMPATH\Boot.php(312): CodeIgniter\CodeIgniter->run()
10 SYSTEMPATH\Boot.php(67): CodeIgniter\Boot::runCodeIgniter(Object(CodeIgniter\CodeIgniter))
11 FCPATH\index.php(56): CodeIgniter\Boot::bootWeb(Object(Config\Paths))
CRITICAL - 2024-06-14 16:34:39 --> ErrorException: unlink(C:\xampp\htdocs\pet-journey-agency\dist/video/about_video/1718357631_1fcc88e0c36e4d1b463c.mp4): Resource temporarily unavailable
[Method: POST, Route: dashboard/homepage/about/update/1/1718357631_1fcc88e0c36e4d1b463c.mp4]
in APPPATH\Controllers\Dashboard\HomePage_edit_about.php on line 54.
 1 [internal function]: CodeIgniter\Debug\Exceptions->errorHandler(2, 'unlink(C:\\xampp\\htdocs\\pet-journey-agency\\dist/video/about_video/1718357631_1fcc88e0c36e4d1b463c.mp4): Resource temporarily unavailable', 'C:\\xampp\\htdocs\\pet-journey-agency\\app\\Controllers\\Dashboard\\HomePage_edit_about.php', 54)
 2 APPPATH\Controllers\Dashboard\HomePage_edit_about.php(54): unlink('C:\\xampp\\htdocs\\pet-journey-agency\\dist/video/about_video/1718357631_1fcc88e0c36e4d1b463c.mp4')
 3 SYSTEMPATH\CodeIgniter.php(933): App\Controllers\Dashboard\HomePage_edit_about->update_about_homepage('1', '1718357631_1fcc88e0c36e4d1b463c.mp4')
 4 SYSTEMPATH\CodeIgniter.php(509): CodeIgniter\CodeIgniter->runController(Object(App\Controllers\Dashboard\HomePage_edit_about))
 5 SYSTEMPATH\CodeIgniter.php(355): CodeIgniter\CodeIgniter->handleRequest(null, Object(Config\Cache), false)
 6 SYSTEMPATH\Boot.php(312): CodeIgniter\CodeIgniter->run()
 7 SYSTEMPATH\Boot.php(67): CodeIgniter\Boot::runCodeIgniter(Object(CodeIgniter\CodeIgniter))
 8 FCPATH\index.php(56): CodeIgniter\Boot::bootWeb(Object(Config\Paths))
CRITICAL - 2024-06-14 16:40:24 --> Error: Object of class App\Models\AboutHomeModel could not be converted to string
[Method: POST, Route: dashboard/homepage/about/update/1/1718357946_81465947554125fa028a.mp4]
in APPPATH\Controllers\Dashboard\HomePage_edit_about.php on line 51.
 1 SYSTEMPATH\CodeIgniter.php(933): App\Controllers\Dashboard\HomePage_edit_about->update_about_homepage('1', '1718357946_81465947554125fa028a.mp4')
 2 SYSTEMPATH\CodeIgniter.php(509): CodeIgniter\CodeIgniter->runController(Object(App\Controllers\Dashboard\HomePage_edit_about))
 3 SYSTEMPATH\CodeIgniter.php(355): CodeIgniter\CodeIgniter->handleRequest(null, Object(Config\Cache), false)
 4 SYSTEMPATH\Boot.php(312): CodeIgniter\CodeIgniter->run()
 5 SYSTEMPATH\Boot.php(67): CodeIgniter\Boot::runCodeIgniter(Object(CodeIgniter\CodeIgniter))
 6 FCPATH\index.php(56): CodeIgniter\Boot::bootWeb(Object(Config\Paths))
CRITICAL - 2024-06-14 16:40:53 --> ErrorException: Undefined variable $path_video_old___
[Method: POST, Route: dashboard/homepage/about/update/1/1718357946_81465947554125fa028a.mp4]
in APPPATH\Controllers\Dashboard\HomePage_edit_about.php on line 51.
 1 APPPATH\Controllers\Dashboard\HomePage_edit_about.php(51): CodeIgniter\Debug\Exceptions->errorHandler(2, 'Undefined variable $path_video_old___', 'C:\\xampp\\htdocs\\pet-journey-agency\\app\\Controllers\\Dashboard\\HomePage_edit_about.php', 51)
 2 SYSTEMPATH\CodeIgniter.php(933): App\Controllers\Dashboard\HomePage_edit_about->update_about_homepage('1', '1718357946_81465947554125fa028a.mp4')
 3 SYSTEMPATH\CodeIgniter.php(509): CodeIgniter\CodeIgniter->runController(Object(App\Controllers\Dashboard\HomePage_edit_about))
 4 SYSTEMPATH\CodeIgniter.php(355): CodeIgniter\CodeIgniter->handleRequest(null, Object(Config\Cache), false)
 5 SYSTEMPATH\Boot.php(312): CodeIgniter\CodeIgniter->run()
 6 SYSTEMPATH\Boot.php(67): CodeIgniter\Boot::runCodeIgniter(Object(CodeIgniter\CodeIgniter))
 7 FCPATH\index.php(56): CodeIgniter\Boot::bootWeb(Object(Config\Paths))
CRITICAL - 2024-06-14 16:41:35 --> Error: Object of class App\Models\AboutHomeModel could not be converted to string
[Method: POST, Route: dashboard/homepage/about/update/1/1718358067_d70d52cc295e4208d50d.mp4]
in APPPATH\Controllers\Dashboard\HomePage_edit_about.php on line 51.
 1 SYSTEMPATH\CodeIgniter.php(933): App\Controllers\Dashboard\HomePage_edit_about->update_about_homepage('1', '1718358067_d70d52cc295e4208d50d.mp4')
 2 SYSTEMPATH\CodeIgniter.php(509): CodeIgniter\CodeIgniter->runController(Object(App\Controllers\Dashboard\HomePage_edit_about))
 3 SYSTEMPATH\CodeIgniter.php(355): CodeIgniter\CodeIgniter->handleRequest(null, Object(Config\Cache), false)
 4 SYSTEMPATH\Boot.php(312): CodeIgniter\CodeIgniter->run()
 5 SYSTEMPATH\Boot.php(67): CodeIgniter\Boot::runCodeIgniter(Object(CodeIgniter\CodeIgniter))
 6 FCPATH\index.php(56): CodeIgniter\Boot::bootWeb(Object(Config\Paths))
CRITICAL - 2024-06-14 16:42:01 --> ErrorException: Array to string conversion
[Method: POST, Route: dashboard/homepage/about/update/1/1718358067_d70d52cc295e4208d50d.mp4]
in APPPATH\Controllers\Dashboard\HomePage_edit_about.php on line 51.
 1 APPPATH\Controllers\Dashboard\HomePage_edit_about.php(51): CodeIgniter\Debug\Exceptions->errorHandler(2, 'Array to string conversion', 'C:\\xampp\\htdocs\\pet-journey-agency\\app\\Controllers\\Dashboard\\HomePage_edit_about.php', 51)
 2 SYSTEMPATH\CodeIgniter.php(933): App\Controllers\Dashboard\HomePage_edit_about->update_about_homepage('1', '1718358067_d70d52cc295e4208d50d.mp4')
 3 SYSTEMPATH\CodeIgniter.php(509): CodeIgniter\CodeIgniter->runController(Object(App\Controllers\Dashboard\HomePage_edit_about))
 4 SYSTEMPATH\CodeIgniter.php(355): CodeIgniter\CodeIgniter->handleRequest(null, Object(Config\Cache), false)
 5 SYSTEMPATH\Boot.php(312): CodeIgniter\CodeIgniter->run()
 6 SYSTEMPATH\Boot.php(67): CodeIgniter\Boot::runCodeIgniter(Object(CodeIgniter\CodeIgniter))
 7 FCPATH\index.php(56): CodeIgniter\Boot::bootWeb(Object(Config\Paths))
CRITICAL - 2024-06-14 16:42:21 --> ErrorException: Array to string conversion
[Method: POST, Route: dashboard/homepage/about/update/1/1718358067_d70d52cc295e4208d50d.mp4]
in APPPATH\Controllers\Dashboard\HomePage_edit_about.php on line 51.
 1 APPPATH\Controllers\Dashboard\HomePage_edit_about.php(51): CodeIgniter\Debug\Exceptions->errorHandler(2, 'Array to string conversion', 'C:\\xampp\\htdocs\\pet-journey-agency\\app\\Controllers\\Dashboard\\HomePage_edit_about.php', 51)
 2 SYSTEMPATH\CodeIgniter.php(933): App\Controllers\Dashboard\HomePage_edit_about->update_about_homepage('1', '1718358067_d70d52cc295e4208d50d.mp4')
 3 SYSTEMPATH\CodeIgniter.php(509): CodeIgniter\CodeIgniter->runController(Object(App\Controllers\Dashboard\HomePage_edit_about))
 4 SYSTEMPATH\CodeIgniter.php(355): CodeIgniter\CodeIgniter->handleRequest(null, Object(Config\Cache), false)
 5 SYSTEMPATH\Boot.php(312): CodeIgniter\CodeIgniter->run()
 6 SYSTEMPATH\Boot.php(67): CodeIgniter\Boot::runCodeIgniter(Object(CodeIgniter\CodeIgniter))
 7 FCPATH\index.php(56): CodeIgniter\Boot::bootWeb(Object(Config\Paths))
CRITICAL - 2024-06-14 16:46:19 --> ErrorException: rmdir(C:\xampp\htdocs\pet-journey-agency\dist/video/about_video/1/1718358336_d96f402b414365c1deff.mp4): Not a directory
[Method: POST, Route: dashboard/homepage/about/update/1/1718358336_d96f402b414365c1deff.mp4]
in APPPATH\Controllers\Dashboard\HomePage_edit_about.php on line 53.
 1 [internal function]: CodeIgniter\Debug\Exceptions->errorHandler(2, 'rmdir(C:\\xampp\\htdocs\\pet-journey-agency\\dist/video/about_video/1/1718358336_d96f402b414365c1deff.mp4): Not a directory', 'C:\\xampp\\htdocs\\pet-journey-agency\\app\\Controllers\\Dashboard\\HomePage_edit_about.php', 53)
 2 APPPATH\Controllers\Dashboard\HomePage_edit_about.php(53): rmdir('C:\\xampp\\htdocs\\pet-journey-agency\\dist/video/about_video/1/1718358336_d96f402b414365c1deff.mp4')
 3 SYSTEMPATH\CodeIgniter.php(933): App\Controllers\Dashboard\HomePage_edit_about->update_about_homepage('1', '1718358336_d96f402b414365c1deff.mp4')
 4 SYSTEMPATH\CodeIgniter.php(509): CodeIgniter\CodeIgniter->runController(Object(App\Controllers\Dashboard\HomePage_edit_about))
 5 SYSTEMPATH\CodeIgniter.php(355): CodeIgniter\CodeIgniter->handleRequest(null, Object(Config\Cache), false)
 6 SYSTEMPATH\Boot.php(312): CodeIgniter\CodeIgniter->run()
 7 SYSTEMPATH\Boot.php(67): CodeIgniter\Boot::runCodeIgniter(Object(CodeIgniter\CodeIgniter))
 8 FCPATH\index.php(56): CodeIgniter\Boot::bootWeb(Object(Config\Paths))
CRITICAL - 2024-06-14 16:47:18 --> ErrorException: rmdir(C:\xampp\htdocs\pet-journey-agency\dist/video/about_video/1718358412_457904261798a70b6ccd.mp4): Not a directory
[Method: POST, Route: dashboard/homepage/about/update/1/1718358412_457904261798a70b6ccd.mp4]
in APPPATH\Controllers\Dashboard\HomePage_edit_about.php on line 53.
 1 [internal function]: CodeIgniter\Debug\Exceptions->errorHandler(2, 'rmdir(C:\\xampp\\htdocs\\pet-journey-agency\\dist/video/about_video/1718358412_457904261798a70b6ccd.mp4): Not a directory', 'C:\\xampp\\htdocs\\pet-journey-agency\\app\\Controllers\\Dashboard\\HomePage_edit_about.php', 53)
 2 APPPATH\Controllers\Dashboard\HomePage_edit_about.php(53): rmdir('C:\\xampp\\htdocs\\pet-journey-agency\\dist/video/about_video/1718358412_457904261798a70b6ccd.mp4')
 3 SYSTEMPATH\CodeIgniter.php(933): App\Controllers\Dashboard\HomePage_edit_about->update_about_homepage('1', '1718358412_457904261798a70b6ccd.mp4')
 4 SYSTEMPATH\CodeIgniter.php(509): CodeIgniter\CodeIgniter->runController(Object(App\Controllers\Dashboard\HomePage_edit_about))
 5 SYSTEMPATH\CodeIgniter.php(355): CodeIgniter\CodeIgniter->handleRequest(null, Object(Config\Cache), false)
 6 SYSTEMPATH\Boot.php(312): CodeIgniter\CodeIgniter->run()
 7 SYSTEMPATH\Boot.php(67): CodeIgniter\Boot::runCodeIgniter(Object(CodeIgniter\CodeIgniter))
 8 FCPATH\index.php(56): CodeIgniter\Boot::bootWeb(Object(Config\Paths))
