CRITICAL - 2024-06-16 02:07:59 --> ErrorException: Undefined variable $partner
[Method: GET, Route: dashboard/homepage]
in APPPATH\Views\dashboard\public_dashboard\homepage.php on line 607.
 1 APPPATH\Views\dashboard\public_dashboard\homepage.php(607): CodeIgniter\Debug\Exceptions->errorHandler(2, 'Undefined variable $partner', 'D:\\xampp\\htdocs\\pet-journey-agency\\app\\Views\\dashboard\\public_dashboard\\homepage.php', 607)
 2 SYSTEMPATH\View\View.php(234): include('D:\\xampp\\htdocs\\pet-journey-agency\\app\\Views\\dashboard\\public_dashboard\\homepage.php')
 3 SYSTEMPATH\View\View.php(237): CodeIgniter\View\View->CodeIgniter\View\{closure}()
 4 SYSTEMPATH\Common.php(1171): CodeIgniter\View\View->render('dashboard/public_dashboard/homepage', [], true)
 5 APPPATH\Controllers\Dashboard\HomePage.php(29): view('dashboard/public_dashboard/homepage')
 6 SYSTEMPATH\CodeIgniter.php(933): App\Controllers\Dashboard\HomePage->index()
 7 SYSTEMPATH\CodeIgniter.php(509): CodeIgniter\CodeIgniter->runController(Object(App\Controllers\Dashboard\HomePage))
 8 SYSTEMPATH\CodeIgniter.php(355): CodeIgniter\CodeIgniter->handleRequest(null, Object(Config\Cache), false)
 9 SYSTEMPATH\Boot.php(312): CodeIgniter\CodeIgniter->run()
10 SYSTEMPATH\Boot.php(67): CodeIgniter\Boot::runCodeIgniter(Object(CodeIgniter\CodeIgniter))
11 FCPATH\index.php(56): CodeIgniter\Boot::bootWeb(Object(Config\Paths))
CRITICAL - 2024-06-16 08:45:38 --> ErrorException: Undefined variable $services
[Method: GET, Route: dashboard/homepage]
in APPPATH\Views\dashboard\public_dashboard\homepage.php on line 563.
 1 APPPATH\Views\dashboard\public_dashboard\homepage.php(563): CodeIgniter\Debug\Exceptions->errorHandler(2, 'Undefined variable $services', 'D:\\xampp\\htdocs\\pet-journey-agency\\app\\Views\\dashboard\\public_dashboard\\homepage.php', 563)
 2 SYSTEMPATH\View\View.php(234): include('D:\\xampp\\htdocs\\pet-journey-agency\\app\\Views\\dashboard\\public_dashboard\\homepage.php')
 3 SYSTEMPATH\View\View.php(237): CodeIgniter\View\View->CodeIgniter\View\{closure}()
 4 SYSTEMPATH\Common.php(1171): CodeIgniter\View\View->render('dashboard/public_dashboard/homepage', [], true)
 5 APPPATH\Controllers\Dashboard\HomePage.php(29): view('dashboard/public_dashboard/homepage')
 6 SYSTEMPATH\CodeIgniter.php(933): App\Controllers\Dashboard\HomePage->index()
 7 SYSTEMPATH\CodeIgniter.php(509): CodeIgniter\CodeIgniter->runController(Object(App\Controllers\Dashboard\HomePage))
 8 SYSTEMPATH\CodeIgniter.php(355): CodeIgniter\CodeIgniter->handleRequest(null, Object(Config\Cache), false)
 9 SYSTEMPATH\Boot.php(312): CodeIgniter\CodeIgniter->run()
10 SYSTEMPATH\Boot.php(67): CodeIgniter\Boot::runCodeIgniter(Object(CodeIgniter\CodeIgniter))
11 FCPATH\index.php(56): CodeIgniter\Boot::bootWeb(Object(Config\Paths))
CRITICAL - 2024-06-16 14:20:20 --> CodeIgniter\HTTP\Exceptions\BadRequestException: The URI you submitted has disallowed characters: "${review.image}"
[Method: GET, Route: $%7Breview.image%7D]
in SYSTEMPATH\Router\Router.php on line 736.
 1 SYSTEMPATH\Router\Router.php(203): CodeIgniter\Router\Router->checkDisallowedChars('${review.image}')
 2 SYSTEMPATH\CodeIgniter.php(834): CodeIgniter\Router\Router->handle('${review.image}')
 3 SYSTEMPATH\CodeIgniter.php(457): CodeIgniter\CodeIgniter->tryToRouteIt(Object(CodeIgniter\Router\RouteCollection))
 4 SYSTEMPATH\CodeIgniter.php(355): CodeIgniter\CodeIgniter->handleRequest(null, Object(Config\Cache), false)
 5 SYSTEMPATH\Boot.php(312): CodeIgniter\CodeIgniter->run()
 6 SYSTEMPATH\Boot.php(67): CodeIgniter\Boot::runCodeIgniter(Object(CodeIgniter\CodeIgniter))
 7 FCPATH\index.php(56): CodeIgniter\Boot::bootWeb(Object(Config\Paths))
CRITICAL - 2024-06-16 14:20:39 --> CodeIgniter\HTTP\Exceptions\BadRequestException: The URI you submitted has disallowed characters: "${review.image}"
[Method: GET, Route: $%7Breview.image%7D]
in SYSTEMPATH\Router\Router.php on line 736.
 1 SYSTEMPATH\Router\Router.php(203): CodeIgniter\Router\Router->checkDisallowedChars('${review.image}')
 2 SYSTEMPATH\CodeIgniter.php(834): CodeIgniter\Router\Router->handle('${review.image}')
 3 SYSTEMPATH\CodeIgniter.php(457): CodeIgniter\CodeIgniter->tryToRouteIt(Object(CodeIgniter\Router\RouteCollection))
 4 SYSTEMPATH\CodeIgniter.php(355): CodeIgniter\CodeIgniter->handleRequest(null, Object(Config\Cache), false)
 5 SYSTEMPATH\Boot.php(312): CodeIgniter\CodeIgniter->run()
 6 SYSTEMPATH\Boot.php(67): CodeIgniter\Boot::runCodeIgniter(Object(CodeIgniter\CodeIgniter))
 7 FCPATH\index.php(56): CodeIgniter\Boot::bootWeb(Object(Config\Paths))
CRITICAL - 2024-06-16 14:20:47 --> CodeIgniter\HTTP\Exceptions\BadRequestException: The URI you submitted has disallowed characters: "${review.image}"
[Method: GET, Route: $%7Breview.image%7D]
in SYSTEMPATH\Router\Router.php on line 736.
 1 SYSTEMPATH\Router\Router.php(203): CodeIgniter\Router\Router->checkDisallowedChars('${review.image}')
 2 SYSTEMPATH\CodeIgniter.php(834): CodeIgniter\Router\Router->handle('${review.image}')
 3 SYSTEMPATH\CodeIgniter.php(457): CodeIgniter\CodeIgniter->tryToRouteIt(Object(CodeIgniter\Router\RouteCollection))
 4 SYSTEMPATH\CodeIgniter.php(355): CodeIgniter\CodeIgniter->handleRequest(null, Object(Config\Cache), false)
 5 SYSTEMPATH\Boot.php(312): CodeIgniter\CodeIgniter->run()
 6 SYSTEMPATH\Boot.php(67): CodeIgniter\Boot::runCodeIgniter(Object(CodeIgniter\CodeIgniter))
 7 FCPATH\index.php(56): CodeIgniter\Boot::bootWeb(Object(Config\Paths))
CRITICAL - 2024-06-16 14:20:48 --> CodeIgniter\HTTP\Exceptions\BadRequestException: The URI you submitted has disallowed characters: "${review.image}"
[Method: GET, Route: $%7Breview.image%7D]
in SYSTEMPATH\Router\Router.php on line 736.
 1 SYSTEMPATH\Router\Router.php(203): CodeIgniter\Router\Router->checkDisallowedChars('${review.image}')
 2 SYSTEMPATH\CodeIgniter.php(834): CodeIgniter\Router\Router->handle('${review.image}')
 3 SYSTEMPATH\CodeIgniter.php(457): CodeIgniter\CodeIgniter->tryToRouteIt(Object(CodeIgniter\Router\RouteCollection))
 4 SYSTEMPATH\CodeIgniter.php(355): CodeIgniter\CodeIgniter->handleRequest(null, Object(Config\Cache), false)
 5 SYSTEMPATH\Boot.php(312): CodeIgniter\CodeIgniter->run()
 6 SYSTEMPATH\Boot.php(67): CodeIgniter\Boot::runCodeIgniter(Object(CodeIgniter\CodeIgniter))
 7 FCPATH\index.php(56): CodeIgniter\Boot::bootWeb(Object(Config\Paths))
CRITICAL - 2024-06-16 14:21:23 --> CodeIgniter\HTTP\Exceptions\BadRequestException: The URI you submitted has disallowed characters: "${review.image}"
[Method: GET, Route: $%7Breview.image%7D]
in SYSTEMPATH\Router\Router.php on line 736.
 1 SYSTEMPATH\Router\Router.php(203): CodeIgniter\Router\Router->checkDisallowedChars('${review.image}')
 2 SYSTEMPATH\CodeIgniter.php(834): CodeIgniter\Router\Router->handle('${review.image}')
 3 SYSTEMPATH\CodeIgniter.php(457): CodeIgniter\CodeIgniter->tryToRouteIt(Object(CodeIgniter\Router\RouteCollection))
 4 SYSTEMPATH\CodeIgniter.php(355): CodeIgniter\CodeIgniter->handleRequest(null, Object(Config\Cache), false)
 5 SYSTEMPATH\Boot.php(312): CodeIgniter\CodeIgniter->run()
 6 SYSTEMPATH\Boot.php(67): CodeIgniter\Boot::runCodeIgniter(Object(CodeIgniter\CodeIgniter))
 7 FCPATH\index.php(56): CodeIgniter\Boot::bootWeb(Object(Config\Paths))
CRITICAL - 2024-06-16 14:21:32 --> CodeIgniter\HTTP\Exceptions\BadRequestException: The URI you submitted has disallowed characters: "${review.image}"
[Method: GET, Route: $%7Breview.image%7D]
in SYSTEMPATH\Router\Router.php on line 736.
 1 SYSTEMPATH\Router\Router.php(203): CodeIgniter\Router\Router->checkDisallowedChars('${review.image}')
 2 SYSTEMPATH\CodeIgniter.php(834): CodeIgniter\Router\Router->handle('${review.image}')
 3 SYSTEMPATH\CodeIgniter.php(457): CodeIgniter\CodeIgniter->tryToRouteIt(Object(CodeIgniter\Router\RouteCollection))
 4 SYSTEMPATH\CodeIgniter.php(355): CodeIgniter\CodeIgniter->handleRequest(null, Object(Config\Cache), false)
 5 SYSTEMPATH\Boot.php(312): CodeIgniter\CodeIgniter->run()
 6 SYSTEMPATH\Boot.php(67): CodeIgniter\Boot::runCodeIgniter(Object(CodeIgniter\CodeIgniter))
 7 FCPATH\index.php(56): CodeIgniter\Boot::bootWeb(Object(Config\Paths))
CRITICAL - 2024-06-16 14:21:53 --> CodeIgniter\HTTP\Exceptions\BadRequestException: The URI you submitted has disallowed characters: "${review.image}"
[Method: GET, Route: $%7Breview.image%7D]
in SYSTEMPATH\Router\Router.php on line 736.
 1 SYSTEMPATH\Router\Router.php(203): CodeIgniter\Router\Router->checkDisallowedChars('${review.image}')
 2 SYSTEMPATH\CodeIgniter.php(834): CodeIgniter\Router\Router->handle('${review.image}')
 3 SYSTEMPATH\CodeIgniter.php(457): CodeIgniter\CodeIgniter->tryToRouteIt(Object(CodeIgniter\Router\RouteCollection))
 4 SYSTEMPATH\CodeIgniter.php(355): CodeIgniter\CodeIgniter->handleRequest(null, Object(Config\Cache), false)
 5 SYSTEMPATH\Boot.php(312): CodeIgniter\CodeIgniter->run()
 6 SYSTEMPATH\Boot.php(67): CodeIgniter\Boot::runCodeIgniter(Object(CodeIgniter\CodeIgniter))
 7 FCPATH\index.php(56): CodeIgniter\Boot::bootWeb(Object(Config\Paths))
CRITICAL - 2024-06-16 14:22:07 --> CodeIgniter\HTTP\Exceptions\BadRequestException: The URI you submitted has disallowed characters: "${review.image}"
[Method: GET, Route: $%7Breview.image%7D]
in SYSTEMPATH\Router\Router.php on line 736.
 1 SYSTEMPATH\Router\Router.php(203): CodeIgniter\Router\Router->checkDisallowedChars('${review.image}')
 2 SYSTEMPATH\CodeIgniter.php(834): CodeIgniter\Router\Router->handle('${review.image}')
 3 SYSTEMPATH\CodeIgniter.php(457): CodeIgniter\CodeIgniter->tryToRouteIt(Object(CodeIgniter\Router\RouteCollection))
 4 SYSTEMPATH\CodeIgniter.php(355): CodeIgniter\CodeIgniter->handleRequest(null, Object(Config\Cache), false)
 5 SYSTEMPATH\Boot.php(312): CodeIgniter\CodeIgniter->run()
 6 SYSTEMPATH\Boot.php(67): CodeIgniter\Boot::runCodeIgniter(Object(CodeIgniter\CodeIgniter))
 7 FCPATH\index.php(56): CodeIgniter\Boot::bootWeb(Object(Config\Paths))
CRITICAL - 2024-06-16 14:22:08 --> CodeIgniter\HTTP\Exceptions\BadRequestException: The URI you submitted has disallowed characters: "${review.image}"
[Method: GET, Route: $%7Breview.image%7D]
in SYSTEMPATH\Router\Router.php on line 736.
 1 SYSTEMPATH\Router\Router.php(203): CodeIgniter\Router\Router->checkDisallowedChars('${review.image}')
 2 SYSTEMPATH\CodeIgniter.php(834): CodeIgniter\Router\Router->handle('${review.image}')
 3 SYSTEMPATH\CodeIgniter.php(457): CodeIgniter\CodeIgniter->tryToRouteIt(Object(CodeIgniter\Router\RouteCollection))
 4 SYSTEMPATH\CodeIgniter.php(355): CodeIgniter\CodeIgniter->handleRequest(null, Object(Config\Cache), false)
 5 SYSTEMPATH\Boot.php(312): CodeIgniter\CodeIgniter->run()
 6 SYSTEMPATH\Boot.php(67): CodeIgniter\Boot::runCodeIgniter(Object(CodeIgniter\CodeIgniter))
 7 FCPATH\index.php(56): CodeIgniter\Boot::bootWeb(Object(Config\Paths))
CRITICAL - 2024-06-16 14:22:15 --> CodeIgniter\HTTP\Exceptions\BadRequestException: The URI you submitted has disallowed characters: "${review.image}"
[Method: GET, Route: $%7Breview.image%7D]
in SYSTEMPATH\Router\Router.php on line 736.
 1 SYSTEMPATH\Router\Router.php(203): CodeIgniter\Router\Router->checkDisallowedChars('${review.image}')
 2 SYSTEMPATH\CodeIgniter.php(834): CodeIgniter\Router\Router->handle('${review.image}')
 3 SYSTEMPATH\CodeIgniter.php(457): CodeIgniter\CodeIgniter->tryToRouteIt(Object(CodeIgniter\Router\RouteCollection))
 4 SYSTEMPATH\CodeIgniter.php(355): CodeIgniter\CodeIgniter->handleRequest(null, Object(Config\Cache), false)
 5 SYSTEMPATH\Boot.php(312): CodeIgniter\CodeIgniter->run()
 6 SYSTEMPATH\Boot.php(67): CodeIgniter\Boot::runCodeIgniter(Object(CodeIgniter\CodeIgniter))
 7 FCPATH\index.php(56): CodeIgniter\Boot::bootWeb(Object(Config\Paths))
CRITICAL - 2024-06-16 14:22:16 --> CodeIgniter\HTTP\Exceptions\BadRequestException: The URI you submitted has disallowed characters: "${review.image}"
[Method: GET, Route: $%7Breview.image%7D]
in SYSTEMPATH\Router\Router.php on line 736.
 1 SYSTEMPATH\Router\Router.php(203): CodeIgniter\Router\Router->checkDisallowedChars('${review.image}')
 2 SYSTEMPATH\CodeIgniter.php(834): CodeIgniter\Router\Router->handle('${review.image}')
 3 SYSTEMPATH\CodeIgniter.php(457): CodeIgniter\CodeIgniter->tryToRouteIt(Object(CodeIgniter\Router\RouteCollection))
 4 SYSTEMPATH\CodeIgniter.php(355): CodeIgniter\CodeIgniter->handleRequest(null, Object(Config\Cache), false)
 5 SYSTEMPATH\Boot.php(312): CodeIgniter\CodeIgniter->run()
 6 SYSTEMPATH\Boot.php(67): CodeIgniter\Boot::runCodeIgniter(Object(CodeIgniter\CodeIgniter))
 7 FCPATH\index.php(56): CodeIgniter\Boot::bootWeb(Object(Config\Paths))
CRITICAL - 2024-06-16 14:22:17 --> CodeIgniter\HTTP\Exceptions\BadRequestException: The URI you submitted has disallowed characters: "${review.image}"
[Method: GET, Route: $%7Breview.image%7D]
in SYSTEMPATH\Router\Router.php on line 736.
 1 SYSTEMPATH\Router\Router.php(203): CodeIgniter\Router\Router->checkDisallowedChars('${review.image}')
 2 SYSTEMPATH\CodeIgniter.php(834): CodeIgniter\Router\Router->handle('${review.image}')
 3 SYSTEMPATH\CodeIgniter.php(457): CodeIgniter\CodeIgniter->tryToRouteIt(Object(CodeIgniter\Router\RouteCollection))
 4 SYSTEMPATH\CodeIgniter.php(355): CodeIgniter\CodeIgniter->handleRequest(null, Object(Config\Cache), false)
 5 SYSTEMPATH\Boot.php(312): CodeIgniter\CodeIgniter->run()
 6 SYSTEMPATH\Boot.php(67): CodeIgniter\Boot::runCodeIgniter(Object(CodeIgniter\CodeIgniter))
 7 FCPATH\index.php(56): CodeIgniter\Boot::bootWeb(Object(Config\Paths))
CRITICAL - 2024-06-16 14:22:18 --> CodeIgniter\HTTP\Exceptions\BadRequestException: The URI you submitted has disallowed characters: "${review.image}"
[Method: GET, Route: $%7Breview.image%7D]
in SYSTEMPATH\Router\Router.php on line 736.
 1 SYSTEMPATH\Router\Router.php(203): CodeIgniter\Router\Router->checkDisallowedChars('${review.image}')
 2 SYSTEMPATH\CodeIgniter.php(834): CodeIgniter\Router\Router->handle('${review.image}')
 3 SYSTEMPATH\CodeIgniter.php(457): CodeIgniter\CodeIgniter->tryToRouteIt(Object(CodeIgniter\Router\RouteCollection))
 4 SYSTEMPATH\CodeIgniter.php(355): CodeIgniter\CodeIgniter->handleRequest(null, Object(Config\Cache), false)
 5 SYSTEMPATH\Boot.php(312): CodeIgniter\CodeIgniter->run()
 6 SYSTEMPATH\Boot.php(67): CodeIgniter\Boot::runCodeIgniter(Object(CodeIgniter\CodeIgniter))
 7 FCPATH\index.php(56): CodeIgniter\Boot::bootWeb(Object(Config\Paths))
CRITICAL - 2024-06-16 14:22:18 --> CodeIgniter\HTTP\Exceptions\BadRequestException: The URI you submitted has disallowed characters: "${review.image}"
[Method: GET, Route: $%7Breview.image%7D]
in SYSTEMPATH\Router\Router.php on line 736.
 1 SYSTEMPATH\Router\Router.php(203): CodeIgniter\Router\Router->checkDisallowedChars('${review.image}')
 2 SYSTEMPATH\CodeIgniter.php(834): CodeIgniter\Router\Router->handle('${review.image}')
 3 SYSTEMPATH\CodeIgniter.php(457): CodeIgniter\CodeIgniter->tryToRouteIt(Object(CodeIgniter\Router\RouteCollection))
 4 SYSTEMPATH\CodeIgniter.php(355): CodeIgniter\CodeIgniter->handleRequest(null, Object(Config\Cache), false)
 5 SYSTEMPATH\Boot.php(312): CodeIgniter\CodeIgniter->run()
 6 SYSTEMPATH\Boot.php(67): CodeIgniter\Boot::runCodeIgniter(Object(CodeIgniter\CodeIgniter))
 7 FCPATH\index.php(56): CodeIgniter\Boot::bootWeb(Object(Config\Paths))
CRITICAL - 2024-06-16 14:22:23 --> CodeIgniter\HTTP\Exceptions\BadRequestException: The URI you submitted has disallowed characters: "${review.image}"
[Method: GET, Route: $%7Breview.image%7D]
in SYSTEMPATH\Router\Router.php on line 736.
 1 SYSTEMPATH\Router\Router.php(203): CodeIgniter\Router\Router->checkDisallowedChars('${review.image}')
 2 SYSTEMPATH\CodeIgniter.php(834): CodeIgniter\Router\Router->handle('${review.image}')
 3 SYSTEMPATH\CodeIgniter.php(457): CodeIgniter\CodeIgniter->tryToRouteIt(Object(CodeIgniter\Router\RouteCollection))
 4 SYSTEMPATH\CodeIgniter.php(355): CodeIgniter\CodeIgniter->handleRequest(null, Object(Config\Cache), false)
 5 SYSTEMPATH\Boot.php(312): CodeIgniter\CodeIgniter->run()
 6 SYSTEMPATH\Boot.php(67): CodeIgniter\Boot::runCodeIgniter(Object(CodeIgniter\CodeIgniter))
 7 FCPATH\index.php(56): CodeIgniter\Boot::bootWeb(Object(Config\Paths))
CRITICAL - 2024-06-16 14:39:46 --> ErrorException: Undefined variable $review
[Method: GET, Route: dashboard/homepage]
in APPPATH\Views\dashboard\public_dashboard\homepage.php on line 1137.
 1 APPPATH\Views\dashboard\public_dashboard\homepage.php(1137): CodeIgniter\Debug\Exceptions->errorHandler(2, 'Undefined variable $review', 'D:\\xampp\\htdocs\\pet-journey-agency\\app\\Views\\dashboard\\public_dashboard\\homepage.php', 1137)
 2 SYSTEMPATH\View\View.php(234): include('D:\\xampp\\htdocs\\pet-journey-agency\\app\\Views\\dashboard\\public_dashboard\\homepage.php')
 3 SYSTEMPATH\View\View.php(237): CodeIgniter\View\View->CodeIgniter\View\{closure}()
 4 SYSTEMPATH\Common.php(1171): CodeIgniter\View\View->render('dashboard/public_dashboard/homepage', [], true)
 5 APPPATH\Controllers\Dashboard\HomePage.php(29): view('dashboard/public_dashboard/homepage')
 6 SYSTEMPATH\CodeIgniter.php(933): App\Controllers\Dashboard\HomePage->index()
 7 SYSTEMPATH\CodeIgniter.php(509): CodeIgniter\CodeIgniter->runController(Object(App\Controllers\Dashboard\HomePage))
 8 SYSTEMPATH\CodeIgniter.php(355): CodeIgniter\CodeIgniter->handleRequest(null, Object(Config\Cache), false)
 9 SYSTEMPATH\Boot.php(312): CodeIgniter\CodeIgniter->run()
10 SYSTEMPATH\Boot.php(67): CodeIgniter\Boot::runCodeIgniter(Object(CodeIgniter\CodeIgniter))
11 FCPATH\index.php(56): CodeIgniter\Boot::bootWeb(Object(Config\Paths))
CRITICAL - 2024-06-16 14:40:03 --> ErrorException: Undefined variable $review
[Method: GET, Route: dashboard/homepage]
in APPPATH\Views\dashboard\public_dashboard\homepage.php on line 1137.
 1 APPPATH\Views\dashboard\public_dashboard\homepage.php(1137): CodeIgniter\Debug\Exceptions->errorHandler(2, 'Undefined variable $review', 'D:\\xampp\\htdocs\\pet-journey-agency\\app\\Views\\dashboard\\public_dashboard\\homepage.php', 1137)
 2 SYSTEMPATH\View\View.php(234): include('D:\\xampp\\htdocs\\pet-journey-agency\\app\\Views\\dashboard\\public_dashboard\\homepage.php')
 3 SYSTEMPATH\View\View.php(237): CodeIgniter\View\View->CodeIgniter\View\{closure}()
 4 SYSTEMPATH\Common.php(1171): CodeIgniter\View\View->render('dashboard/public_dashboard/homepage', [], true)
 5 APPPATH\Controllers\Dashboard\HomePage.php(29): view('dashboard/public_dashboard/homepage')
 6 SYSTEMPATH\CodeIgniter.php(933): App\Controllers\Dashboard\HomePage->index()
 7 SYSTEMPATH\CodeIgniter.php(509): CodeIgniter\CodeIgniter->runController(Object(App\Controllers\Dashboard\HomePage))
 8 SYSTEMPATH\CodeIgniter.php(355): CodeIgniter\CodeIgniter->handleRequest(null, Object(Config\Cache), false)
 9 SYSTEMPATH\Boot.php(312): CodeIgniter\CodeIgniter->run()
10 SYSTEMPATH\Boot.php(67): CodeIgniter\Boot::runCodeIgniter(Object(CodeIgniter\CodeIgniter))
11 FCPATH\index.php(56): CodeIgniter\Boot::bootWeb(Object(Config\Paths))
CRITICAL - 2024-06-16 14:40:05 --> ErrorException: Undefined variable $review
[Method: GET, Route: dashboard/homepage]
in APPPATH\Views\dashboard\public_dashboard\homepage.php on line 1137.
 1 APPPATH\Views\dashboard\public_dashboard\homepage.php(1137): CodeIgniter\Debug\Exceptions->errorHandler(2, 'Undefined variable $review', 'D:\\xampp\\htdocs\\pet-journey-agency\\app\\Views\\dashboard\\public_dashboard\\homepage.php', 1137)
 2 SYSTEMPATH\View\View.php(234): include('D:\\xampp\\htdocs\\pet-journey-agency\\app\\Views\\dashboard\\public_dashboard\\homepage.php')
 3 SYSTEMPATH\View\View.php(237): CodeIgniter\View\View->CodeIgniter\View\{closure}()
 4 SYSTEMPATH\Common.php(1171): CodeIgniter\View\View->render('dashboard/public_dashboard/homepage', [], true)
 5 APPPATH\Controllers\Dashboard\HomePage.php(29): view('dashboard/public_dashboard/homepage')
 6 SYSTEMPATH\CodeIgniter.php(933): App\Controllers\Dashboard\HomePage->index()
 7 SYSTEMPATH\CodeIgniter.php(509): CodeIgniter\CodeIgniter->runController(Object(App\Controllers\Dashboard\HomePage))
 8 SYSTEMPATH\CodeIgniter.php(355): CodeIgniter\CodeIgniter->handleRequest(null, Object(Config\Cache), false)
 9 SYSTEMPATH\Boot.php(312): CodeIgniter\CodeIgniter->run()
10 SYSTEMPATH\Boot.php(67): CodeIgniter\Boot::runCodeIgniter(Object(CodeIgniter\CodeIgniter))
11 FCPATH\index.php(56): CodeIgniter\Boot::bootWeb(Object(Config\Paths))
CRITICAL - 2024-06-16 14:40:05 --> ErrorException: Undefined variable $review
[Method: GET, Route: dashboard/homepage]
in APPPATH\Views\dashboard\public_dashboard\homepage.php on line 1137.
 1 APPPATH\Views\dashboard\public_dashboard\homepage.php(1137): CodeIgniter\Debug\Exceptions->errorHandler(2, 'Undefined variable $review', 'D:\\xampp\\htdocs\\pet-journey-agency\\app\\Views\\dashboard\\public_dashboard\\homepage.php', 1137)
 2 SYSTEMPATH\View\View.php(234): include('D:\\xampp\\htdocs\\pet-journey-agency\\app\\Views\\dashboard\\public_dashboard\\homepage.php')
 3 SYSTEMPATH\View\View.php(237): CodeIgniter\View\View->CodeIgniter\View\{closure}()
 4 SYSTEMPATH\Common.php(1171): CodeIgniter\View\View->render('dashboard/public_dashboard/homepage', [], true)
 5 APPPATH\Controllers\Dashboard\HomePage.php(29): view('dashboard/public_dashboard/homepage')
 6 SYSTEMPATH\CodeIgniter.php(933): App\Controllers\Dashboard\HomePage->index()
 7 SYSTEMPATH\CodeIgniter.php(509): CodeIgniter\CodeIgniter->runController(Object(App\Controllers\Dashboard\HomePage))
 8 SYSTEMPATH\CodeIgniter.php(355): CodeIgniter\CodeIgniter->handleRequest(null, Object(Config\Cache), false)
 9 SYSTEMPATH\Boot.php(312): CodeIgniter\CodeIgniter->run()
10 SYSTEMPATH\Boot.php(67): CodeIgniter\Boot::runCodeIgniter(Object(CodeIgniter\CodeIgniter))
11 FCPATH\index.php(56): CodeIgniter\Boot::bootWeb(Object(Config\Paths))
CRITICAL - 2024-06-16 14:40:17 --> ErrorException: Undefined variable $review
[Method: GET, Route: dashboard/homepage]
in APPPATH\Views\dashboard\public_dashboard\homepage.php on line 1137.
 1 APPPATH\Views\dashboard\public_dashboard\homepage.php(1137): CodeIgniter\Debug\Exceptions->errorHandler(2, 'Undefined variable $review', 'D:\\xampp\\htdocs\\pet-journey-agency\\app\\Views\\dashboard\\public_dashboard\\homepage.php', 1137)
 2 SYSTEMPATH\View\View.php(234): include('D:\\xampp\\htdocs\\pet-journey-agency\\app\\Views\\dashboard\\public_dashboard\\homepage.php')
 3 SYSTEMPATH\View\View.php(237): CodeIgniter\View\View->CodeIgniter\View\{closure}()
 4 SYSTEMPATH\Common.php(1171): CodeIgniter\View\View->render('dashboard/public_dashboard/homepage', [], true)
 5 APPPATH\Controllers\Dashboard\HomePage.php(29): view('dashboard/public_dashboard/homepage')
 6 SYSTEMPATH\CodeIgniter.php(933): App\Controllers\Dashboard\HomePage->index()
 7 SYSTEMPATH\CodeIgniter.php(509): CodeIgniter\CodeIgniter->runController(Object(App\Controllers\Dashboard\HomePage))
 8 SYSTEMPATH\CodeIgniter.php(355): CodeIgniter\CodeIgniter->handleRequest(null, Object(Config\Cache), false)
 9 SYSTEMPATH\Boot.php(312): CodeIgniter\CodeIgniter->run()
10 SYSTEMPATH\Boot.php(67): CodeIgniter\Boot::runCodeIgniter(Object(CodeIgniter\CodeIgniter))
11 FCPATH\index.php(56): CodeIgniter\Boot::bootWeb(Object(Config\Paths))
CRITICAL - 2024-06-16 14:40:17 --> ErrorException: Undefined variable $review
[Method: GET, Route: dashboard/homepage]
in APPPATH\Views\dashboard\public_dashboard\homepage.php on line 1137.
 1 APPPATH\Views\dashboard\public_dashboard\homepage.php(1137): CodeIgniter\Debug\Exceptions->errorHandler(2, 'Undefined variable $review', 'D:\\xampp\\htdocs\\pet-journey-agency\\app\\Views\\dashboard\\public_dashboard\\homepage.php', 1137)
 2 SYSTEMPATH\View\View.php(234): include('D:\\xampp\\htdocs\\pet-journey-agency\\app\\Views\\dashboard\\public_dashboard\\homepage.php')
 3 SYSTEMPATH\View\View.php(237): CodeIgniter\View\View->CodeIgniter\View\{closure}()
 4 SYSTEMPATH\Common.php(1171): CodeIgniter\View\View->render('dashboard/public_dashboard/homepage', [], true)
 5 APPPATH\Controllers\Dashboard\HomePage.php(29): view('dashboard/public_dashboard/homepage')
 6 SYSTEMPATH\CodeIgniter.php(933): App\Controllers\Dashboard\HomePage->index()
 7 SYSTEMPATH\CodeIgniter.php(509): CodeIgniter\CodeIgniter->runController(Object(App\Controllers\Dashboard\HomePage))
 8 SYSTEMPATH\CodeIgniter.php(355): CodeIgniter\CodeIgniter->handleRequest(null, Object(Config\Cache), false)
 9 SYSTEMPATH\Boot.php(312): CodeIgniter\CodeIgniter->run()
10 SYSTEMPATH\Boot.php(67): CodeIgniter\Boot::runCodeIgniter(Object(CodeIgniter\CodeIgniter))
11 FCPATH\index.php(56): CodeIgniter\Boot::bootWeb(Object(Config\Paths))
CRITICAL - 2024-06-16 14:40:18 --> ErrorException: Undefined variable $review
[Method: GET, Route: dashboard/homepage]
in APPPATH\Views\dashboard\public_dashboard\homepage.php on line 1137.
 1 APPPATH\Views\dashboard\public_dashboard\homepage.php(1137): CodeIgniter\Debug\Exceptions->errorHandler(2, 'Undefined variable $review', 'D:\\xampp\\htdocs\\pet-journey-agency\\app\\Views\\dashboard\\public_dashboard\\homepage.php', 1137)
 2 SYSTEMPATH\View\View.php(234): include('D:\\xampp\\htdocs\\pet-journey-agency\\app\\Views\\dashboard\\public_dashboard\\homepage.php')
 3 SYSTEMPATH\View\View.php(237): CodeIgniter\View\View->CodeIgniter\View\{closure}()
 4 SYSTEMPATH\Common.php(1171): CodeIgniter\View\View->render('dashboard/public_dashboard/homepage', [], true)
 5 APPPATH\Controllers\Dashboard\HomePage.php(29): view('dashboard/public_dashboard/homepage')
 6 SYSTEMPATH\CodeIgniter.php(933): App\Controllers\Dashboard\HomePage->index()
 7 SYSTEMPATH\CodeIgniter.php(509): CodeIgniter\CodeIgniter->runController(Object(App\Controllers\Dashboard\HomePage))
 8 SYSTEMPATH\CodeIgniter.php(355): CodeIgniter\CodeIgniter->handleRequest(null, Object(Config\Cache), false)
 9 SYSTEMPATH\Boot.php(312): CodeIgniter\CodeIgniter->run()
10 SYSTEMPATH\Boot.php(67): CodeIgniter\Boot::runCodeIgniter(Object(CodeIgniter\CodeIgniter))
11 FCPATH\index.php(56): CodeIgniter\Boot::bootWeb(Object(Config\Paths))
CRITICAL - 2024-06-16 14:41:16 --> CodeIgniter\HTTP\Exceptions\BadRequestException: The URI you submitted has disallowed characters: "$review.image"
[Method: GET, Route: $review.image]
in SYSTEMPATH\Router\Router.php on line 736.
 1 SYSTEMPATH\Router\Router.php(203): CodeIgniter\Router\Router->checkDisallowedChars('$review.image')
 2 SYSTEMPATH\CodeIgniter.php(834): CodeIgniter\Router\Router->handle('$review.image')
 3 SYSTEMPATH\CodeIgniter.php(457): CodeIgniter\CodeIgniter->tryToRouteIt(Object(CodeIgniter\Router\RouteCollection))
 4 SYSTEMPATH\CodeIgniter.php(355): CodeIgniter\CodeIgniter->handleRequest(null, Object(Config\Cache), false)
 5 SYSTEMPATH\Boot.php(312): CodeIgniter\CodeIgniter->run()
 6 SYSTEMPATH\Boot.php(67): CodeIgniter\Boot::runCodeIgniter(Object(CodeIgniter\CodeIgniter))
 7 FCPATH\index.php(56): CodeIgniter\Boot::bootWeb(Object(Config\Paths))
CRITICAL - 2024-06-16 14:43:26 --> CodeIgniter\HTTP\Exceptions\BadRequestException: The URI you submitted has disallowed characters: "${review.image}"
[Method: GET, Route: $%7Breview.image%7D]
in SYSTEMPATH\Router\Router.php on line 736.
 1 SYSTEMPATH\Router\Router.php(203): CodeIgniter\Router\Router->checkDisallowedChars('${review.image}')
 2 SYSTEMPATH\CodeIgniter.php(834): CodeIgniter\Router\Router->handle('${review.image}')
 3 SYSTEMPATH\CodeIgniter.php(457): CodeIgniter\CodeIgniter->tryToRouteIt(Object(CodeIgniter\Router\RouteCollection))
 4 SYSTEMPATH\CodeIgniter.php(355): CodeIgniter\CodeIgniter->handleRequest(null, Object(Config\Cache), false)
 5 SYSTEMPATH\Boot.php(312): CodeIgniter\CodeIgniter->run()
 6 SYSTEMPATH\Boot.php(67): CodeIgniter\Boot::runCodeIgniter(Object(CodeIgniter\CodeIgniter))
 7 FCPATH\index.php(56): CodeIgniter\Boot::bootWeb(Object(Config\Paths))
