CRITICAL - 2024-06-20 15:22:15 --> ErrorException: include(path/to/your/slide.php): Failed to open stream: No such file or directory
[Method: GET, Route: dashboard/reviewpage]
in APPPATH\Views\dashboard\public_dashboard\reviewpage.php on line 15.
 1 APPPATH\Views\dashboard\public_dashboard\reviewpage.php(15): CodeIgniter\Debug\Exceptions->errorHandler(2, 'include(path/to/your/slide.php): Failed to open stream: No such file or directory', 'D:\\xampp\\htdocs\\pet-journey-agency\\app\\Views\\dashboard\\public_dashboard\\reviewpage.php', 15)
 2 APPPATH\Views\dashboard\public_dashboard\reviewpage.php(15): include()
 3 SYSTEMPATH\View\View.php(234): include('D:\\xampp\\htdocs\\pet-journey-agency\\app\\Views\\dashboard\\public_dashboard\\reviewpage.php')
 4 SYSTEMPATH\View\View.php(237): CodeIgniter\View\View->CodeIgniter\View\{closure}()
 5 SYSTEMPATH\Common.php(1171): CodeIgniter\View\View->render('dashboard/public_dashboard/reviewpage', [], true)
 6 APPPATH\Controllers\Dashboard\ReviewPage.php(29): view('dashboard/public_dashboard/reviewpage')
 7 SYSTEMPATH\CodeIgniter.php(933): App\Controllers\Dashboard\ReviewPage->index()
 8 SYSTEMPATH\CodeIgniter.php(509): CodeIgniter\CodeIgniter->runController(Object(App\Controllers\Dashboard\ReviewPage))
 9 SYSTEMPATH\CodeIgniter.php(355): CodeIgniter\CodeIgniter->handleRequest(null, Object(Config\Cache), false)
10 SYSTEMPATH\Boot.php(312): CodeIgniter\CodeIgniter->run()
11 SYSTEMPATH\Boot.php(67): CodeIgniter\Boot::runCodeIgniter(Object(CodeIgniter\CodeIgniter))
12 FCPATH\index.php(56): CodeIgniter\Boot::bootWeb(Object(Config\Paths))
CRITICAL - 2024-06-20 15:43:26 --> ErrorException: Undefined variable $reviews
[Method: GET, Route: dashboard/reviewpage]
in APPPATH\Views\dashboard\public_dashboard\reviewpage.php on line 95.
 1 APPPATH\Views\dashboard\public_dashboard\reviewpage.php(95): CodeIgniter\Debug\Exceptions->errorHandler(2, 'Undefined variable $reviews', 'D:\\xampp\\htdocs\\pet-journey-agency\\app\\Views\\dashboard\\public_dashboard\\reviewpage.php', 95)
 2 SYSTEMPATH\View\View.php(234): include('D:\\xampp\\htdocs\\pet-journey-agency\\app\\Views\\dashboard\\public_dashboard\\reviewpage.php')
 3 SYSTEMPATH\View\View.php(237): CodeIgniter\View\View->CodeIgniter\View\{closure}()
 4 SYSTEMPATH\Common.php(1171): CodeIgniter\View\View->render('dashboard/public_dashboard/reviewpage', [], true)
 5 APPPATH\Controllers\Dashboard\ReviewPage.php(29): view('dashboard/public_dashboard/reviewpage')
 6 SYSTEMPATH\CodeIgniter.php(933): App\Controllers\Dashboard\ReviewPage->index()
 7 SYSTEMPATH\CodeIgniter.php(509): CodeIgniter\CodeIgniter->runController(Object(App\Controllers\Dashboard\ReviewPage))
 8 SYSTEMPATH\CodeIgniter.php(355): CodeIgniter\CodeIgniter->handleRequest(null, Object(Config\Cache), false)
 9 SYSTEMPATH\Boot.php(312): CodeIgniter\CodeIgniter->run()
10 SYSTEMPATH\Boot.php(67): CodeIgniter\Boot::runCodeIgniter(Object(CodeIgniter\CodeIgniter))
11 FCPATH\index.php(56): CodeIgniter\Boot::bootWeb(Object(Config\Paths))
CRITICAL - 2024-06-20 15:53:59 --> ErrorException: include(D:\xampp\htdocs\pet-journey-agency\app\Views\dashboard\public_dashboard/../layout/slide.php): Failed to open stream: No such file or directory
[Method: GET, Route: dashboard/reviewpage]
in APPPATH\Views\dashboard\public_dashboard\reviewpage.php on line 111.
 1 APPPATH\Views\dashboard\public_dashboard\reviewpage.php(111): CodeIgniter\Debug\Exceptions->errorHandler(2, 'include(D:\\xampp\\htdocs\\pet-journey-agency\\app\\Views\\dashboard\\public_dashboard/../layout/slide.php): Failed to open stream: No such file or directory', 'D:\\xampp\\htdocs\\pet-journey-agency\\app\\Views\\dashboard\\public_dashboard\\reviewpage.php', 111)
 2 APPPATH\Views\dashboard\public_dashboard\reviewpage.php(111): include()
 3 SYSTEMPATH\View\View.php(234): include('D:\\xampp\\htdocs\\pet-journey-agency\\app\\Views\\dashboard\\public_dashboard\\reviewpage.php')
 4 SYSTEMPATH\View\View.php(237): CodeIgniter\View\View->CodeIgniter\View\{closure}()
 5 SYSTEMPATH\Common.php(1171): CodeIgniter\View\View->render('dashboard/public_dashboard/reviewpage', [], true)
 6 APPPATH\Controllers\Dashboard\ReviewPage.php(29): view('dashboard/public_dashboard/reviewpage')
 7 SYSTEMPATH\CodeIgniter.php(933): App\Controllers\Dashboard\ReviewPage->index()
 8 SYSTEMPATH\CodeIgniter.php(509): CodeIgniter\CodeIgniter->runController(Object(App\Controllers\Dashboard\ReviewPage))
 9 SYSTEMPATH\CodeIgniter.php(355): CodeIgniter\CodeIgniter->handleRequest(null, Object(Config\Cache), false)
10 SYSTEMPATH\Boot.php(312): CodeIgniter\CodeIgniter->run()
11 SYSTEMPATH\Boot.php(67): CodeIgniter\Boot::runCodeIgniter(Object(CodeIgniter\CodeIgniter))
12 FCPATH\index.php(56): CodeIgniter\Boot::bootWeb(Object(Config\Paths))
CRITICAL - 2024-06-20 16:00:04 --> ErrorException: include(D:\xampp\htdocs\pet-journey-agency\app\Views\dashboard\public_dashboard/../layout/slide.php): Failed to open stream: No such file or directory
[Method: GET, Route: dashboard/reviewpage]
in APPPATH\Views\dashboard\public_dashboard\reviewpage.php on line 115.
 1 APPPATH\Views\dashboard\public_dashboard\reviewpage.php(115): CodeIgniter\Debug\Exceptions->errorHandler(2, 'include(D:\\xampp\\htdocs\\pet-journey-agency\\app\\Views\\dashboard\\public_dashboard/../layout/slide.php): Failed to open stream: No such file or directory', 'D:\\xampp\\htdocs\\pet-journey-agency\\app\\Views\\dashboard\\public_dashboard\\reviewpage.php', 115)
 2 APPPATH\Views\dashboard\public_dashboard\reviewpage.php(115): include()
 3 SYSTEMPATH\View\View.php(234): include('D:\\xampp\\htdocs\\pet-journey-agency\\app\\Views\\dashboard\\public_dashboard\\reviewpage.php')
 4 SYSTEMPATH\View\View.php(237): CodeIgniter\View\View->CodeIgniter\View\{closure}()
 5 SYSTEMPATH\Common.php(1171): CodeIgniter\View\View->render('dashboard/public_dashboard/reviewpage', [], true)
 6 APPPATH\Controllers\Dashboard\ReviewPage.php(29): view('dashboard/public_dashboard/reviewpage')
 7 SYSTEMPATH\CodeIgniter.php(933): App\Controllers\Dashboard\ReviewPage->index()
 8 SYSTEMPATH\CodeIgniter.php(509): CodeIgniter\CodeIgniter->runController(Object(App\Controllers\Dashboard\ReviewPage))
 9 SYSTEMPATH\CodeIgniter.php(355): CodeIgniter\CodeIgniter->handleRequest(null, Object(Config\Cache), false)
10 SYSTEMPATH\Boot.php(312): CodeIgniter\CodeIgniter->run()
11 SYSTEMPATH\Boot.php(67): CodeIgniter\Boot::runCodeIgniter(Object(CodeIgniter\CodeIgniter))
12 FCPATH\index.php(56): CodeIgniter\Boot::bootWeb(Object(Config\Paths))
