CRITICAL - 2024-06-12 04:33:52 --> ErrorException: Undefined variable $filepath
[Method: GET, Route: dashboard/homepage/cover]
in APPPATH\Views\dashboard\home_page\cover\index_cover.php on line 162.
 1 APPPATH\Views\dashboard\home_page\cover\index_cover.php(162): CodeIgniter\Debug\Exceptions->errorHandler(2, 'Undefined variable $filepath', 'C:\\xampp\\htdocs\\pet-journey-agency\\app\\Views\\dashboard\\home_page\\cover\\index_cover.php', 162)
 2 SYSTEMPATH\View\View.php(234): include('C:\\xampp\\htdocs\\pet-journey-agency\\app\\Views\\dashboard\\home_page\\cover\\index_cover.php')
 3 SYSTEMPATH\View\View.php(237): CodeIgniter\View\View->CodeIgniter\View\{closure}()
 4 SYSTEMPATH\Common.php(1171): CodeIgniter\View\View->render('dashboard/home_page/cover/index_cover', [], true)
 5 APPPATH\Controllers\Dashboard\HomePage_edit_cover.php(29): view('dashboard/home_page/cover/index_cover')
 6 SYSTEMPATH\CodeIgniter.php(933): App\Controllers\Dashboard\HomePage_edit_cover->index()
 7 SYSTEMPATH\CodeIgniter.php(509): CodeIgniter\CodeIgniter->runController(Object(App\Controllers\Dashboard\HomePage_edit_cover))
 8 SYSTEMPATH\CodeIgniter.php(355): CodeIgniter\CodeIgniter->handleRequest(null, Object(Config\Cache), false)
 9 SYSTEMPATH\Boot.php(312): CodeIgniter\CodeIgniter->run()
10 SYSTEMPATH\Boot.php(67): CodeIgniter\Boot::runCodeIgniter(Object(CodeIgniter\CodeIgniter))
11 FCPATH\index.php(56): CodeIgniter\Boot::bootWeb(Object(Config\Paths))
CRITICAL - 2024-06-12 04:33:59 --> ErrorException: Undefined variable $uploaded_fileinfo
[Method: GET, Route: dashboard/homepage/cover]
in APPPATH\Views\dashboard\home_page\cover\index_cover.php on line 162.
 1 APPPATH\Views\dashboard\home_page\cover\index_cover.php(162): CodeIgniter\Debug\Exceptions->errorHandler(2, 'Undefined variable $uploaded_fileinfo', 'C:\\xampp\\htdocs\\pet-journey-agency\\app\\Views\\dashboard\\home_page\\cover\\index_cover.php', 162)
 2 SYSTEMPATH\View\View.php(234): include('C:\\xampp\\htdocs\\pet-journey-agency\\app\\Views\\dashboard\\home_page\\cover\\index_cover.php')
 3 SYSTEMPATH\View\View.php(237): CodeIgniter\View\View->CodeIgniter\View\{closure}()
 4 SYSTEMPATH\Common.php(1171): CodeIgniter\View\View->render('dashboard/home_page/cover/index_cover', [], true)
 5 APPPATH\Controllers\Dashboard\HomePage_edit_cover.php(29): view('dashboard/home_page/cover/index_cover')
 6 SYSTEMPATH\CodeIgniter.php(933): App\Controllers\Dashboard\HomePage_edit_cover->index()
 7 SYSTEMPATH\CodeIgniter.php(509): CodeIgniter\CodeIgniter->runController(Object(App\Controllers\Dashboard\HomePage_edit_cover))
 8 SYSTEMPATH\CodeIgniter.php(355): CodeIgniter\CodeIgniter->handleRequest(null, Object(Config\Cache), false)
 9 SYSTEMPATH\Boot.php(312): CodeIgniter\CodeIgniter->run()
10 SYSTEMPATH\Boot.php(67): CodeIgniter\Boot::runCodeIgniter(Object(CodeIgniter\CodeIgniter))
11 FCPATH\index.php(56): CodeIgniter\Boot::bootWeb(Object(Config\Paths))
