ERROR - 2024-06-24 10:30:48 --> mysqli_sql_exception: Column 'content' cannot be null in C:\xampp\htdocs\pet-journey-agency\vendor\codeigniter4\framework\system\Database\MySQLi\Connection.php:308
Stack trace:
#0 C:\xampp\htdocs\pet-journey-agency\vendor\codeigniter4\framework\system\Database\MySQLi\Connection.php(308): mysqli->query('INSERT INTO `se...', 0)
#1 C:\xampp\htdocs\pet-journey-agency\vendor\codeigniter4\framework\system\Database\BaseConnection.php(722): CodeIgniter\Database\MySQLi\Connection->execute('INSERT INTO `se...')
#2 C:\xampp\htdocs\pet-journey-agency\vendor\codeigniter4\framework\system\Database\BaseConnection.php(636): CodeIgniter\Database\BaseConnection->simpleQuery('INSERT INTO `se...')
#3 C:\xampp\htdocs\pet-journey-agency\vendor\codeigniter4\framework\system\Database\BaseBuilder.php(2325): CodeIgniter\Database\BaseConnection->query('INSERT INTO `se...', Array, false)
#4 C:\xampp\htdocs\pet-journey-agency\vendor\codeigniter4\framework\system\Model.php(383): CodeIgniter\Database\BaseBuilder->insert()
#5 C:\xampp\htdocs\pet-journey-agency\vendor\codeigniter4\framework\system\BaseModel.php(840): CodeIgniter\Model->doInsert(Array)
#6 C:\xampp\htdocs\pet-journey-agency\vendor\codeigniter4\framework\system\Model.php(791): CodeIgniter\BaseModel->insert(Array, true)
#7 C:\xampp\htdocs\pet-journey-agency\app\Controllers\Dashboard\ServiceDataController.php(351): CodeIgniter\Model->insert(Object(stdClass))
#8 C:\xampp\htdocs\pet-journey-agency\vendor\codeigniter4\framework\system\CodeIgniter.php(933): App\Controllers\Dashboard\ServiceDataController->create_service_content('3')
#9 C:\xampp\htdocs\pet-journey-agency\vendor\codeigniter4\framework\system\CodeIgniter.php(509): CodeIgniter\CodeIgniter->runController(Object(App\Controllers\Dashboard\ServiceDataController))
#10 C:\xampp\htdocs\pet-journey-agency\vendor\codeigniter4\framework\system\CodeIgniter.php(355): CodeIgniter\CodeIgniter->handleRequest(NULL, Object(Config\Cache), false)
#11 C:\xampp\htdocs\pet-journey-agency\vendor\codeigniter4\framework\system\Boot.php(312): CodeIgniter\CodeIgniter->run()
#12 C:\xampp\htdocs\pet-journey-agency\vendor\codeigniter4\framework\system\Boot.php(67): CodeIgniter\Boot::runCodeIgniter(Object(CodeIgniter\CodeIgniter))
#13 C:\xampp\htdocs\pet-journey-agency\index.php(56): CodeIgniter\Boot::bootWeb(Object(Config\Paths))
#14 {main}
CRITICAL - 2024-06-24 10:30:48 --> CodeIgniter\Database\Exceptions\DatabaseException: Column 'content' cannot be null
[Method: POST, Route: dashboard/service_content/create/3]
in SYSTEMPATH\Database\BaseConnection.php on line 676.
 1 SYSTEMPATH\Database\BaseBuilder.php(2325): CodeIgniter\Database\BaseConnection->query('INSERT INTO `service_content` (`content`, `language`, `id_partner`, `id_service_header`) VALUES (:content:, :language:, :id_partner:, :id_service_header:)', [...], false)
 2 SYSTEMPATH\Model.php(383): CodeIgniter\Database\BaseBuilder->insert()
 3 SYSTEMPATH\BaseModel.php(840): CodeIgniter\Model->doInsert([...])
 4 SYSTEMPATH\Model.php(791): CodeIgniter\BaseModel->insert([...], true)
 5 APPPATH\Controllers\Dashboard\ServiceDataController.php(351): CodeIgniter\Model->insert(Object(stdClass))
 6 SYSTEMPATH\CodeIgniter.php(933): App\Controllers\Dashboard\ServiceDataController->create_service_content('3')
 7 SYSTEMPATH\CodeIgniter.php(509): CodeIgniter\CodeIgniter->runController(Object(App\Controllers\Dashboard\ServiceDataController))
 8 SYSTEMPATH\CodeIgniter.php(355): CodeIgniter\CodeIgniter->handleRequest(null, Object(Config\Cache), false)
 9 SYSTEMPATH\Boot.php(312): CodeIgniter\CodeIgniter->run()
10 SYSTEMPATH\Boot.php(67): CodeIgniter\Boot::runCodeIgniter(Object(CodeIgniter\CodeIgniter))
11 FCPATH\index.php(56): CodeIgniter\Boot::bootWeb(Object(Config\Paths))
CRITICAL - 2024-06-24 10:30:48 --> [Caused by] CodeIgniter\Database\Exceptions\DatabaseException: Column 'content' cannot be null
in SYSTEMPATH\Database\MySQLi\Connection.php on line 313.
 1 SYSTEMPATH\Database\BaseConnection.php(722): CodeIgniter\Database\MySQLi\Connection->execute('INSERT INTO `service_content` (`content`, `language`, `id_partner`, `id_service_header`) VALUES (NULL, \'th\', \'1\', \'3\')')
 2 SYSTEMPATH\Database\BaseConnection.php(636): CodeIgniter\Database\BaseConnection->simpleQuery('INSERT INTO `service_content` (`content`, `language`, `id_partner`, `id_service_header`) VALUES (NULL, \'th\', \'1\', \'3\')')
 3 SYSTEMPATH\Database\BaseBuilder.php(2325): CodeIgniter\Database\BaseConnection->query('INSERT INTO `service_content` (`content`, `language`, `id_partner`, `id_service_header`) VALUES (:content:, :language:, :id_partner:, :id_service_header:)', [...], false)
 4 SYSTEMPATH\Model.php(383): CodeIgniter\Database\BaseBuilder->insert()
 5 SYSTEMPATH\BaseModel.php(840): CodeIgniter\Model->doInsert([...])
 6 SYSTEMPATH\Model.php(791): CodeIgniter\BaseModel->insert([...], true)
 7 APPPATH\Controllers\Dashboard\ServiceDataController.php(351): CodeIgniter\Model->insert(Object(stdClass))
 8 SYSTEMPATH\CodeIgniter.php(933): App\Controllers\Dashboard\ServiceDataController->create_service_content('3')
 9 SYSTEMPATH\CodeIgniter.php(509): CodeIgniter\CodeIgniter->runController(Object(App\Controllers\Dashboard\ServiceDataController))
10 SYSTEMPATH\CodeIgniter.php(355): CodeIgniter\CodeIgniter->handleRequest(null, Object(Config\Cache), false)
11 SYSTEMPATH\Boot.php(312): CodeIgniter\CodeIgniter->run()
12 SYSTEMPATH\Boot.php(67): CodeIgniter\Boot::runCodeIgniter(Object(CodeIgniter\CodeIgniter))
13 FCPATH\index.php(56): CodeIgniter\Boot::bootWeb(Object(Config\Paths))
CRITICAL - 2024-06-24 10:30:48 --> [Caused by] mysqli_sql_exception: Column 'content' cannot be null
in SYSTEMPATH\Database\MySQLi\Connection.php on line 308.
 1 SYSTEMPATH\Database\MySQLi\Connection.php(308): mysqli->query('INSERT INTO `service_content` (`content`, `language`, `id_partner`, `id_service_header`) VALUES (NULL, \'th\', \'1\', \'3\')', 0)
 2 SYSTEMPATH\Database\BaseConnection.php(722): CodeIgniter\Database\MySQLi\Connection->execute('INSERT INTO `service_content` (`content`, `language`, `id_partner`, `id_service_header`) VALUES (NULL, \'th\', \'1\', \'3\')')
 3 SYSTEMPATH\Database\BaseConnection.php(636): CodeIgniter\Database\BaseConnection->simpleQuery('INSERT INTO `service_content` (`content`, `language`, `id_partner`, `id_service_header`) VALUES (NULL, \'th\', \'1\', \'3\')')
 4 SYSTEMPATH\Database\BaseBuilder.php(2325): CodeIgniter\Database\BaseConnection->query('INSERT INTO `service_content` (`content`, `language`, `id_partner`, `id_service_header`) VALUES (:content:, :language:, :id_partner:, :id_service_header:)', [...], false)
 5 SYSTEMPATH\Model.php(383): CodeIgniter\Database\BaseBuilder->insert()
 6 SYSTEMPATH\BaseModel.php(840): CodeIgniter\Model->doInsert([...])
 7 SYSTEMPATH\Model.php(791): CodeIgniter\BaseModel->insert([...], true)
 8 APPPATH\Controllers\Dashboard\ServiceDataController.php(351): CodeIgniter\Model->insert(Object(stdClass))
 9 SYSTEMPATH\CodeIgniter.php(933): App\Controllers\Dashboard\ServiceDataController->create_service_content('3')
10 SYSTEMPATH\CodeIgniter.php(509): CodeIgniter\CodeIgniter->runController(Object(App\Controllers\Dashboard\ServiceDataController))
11 SYSTEMPATH\CodeIgniter.php(355): CodeIgniter\CodeIgniter->handleRequest(null, Object(Config\Cache), false)
12 SYSTEMPATH\Boot.php(312): CodeIgniter\CodeIgniter->run()
13 SYSTEMPATH\Boot.php(67): CodeIgniter\Boot::runCodeIgniter(Object(CodeIgniter\CodeIgniter))
14 FCPATH\index.php(56): CodeIgniter\Boot::bootWeb(Object(Config\Paths))
ERROR - 2024-06-24 10:36:00 --> mysqli_sql_exception: Column 'content' cannot be null in C:\xampp\htdocs\pet-journey-agency\vendor\codeigniter4\framework\system\Database\MySQLi\Connection.php:308
Stack trace:
#0 C:\xampp\htdocs\pet-journey-agency\vendor\codeigniter4\framework\system\Database\MySQLi\Connection.php(308): mysqli->query('INSERT INTO `se...', 0)
#1 C:\xampp\htdocs\pet-journey-agency\vendor\codeigniter4\framework\system\Database\BaseConnection.php(722): CodeIgniter\Database\MySQLi\Connection->execute('INSERT INTO `se...')
#2 C:\xampp\htdocs\pet-journey-agency\vendor\codeigniter4\framework\system\Database\BaseConnection.php(636): CodeIgniter\Database\BaseConnection->simpleQuery('INSERT INTO `se...')
#3 C:\xampp\htdocs\pet-journey-agency\vendor\codeigniter4\framework\system\Database\BaseBuilder.php(2325): CodeIgniter\Database\BaseConnection->query('INSERT INTO `se...', Array, false)
#4 C:\xampp\htdocs\pet-journey-agency\vendor\codeigniter4\framework\system\Model.php(383): CodeIgniter\Database\BaseBuilder->insert()
#5 C:\xampp\htdocs\pet-journey-agency\vendor\codeigniter4\framework\system\BaseModel.php(840): CodeIgniter\Model->doInsert(Array)
#6 C:\xampp\htdocs\pet-journey-agency\vendor\codeigniter4\framework\system\Model.php(791): CodeIgniter\BaseModel->insert(Array, true)
#7 C:\xampp\htdocs\pet-journey-agency\app\Controllers\Dashboard\ServiceDataController.php(351): CodeIgniter\Model->insert(Object(stdClass))
#8 C:\xampp\htdocs\pet-journey-agency\vendor\codeigniter4\framework\system\CodeIgniter.php(933): App\Controllers\Dashboard\ServiceDataController->create_service_content('3')
#9 C:\xampp\htdocs\pet-journey-agency\vendor\codeigniter4\framework\system\CodeIgniter.php(509): CodeIgniter\CodeIgniter->runController(Object(App\Controllers\Dashboard\ServiceDataController))
#10 C:\xampp\htdocs\pet-journey-agency\vendor\codeigniter4\framework\system\CodeIgniter.php(355): CodeIgniter\CodeIgniter->handleRequest(NULL, Object(Config\Cache), false)
#11 C:\xampp\htdocs\pet-journey-agency\vendor\codeigniter4\framework\system\Boot.php(312): CodeIgniter\CodeIgniter->run()
#12 C:\xampp\htdocs\pet-journey-agency\vendor\codeigniter4\framework\system\Boot.php(67): CodeIgniter\Boot::runCodeIgniter(Object(CodeIgniter\CodeIgniter))
#13 C:\xampp\htdocs\pet-journey-agency\index.php(56): CodeIgniter\Boot::bootWeb(Object(Config\Paths))
#14 {main}
CRITICAL - 2024-06-24 10:36:00 --> CodeIgniter\Database\Exceptions\DatabaseException: Column 'content' cannot be null
[Method: POST, Route: dashboard/service_content/create/3]
in SYSTEMPATH\Database\BaseConnection.php on line 676.
 1 SYSTEMPATH\Database\BaseBuilder.php(2325): CodeIgniter\Database\BaseConnection->query('INSERT INTO `service_content` (`id_service_header`, `content`, `language`, `id_partner`) VALUES (:id_service_header:, :content:, :language:, :id_partner:)', [...], false)
 2 SYSTEMPATH\Model.php(383): CodeIgniter\Database\BaseBuilder->insert()
 3 SYSTEMPATH\BaseModel.php(840): CodeIgniter\Model->doInsert([...])
 4 SYSTEMPATH\Model.php(791): CodeIgniter\BaseModel->insert([...], true)
 5 APPPATH\Controllers\Dashboard\ServiceDataController.php(351): CodeIgniter\Model->insert(Object(stdClass))
 6 SYSTEMPATH\CodeIgniter.php(933): App\Controllers\Dashboard\ServiceDataController->create_service_content('3')
 7 SYSTEMPATH\CodeIgniter.php(509): CodeIgniter\CodeIgniter->runController(Object(App\Controllers\Dashboard\ServiceDataController))
 8 SYSTEMPATH\CodeIgniter.php(355): CodeIgniter\CodeIgniter->handleRequest(null, Object(Config\Cache), false)
 9 SYSTEMPATH\Boot.php(312): CodeIgniter\CodeIgniter->run()
10 SYSTEMPATH\Boot.php(67): CodeIgniter\Boot::runCodeIgniter(Object(CodeIgniter\CodeIgniter))
11 FCPATH\index.php(56): CodeIgniter\Boot::bootWeb(Object(Config\Paths))
CRITICAL - 2024-06-24 10:36:00 --> [Caused by] CodeIgniter\Database\Exceptions\DatabaseException: Column 'content' cannot be null
in SYSTEMPATH\Database\MySQLi\Connection.php on line 313.
 1 SYSTEMPATH\Database\BaseConnection.php(722): CodeIgniter\Database\MySQLi\Connection->execute('INSERT INTO `service_content` (`id_service_header`, `content`, `language`, `id_partner`) VALUES (\'3\', NULL, \'th\', \'1\')')
 2 SYSTEMPATH\Database\BaseConnection.php(636): CodeIgniter\Database\BaseConnection->simpleQuery('INSERT INTO `service_content` (`id_service_header`, `content`, `language`, `id_partner`) VALUES (\'3\', NULL, \'th\', \'1\')')
 3 SYSTEMPATH\Database\BaseBuilder.php(2325): CodeIgniter\Database\BaseConnection->query('INSERT INTO `service_content` (`id_service_header`, `content`, `language`, `id_partner`) VALUES (:id_service_header:, :content:, :language:, :id_partner:)', [...], false)
 4 SYSTEMPATH\Model.php(383): CodeIgniter\Database\BaseBuilder->insert()
 5 SYSTEMPATH\BaseModel.php(840): CodeIgniter\Model->doInsert([...])
 6 SYSTEMPATH\Model.php(791): CodeIgniter\BaseModel->insert([...], true)
 7 APPPATH\Controllers\Dashboard\ServiceDataController.php(351): CodeIgniter\Model->insert(Object(stdClass))
 8 SYSTEMPATH\CodeIgniter.php(933): App\Controllers\Dashboard\ServiceDataController->create_service_content('3')
 9 SYSTEMPATH\CodeIgniter.php(509): CodeIgniter\CodeIgniter->runController(Object(App\Controllers\Dashboard\ServiceDataController))
10 SYSTEMPATH\CodeIgniter.php(355): CodeIgniter\CodeIgniter->handleRequest(null, Object(Config\Cache), false)
11 SYSTEMPATH\Boot.php(312): CodeIgniter\CodeIgniter->run()
12 SYSTEMPATH\Boot.php(67): CodeIgniter\Boot::runCodeIgniter(Object(CodeIgniter\CodeIgniter))
13 FCPATH\index.php(56): CodeIgniter\Boot::bootWeb(Object(Config\Paths))
CRITICAL - 2024-06-24 10:36:00 --> [Caused by] mysqli_sql_exception: Column 'content' cannot be null
in SYSTEMPATH\Database\MySQLi\Connection.php on line 308.
 1 SYSTEMPATH\Database\MySQLi\Connection.php(308): mysqli->query('INSERT INTO `service_content` (`id_service_header`, `content`, `language`, `id_partner`) VALUES (\'3\', NULL, \'th\', \'1\')', 0)
 2 SYSTEMPATH\Database\BaseConnection.php(722): CodeIgniter\Database\MySQLi\Connection->execute('INSERT INTO `service_content` (`id_service_header`, `content`, `language`, `id_partner`) VALUES (\'3\', NULL, \'th\', \'1\')')
 3 SYSTEMPATH\Database\BaseConnection.php(636): CodeIgniter\Database\BaseConnection->simpleQuery('INSERT INTO `service_content` (`id_service_header`, `content`, `language`, `id_partner`) VALUES (\'3\', NULL, \'th\', \'1\')')
 4 SYSTEMPATH\Database\BaseBuilder.php(2325): CodeIgniter\Database\BaseConnection->query('INSERT INTO `service_content` (`id_service_header`, `content`, `language`, `id_partner`) VALUES (:id_service_header:, :content:, :language:, :id_partner:)', [...], false)
 5 SYSTEMPATH\Model.php(383): CodeIgniter\Database\BaseBuilder->insert()
 6 SYSTEMPATH\BaseModel.php(840): CodeIgniter\Model->doInsert([...])
 7 SYSTEMPATH\Model.php(791): CodeIgniter\BaseModel->insert([...], true)
 8 APPPATH\Controllers\Dashboard\ServiceDataController.php(351): CodeIgniter\Model->insert(Object(stdClass))
 9 SYSTEMPATH\CodeIgniter.php(933): App\Controllers\Dashboard\ServiceDataController->create_service_content('3')
10 SYSTEMPATH\CodeIgniter.php(509): CodeIgniter\CodeIgniter->runController(Object(App\Controllers\Dashboard\ServiceDataController))
11 SYSTEMPATH\CodeIgniter.php(355): CodeIgniter\CodeIgniter->handleRequest(null, Object(Config\Cache), false)
12 SYSTEMPATH\Boot.php(312): CodeIgniter\CodeIgniter->run()
13 SYSTEMPATH\Boot.php(67): CodeIgniter\Boot::runCodeIgniter(Object(CodeIgniter\CodeIgniter))
14 FCPATH\index.php(56): CodeIgniter\Boot::bootWeb(Object(Config\Paths))
ERROR - 2024-06-24 10:36:23 --> mysqli_sql_exception: Column 'content' cannot be null in C:\xampp\htdocs\pet-journey-agency\vendor\codeigniter4\framework\system\Database\MySQLi\Connection.php:308
Stack trace:
#0 C:\xampp\htdocs\pet-journey-agency\vendor\codeigniter4\framework\system\Database\MySQLi\Connection.php(308): mysqli->query('INSERT INTO `se...', 0)
#1 C:\xampp\htdocs\pet-journey-agency\vendor\codeigniter4\framework\system\Database\BaseConnection.php(722): CodeIgniter\Database\MySQLi\Connection->execute('INSERT INTO `se...')
#2 C:\xampp\htdocs\pet-journey-agency\vendor\codeigniter4\framework\system\Database\BaseConnection.php(636): CodeIgniter\Database\BaseConnection->simpleQuery('INSERT INTO `se...')
#3 C:\xampp\htdocs\pet-journey-agency\vendor\codeigniter4\framework\system\Database\BaseBuilder.php(2325): CodeIgniter\Database\BaseConnection->query('INSERT INTO `se...', Array, false)
#4 C:\xampp\htdocs\pet-journey-agency\vendor\codeigniter4\framework\system\Model.php(383): CodeIgniter\Database\BaseBuilder->insert()
#5 C:\xampp\htdocs\pet-journey-agency\vendor\codeigniter4\framework\system\BaseModel.php(840): CodeIgniter\Model->doInsert(Array)
#6 C:\xampp\htdocs\pet-journey-agency\vendor\codeigniter4\framework\system\Model.php(791): CodeIgniter\BaseModel->insert(Array, true)
#7 C:\xampp\htdocs\pet-journey-agency\app\Controllers\Dashboard\ServiceDataController.php(351): CodeIgniter\Model->insert(Object(stdClass))
#8 C:\xampp\htdocs\pet-journey-agency\vendor\codeigniter4\framework\system\CodeIgniter.php(933): App\Controllers\Dashboard\ServiceDataController->create_service_content('3')
#9 C:\xampp\htdocs\pet-journey-agency\vendor\codeigniter4\framework\system\CodeIgniter.php(509): CodeIgniter\CodeIgniter->runController(Object(App\Controllers\Dashboard\ServiceDataController))
#10 C:\xampp\htdocs\pet-journey-agency\vendor\codeigniter4\framework\system\CodeIgniter.php(355): CodeIgniter\CodeIgniter->handleRequest(NULL, Object(Config\Cache), false)
#11 C:\xampp\htdocs\pet-journey-agency\vendor\codeigniter4\framework\system\Boot.php(312): CodeIgniter\CodeIgniter->run()
#12 C:\xampp\htdocs\pet-journey-agency\vendor\codeigniter4\framework\system\Boot.php(67): CodeIgniter\Boot::runCodeIgniter(Object(CodeIgniter\CodeIgniter))
#13 C:\xampp\htdocs\pet-journey-agency\index.php(56): CodeIgniter\Boot::bootWeb(Object(Config\Paths))
#14 {main}
CRITICAL - 2024-06-24 10:36:23 --> CodeIgniter\Database\Exceptions\DatabaseException: Column 'content' cannot be null
[Method: POST, Route: dashboard/service_content/create/3]
in SYSTEMPATH\Database\BaseConnection.php on line 676.
 1 SYSTEMPATH\Database\BaseBuilder.php(2325): CodeIgniter\Database\BaseConnection->query('INSERT INTO `service_content` (`id_service_header`, `content`, `language`) VALUES (:id_service_header:, :content:, :language:)', [...], false)
 2 SYSTEMPATH\Model.php(383): CodeIgniter\Database\BaseBuilder->insert()
 3 SYSTEMPATH\BaseModel.php(840): CodeIgniter\Model->doInsert([...])
 4 SYSTEMPATH\Model.php(791): CodeIgniter\BaseModel->insert([...], true)
 5 APPPATH\Controllers\Dashboard\ServiceDataController.php(351): CodeIgniter\Model->insert(Object(stdClass))
 6 SYSTEMPATH\CodeIgniter.php(933): App\Controllers\Dashboard\ServiceDataController->create_service_content('3')
 7 SYSTEMPATH\CodeIgniter.php(509): CodeIgniter\CodeIgniter->runController(Object(App\Controllers\Dashboard\ServiceDataController))
 8 SYSTEMPATH\CodeIgniter.php(355): CodeIgniter\CodeIgniter->handleRequest(null, Object(Config\Cache), false)
 9 SYSTEMPATH\Boot.php(312): CodeIgniter\CodeIgniter->run()
10 SYSTEMPATH\Boot.php(67): CodeIgniter\Boot::runCodeIgniter(Object(CodeIgniter\CodeIgniter))
11 FCPATH\index.php(56): CodeIgniter\Boot::bootWeb(Object(Config\Paths))
CRITICAL - 2024-06-24 10:36:23 --> [Caused by] CodeIgniter\Database\Exceptions\DatabaseException: Column 'content' cannot be null
in SYSTEMPATH\Database\MySQLi\Connection.php on line 313.
 1 SYSTEMPATH\Database\BaseConnection.php(722): CodeIgniter\Database\MySQLi\Connection->execute('INSERT INTO `service_content` (`id_service_header`, `content`, `language`) VALUES (\'3\', NULL, \'th\')')
 2 SYSTEMPATH\Database\BaseConnection.php(636): CodeIgniter\Database\BaseConnection->simpleQuery('INSERT INTO `service_content` (`id_service_header`, `content`, `language`) VALUES (\'3\', NULL, \'th\')')
 3 SYSTEMPATH\Database\BaseBuilder.php(2325): CodeIgniter\Database\BaseConnection->query('INSERT INTO `service_content` (`id_service_header`, `content`, `language`) VALUES (:id_service_header:, :content:, :language:)', [...], false)
 4 SYSTEMPATH\Model.php(383): CodeIgniter\Database\BaseBuilder->insert()
 5 SYSTEMPATH\BaseModel.php(840): CodeIgniter\Model->doInsert([...])
 6 SYSTEMPATH\Model.php(791): CodeIgniter\BaseModel->insert([...], true)
 7 APPPATH\Controllers\Dashboard\ServiceDataController.php(351): CodeIgniter\Model->insert(Object(stdClass))
 8 SYSTEMPATH\CodeIgniter.php(933): App\Controllers\Dashboard\ServiceDataController->create_service_content('3')
 9 SYSTEMPATH\CodeIgniter.php(509): CodeIgniter\CodeIgniter->runController(Object(App\Controllers\Dashboard\ServiceDataController))
10 SYSTEMPATH\CodeIgniter.php(355): CodeIgniter\CodeIgniter->handleRequest(null, Object(Config\Cache), false)
11 SYSTEMPATH\Boot.php(312): CodeIgniter\CodeIgniter->run()
12 SYSTEMPATH\Boot.php(67): CodeIgniter\Boot::runCodeIgniter(Object(CodeIgniter\CodeIgniter))
13 FCPATH\index.php(56): CodeIgniter\Boot::bootWeb(Object(Config\Paths))
CRITICAL - 2024-06-24 10:36:23 --> [Caused by] mysqli_sql_exception: Column 'content' cannot be null
in SYSTEMPATH\Database\MySQLi\Connection.php on line 308.
 1 SYSTEMPATH\Database\MySQLi\Connection.php(308): mysqli->query('INSERT INTO `service_content` (`id_service_header`, `content`, `language`) VALUES (\'3\', NULL, \'th\')', 0)
 2 SYSTEMPATH\Database\BaseConnection.php(722): CodeIgniter\Database\MySQLi\Connection->execute('INSERT INTO `service_content` (`id_service_header`, `content`, `language`) VALUES (\'3\', NULL, \'th\')')
 3 SYSTEMPATH\Database\BaseConnection.php(636): CodeIgniter\Database\BaseConnection->simpleQuery('INSERT INTO `service_content` (`id_service_header`, `content`, `language`) VALUES (\'3\', NULL, \'th\')')
 4 SYSTEMPATH\Database\BaseBuilder.php(2325): CodeIgniter\Database\BaseConnection->query('INSERT INTO `service_content` (`id_service_header`, `content`, `language`) VALUES (:id_service_header:, :content:, :language:)', [...], false)
 5 SYSTEMPATH\Model.php(383): CodeIgniter\Database\BaseBuilder->insert()
 6 SYSTEMPATH\BaseModel.php(840): CodeIgniter\Model->doInsert([...])
 7 SYSTEMPATH\Model.php(791): CodeIgniter\BaseModel->insert([...], true)
 8 APPPATH\Controllers\Dashboard\ServiceDataController.php(351): CodeIgniter\Model->insert(Object(stdClass))
 9 SYSTEMPATH\CodeIgniter.php(933): App\Controllers\Dashboard\ServiceDataController->create_service_content('3')
10 SYSTEMPATH\CodeIgniter.php(509): CodeIgniter\CodeIgniter->runController(Object(App\Controllers\Dashboard\ServiceDataController))
11 SYSTEMPATH\CodeIgniter.php(355): CodeIgniter\CodeIgniter->handleRequest(null, Object(Config\Cache), false)
12 SYSTEMPATH\Boot.php(312): CodeIgniter\CodeIgniter->run()
13 SYSTEMPATH\Boot.php(67): CodeIgniter\Boot::runCodeIgniter(Object(CodeIgniter\CodeIgniter))
14 FCPATH\index.php(56): CodeIgniter\Boot::bootWeb(Object(Config\Paths))
ERROR - 2024-06-24 10:36:29 --> mysqli_sql_exception: Column 'content' cannot be null in C:\xampp\htdocs\pet-journey-agency\vendor\codeigniter4\framework\system\Database\MySQLi\Connection.php:308
Stack trace:
#0 C:\xampp\htdocs\pet-journey-agency\vendor\codeigniter4\framework\system\Database\MySQLi\Connection.php(308): mysqli->query('INSERT INTO `se...', 0)
#1 C:\xampp\htdocs\pet-journey-agency\vendor\codeigniter4\framework\system\Database\BaseConnection.php(722): CodeIgniter\Database\MySQLi\Connection->execute('INSERT INTO `se...')
#2 C:\xampp\htdocs\pet-journey-agency\vendor\codeigniter4\framework\system\Database\BaseConnection.php(636): CodeIgniter\Database\BaseConnection->simpleQuery('INSERT INTO `se...')
#3 C:\xampp\htdocs\pet-journey-agency\vendor\codeigniter4\framework\system\Database\BaseBuilder.php(2325): CodeIgniter\Database\BaseConnection->query('INSERT INTO `se...', Array, false)
#4 C:\xampp\htdocs\pet-journey-agency\vendor\codeigniter4\framework\system\Model.php(383): CodeIgniter\Database\BaseBuilder->insert()
#5 C:\xampp\htdocs\pet-journey-agency\vendor\codeigniter4\framework\system\BaseModel.php(840): CodeIgniter\Model->doInsert(Array)
#6 C:\xampp\htdocs\pet-journey-agency\vendor\codeigniter4\framework\system\Model.php(791): CodeIgniter\BaseModel->insert(Array, true)
#7 C:\xampp\htdocs\pet-journey-agency\app\Controllers\Dashboard\ServiceDataController.php(351): CodeIgniter\Model->insert(Object(stdClass))
#8 C:\xampp\htdocs\pet-journey-agency\vendor\codeigniter4\framework\system\CodeIgniter.php(933): App\Controllers\Dashboard\ServiceDataController->create_service_content('3')
#9 C:\xampp\htdocs\pet-journey-agency\vendor\codeigniter4\framework\system\CodeIgniter.php(509): CodeIgniter\CodeIgniter->runController(Object(App\Controllers\Dashboard\ServiceDataController))
#10 C:\xampp\htdocs\pet-journey-agency\vendor\codeigniter4\framework\system\CodeIgniter.php(355): CodeIgniter\CodeIgniter->handleRequest(NULL, Object(Config\Cache), false)
#11 C:\xampp\htdocs\pet-journey-agency\vendor\codeigniter4\framework\system\Boot.php(312): CodeIgniter\CodeIgniter->run()
#12 C:\xampp\htdocs\pet-journey-agency\vendor\codeigniter4\framework\system\Boot.php(67): CodeIgniter\Boot::runCodeIgniter(Object(CodeIgniter\CodeIgniter))
#13 C:\xampp\htdocs\pet-journey-agency\index.php(56): CodeIgniter\Boot::bootWeb(Object(Config\Paths))
#14 {main}
CRITICAL - 2024-06-24 10:36:29 --> CodeIgniter\Database\Exceptions\DatabaseException: Column 'content' cannot be null
[Method: POST, Route: dashboard/service_content/create/3]
in SYSTEMPATH\Database\BaseConnection.php on line 676.
 1 SYSTEMPATH\Database\BaseBuilder.php(2325): CodeIgniter\Database\BaseConnection->query('INSERT INTO `service_content` (`id_service_header`, `content`, `id_partner`) VALUES (:id_service_header:, :content:, :id_partner:)', [...], false)
 2 SYSTEMPATH\Model.php(383): CodeIgniter\Database\BaseBuilder->insert()
 3 SYSTEMPATH\BaseModel.php(840): CodeIgniter\Model->doInsert([...])
 4 SYSTEMPATH\Model.php(791): CodeIgniter\BaseModel->insert([...], true)
 5 APPPATH\Controllers\Dashboard\ServiceDataController.php(351): CodeIgniter\Model->insert(Object(stdClass))
 6 SYSTEMPATH\CodeIgniter.php(933): App\Controllers\Dashboard\ServiceDataController->create_service_content('3')
 7 SYSTEMPATH\CodeIgniter.php(509): CodeIgniter\CodeIgniter->runController(Object(App\Controllers\Dashboard\ServiceDataController))
 8 SYSTEMPATH\CodeIgniter.php(355): CodeIgniter\CodeIgniter->handleRequest(null, Object(Config\Cache), false)
 9 SYSTEMPATH\Boot.php(312): CodeIgniter\CodeIgniter->run()
10 SYSTEMPATH\Boot.php(67): CodeIgniter\Boot::runCodeIgniter(Object(CodeIgniter\CodeIgniter))
11 FCPATH\index.php(56): CodeIgniter\Boot::bootWeb(Object(Config\Paths))
CRITICAL - 2024-06-24 10:36:29 --> [Caused by] CodeIgniter\Database\Exceptions\DatabaseException: Column 'content' cannot be null
in SYSTEMPATH\Database\MySQLi\Connection.php on line 313.
 1 SYSTEMPATH\Database\BaseConnection.php(722): CodeIgniter\Database\MySQLi\Connection->execute('INSERT INTO `service_content` (`id_service_header`, `content`, `id_partner`) VALUES (\'3\', NULL, \'1\')')
 2 SYSTEMPATH\Database\BaseConnection.php(636): CodeIgniter\Database\BaseConnection->simpleQuery('INSERT INTO `service_content` (`id_service_header`, `content`, `id_partner`) VALUES (\'3\', NULL, \'1\')')
 3 SYSTEMPATH\Database\BaseBuilder.php(2325): CodeIgniter\Database\BaseConnection->query('INSERT INTO `service_content` (`id_service_header`, `content`, `id_partner`) VALUES (:id_service_header:, :content:, :id_partner:)', [...], false)
 4 SYSTEMPATH\Model.php(383): CodeIgniter\Database\BaseBuilder->insert()
 5 SYSTEMPATH\BaseModel.php(840): CodeIgniter\Model->doInsert([...])
 6 SYSTEMPATH\Model.php(791): CodeIgniter\BaseModel->insert([...], true)
 7 APPPATH\Controllers\Dashboard\ServiceDataController.php(351): CodeIgniter\Model->insert(Object(stdClass))
 8 SYSTEMPATH\CodeIgniter.php(933): App\Controllers\Dashboard\ServiceDataController->create_service_content('3')
 9 SYSTEMPATH\CodeIgniter.php(509): CodeIgniter\CodeIgniter->runController(Object(App\Controllers\Dashboard\ServiceDataController))
10 SYSTEMPATH\CodeIgniter.php(355): CodeIgniter\CodeIgniter->handleRequest(null, Object(Config\Cache), false)
11 SYSTEMPATH\Boot.php(312): CodeIgniter\CodeIgniter->run()
12 SYSTEMPATH\Boot.php(67): CodeIgniter\Boot::runCodeIgniter(Object(CodeIgniter\CodeIgniter))
13 FCPATH\index.php(56): CodeIgniter\Boot::bootWeb(Object(Config\Paths))
CRITICAL - 2024-06-24 10:36:29 --> [Caused by] mysqli_sql_exception: Column 'content' cannot be null
in SYSTEMPATH\Database\MySQLi\Connection.php on line 308.
 1 SYSTEMPATH\Database\MySQLi\Connection.php(308): mysqli->query('INSERT INTO `service_content` (`id_service_header`, `content`, `id_partner`) VALUES (\'3\', NULL, \'1\')', 0)
 2 SYSTEMPATH\Database\BaseConnection.php(722): CodeIgniter\Database\MySQLi\Connection->execute('INSERT INTO `service_content` (`id_service_header`, `content`, `id_partner`) VALUES (\'3\', NULL, \'1\')')
 3 SYSTEMPATH\Database\BaseConnection.php(636): CodeIgniter\Database\BaseConnection->simpleQuery('INSERT INTO `service_content` (`id_service_header`, `content`, `id_partner`) VALUES (\'3\', NULL, \'1\')')
 4 SYSTEMPATH\Database\BaseBuilder.php(2325): CodeIgniter\Database\BaseConnection->query('INSERT INTO `service_content` (`id_service_header`, `content`, `id_partner`) VALUES (:id_service_header:, :content:, :id_partner:)', [...], false)
 5 SYSTEMPATH\Model.php(383): CodeIgniter\Database\BaseBuilder->insert()
 6 SYSTEMPATH\BaseModel.php(840): CodeIgniter\Model->doInsert([...])
 7 SYSTEMPATH\Model.php(791): CodeIgniter\BaseModel->insert([...], true)
 8 APPPATH\Controllers\Dashboard\ServiceDataController.php(351): CodeIgniter\Model->insert(Object(stdClass))
 9 SYSTEMPATH\CodeIgniter.php(933): App\Controllers\Dashboard\ServiceDataController->create_service_content('3')
10 SYSTEMPATH\CodeIgniter.php(509): CodeIgniter\CodeIgniter->runController(Object(App\Controllers\Dashboard\ServiceDataController))
11 SYSTEMPATH\CodeIgniter.php(355): CodeIgniter\CodeIgniter->handleRequest(null, Object(Config\Cache), false)
12 SYSTEMPATH\Boot.php(312): CodeIgniter\CodeIgniter->run()
13 SYSTEMPATH\Boot.php(67): CodeIgniter\Boot::runCodeIgniter(Object(CodeIgniter\CodeIgniter))
14 FCPATH\index.php(56): CodeIgniter\Boot::bootWeb(Object(Config\Paths))
ERROR - 2024-06-24 10:37:30 --> mysqli_sql_exception: Column 'content' cannot be null in C:\xampp\htdocs\pet-journey-agency\vendor\codeigniter4\framework\system\Database\MySQLi\Connection.php:308
Stack trace:
#0 C:\xampp\htdocs\pet-journey-agency\vendor\codeigniter4\framework\system\Database\MySQLi\Connection.php(308): mysqli->query('INSERT INTO `se...', 0)
#1 C:\xampp\htdocs\pet-journey-agency\vendor\codeigniter4\framework\system\Database\BaseConnection.php(722): CodeIgniter\Database\MySQLi\Connection->execute('INSERT INTO `se...')
#2 C:\xampp\htdocs\pet-journey-agency\vendor\codeigniter4\framework\system\Database\BaseConnection.php(636): CodeIgniter\Database\BaseConnection->simpleQuery('INSERT INTO `se...')
#3 C:\xampp\htdocs\pet-journey-agency\vendor\codeigniter4\framework\system\Database\BaseBuilder.php(2325): CodeIgniter\Database\BaseConnection->query('INSERT INTO `se...', Array, false)
#4 C:\xampp\htdocs\pet-journey-agency\vendor\codeigniter4\framework\system\Model.php(383): CodeIgniter\Database\BaseBuilder->insert()
#5 C:\xampp\htdocs\pet-journey-agency\vendor\codeigniter4\framework\system\BaseModel.php(840): CodeIgniter\Model->doInsert(Array)
#6 C:\xampp\htdocs\pet-journey-agency\vendor\codeigniter4\framework\system\Model.php(791): CodeIgniter\BaseModel->insert(Array, true)
#7 C:\xampp\htdocs\pet-journey-agency\app\Controllers\Dashboard\ServiceDataController.php(351): CodeIgniter\Model->insert(Object(stdClass))
#8 C:\xampp\htdocs\pet-journey-agency\vendor\codeigniter4\framework\system\CodeIgniter.php(933): App\Controllers\Dashboard\ServiceDataController->create_service_content('3')
#9 C:\xampp\htdocs\pet-journey-agency\vendor\codeigniter4\framework\system\CodeIgniter.php(509): CodeIgniter\CodeIgniter->runController(Object(App\Controllers\Dashboard\ServiceDataController))
#10 C:\xampp\htdocs\pet-journey-agency\vendor\codeigniter4\framework\system\CodeIgniter.php(355): CodeIgniter\CodeIgniter->handleRequest(NULL, Object(Config\Cache), false)
#11 C:\xampp\htdocs\pet-journey-agency\vendor\codeigniter4\framework\system\Boot.php(312): CodeIgniter\CodeIgniter->run()
#12 C:\xampp\htdocs\pet-journey-agency\vendor\codeigniter4\framework\system\Boot.php(67): CodeIgniter\Boot::runCodeIgniter(Object(CodeIgniter\CodeIgniter))
#13 C:\xampp\htdocs\pet-journey-agency\index.php(56): CodeIgniter\Boot::bootWeb(Object(Config\Paths))
#14 {main}
CRITICAL - 2024-06-24 10:37:30 --> CodeIgniter\Database\Exceptions\DatabaseException: Column 'content' cannot be null
[Method: POST, Route: dashboard/service_content/create/3]
in SYSTEMPATH\Database\BaseConnection.php on line 676.
 1 SYSTEMPATH\Database\BaseBuilder.php(2325): CodeIgniter\Database\BaseConnection->query('INSERT INTO `service_content` (`id_service_header`, `content`, `language`, `id_partner`) VALUES (:id_service_header:, :content:, :language:, :id_partner:)', [...], false)
 2 SYSTEMPATH\Model.php(383): CodeIgniter\Database\BaseBuilder->insert()
 3 SYSTEMPATH\BaseModel.php(840): CodeIgniter\Model->doInsert([...])
 4 SYSTEMPATH\Model.php(791): CodeIgniter\BaseModel->insert([...], true)
 5 APPPATH\Controllers\Dashboard\ServiceDataController.php(351): CodeIgniter\Model->insert(Object(stdClass))
 6 SYSTEMPATH\CodeIgniter.php(933): App\Controllers\Dashboard\ServiceDataController->create_service_content('3')
 7 SYSTEMPATH\CodeIgniter.php(509): CodeIgniter\CodeIgniter->runController(Object(App\Controllers\Dashboard\ServiceDataController))
 8 SYSTEMPATH\CodeIgniter.php(355): CodeIgniter\CodeIgniter->handleRequest(null, Object(Config\Cache), false)
 9 SYSTEMPATH\Boot.php(312): CodeIgniter\CodeIgniter->run()
10 SYSTEMPATH\Boot.php(67): CodeIgniter\Boot::runCodeIgniter(Object(CodeIgniter\CodeIgniter))
11 FCPATH\index.php(56): CodeIgniter\Boot::bootWeb(Object(Config\Paths))
CRITICAL - 2024-06-24 10:37:30 --> [Caused by] CodeIgniter\Database\Exceptions\DatabaseException: Column 'content' cannot be null
in SYSTEMPATH\Database\MySQLi\Connection.php on line 313.
 1 SYSTEMPATH\Database\BaseConnection.php(722): CodeIgniter\Database\MySQLi\Connection->execute('INSERT INTO `service_content` (`id_service_header`, `content`, `language`, `id_partner`) VALUES (\'3\', NULL, \'th\', \'0\')')
 2 SYSTEMPATH\Database\BaseConnection.php(636): CodeIgniter\Database\BaseConnection->simpleQuery('INSERT INTO `service_content` (`id_service_header`, `content`, `language`, `id_partner`) VALUES (\'3\', NULL, \'th\', \'0\')')
 3 SYSTEMPATH\Database\BaseBuilder.php(2325): CodeIgniter\Database\BaseConnection->query('INSERT INTO `service_content` (`id_service_header`, `content`, `language`, `id_partner`) VALUES (:id_service_header:, :content:, :language:, :id_partner:)', [...], false)
 4 SYSTEMPATH\Model.php(383): CodeIgniter\Database\BaseBuilder->insert()
 5 SYSTEMPATH\BaseModel.php(840): CodeIgniter\Model->doInsert([...])
 6 SYSTEMPATH\Model.php(791): CodeIgniter\BaseModel->insert([...], true)
 7 APPPATH\Controllers\Dashboard\ServiceDataController.php(351): CodeIgniter\Model->insert(Object(stdClass))
 8 SYSTEMPATH\CodeIgniter.php(933): App\Controllers\Dashboard\ServiceDataController->create_service_content('3')
 9 SYSTEMPATH\CodeIgniter.php(509): CodeIgniter\CodeIgniter->runController(Object(App\Controllers\Dashboard\ServiceDataController))
10 SYSTEMPATH\CodeIgniter.php(355): CodeIgniter\CodeIgniter->handleRequest(null, Object(Config\Cache), false)
11 SYSTEMPATH\Boot.php(312): CodeIgniter\CodeIgniter->run()
12 SYSTEMPATH\Boot.php(67): CodeIgniter\Boot::runCodeIgniter(Object(CodeIgniter\CodeIgniter))
13 FCPATH\index.php(56): CodeIgniter\Boot::bootWeb(Object(Config\Paths))
CRITICAL - 2024-06-24 10:37:30 --> [Caused by] mysqli_sql_exception: Column 'content' cannot be null
in SYSTEMPATH\Database\MySQLi\Connection.php on line 308.
 1 SYSTEMPATH\Database\MySQLi\Connection.php(308): mysqli->query('INSERT INTO `service_content` (`id_service_header`, `content`, `language`, `id_partner`) VALUES (\'3\', NULL, \'th\', \'0\')', 0)
 2 SYSTEMPATH\Database\BaseConnection.php(722): CodeIgniter\Database\MySQLi\Connection->execute('INSERT INTO `service_content` (`id_service_header`, `content`, `language`, `id_partner`) VALUES (\'3\', NULL, \'th\', \'0\')')
 3 SYSTEMPATH\Database\BaseConnection.php(636): CodeIgniter\Database\BaseConnection->simpleQuery('INSERT INTO `service_content` (`id_service_header`, `content`, `language`, `id_partner`) VALUES (\'3\', NULL, \'th\', \'0\')')
 4 SYSTEMPATH\Database\BaseBuilder.php(2325): CodeIgniter\Database\BaseConnection->query('INSERT INTO `service_content` (`id_service_header`, `content`, `language`, `id_partner`) VALUES (:id_service_header:, :content:, :language:, :id_partner:)', [...], false)
 5 SYSTEMPATH\Model.php(383): CodeIgniter\Database\BaseBuilder->insert()
 6 SYSTEMPATH\BaseModel.php(840): CodeIgniter\Model->doInsert([...])
 7 SYSTEMPATH\Model.php(791): CodeIgniter\BaseModel->insert([...], true)
 8 APPPATH\Controllers\Dashboard\ServiceDataController.php(351): CodeIgniter\Model->insert(Object(stdClass))
 9 SYSTEMPATH\CodeIgniter.php(933): App\Controllers\Dashboard\ServiceDataController->create_service_content('3')
10 SYSTEMPATH\CodeIgniter.php(509): CodeIgniter\CodeIgniter->runController(Object(App\Controllers\Dashboard\ServiceDataController))
11 SYSTEMPATH\CodeIgniter.php(355): CodeIgniter\CodeIgniter->handleRequest(null, Object(Config\Cache), false)
12 SYSTEMPATH\Boot.php(312): CodeIgniter\CodeIgniter->run()
13 SYSTEMPATH\Boot.php(67): CodeIgniter\Boot::runCodeIgniter(Object(CodeIgniter\CodeIgniter))
14 FCPATH\index.php(56): CodeIgniter\Boot::bootWeb(Object(Config\Paths))
CRITICAL - 2024-06-24 10:40:29 --> ErrorException: Trying to access array offset on value of type null
[Method: GET, Route: dashboard/service_content/3]
in APPPATH\Views\dashboard\service\index_content.php on line 77.
 1 APPPATH\Views\dashboard\service\index_content.php(77): CodeIgniter\Debug\Exceptions->errorHandler(2, 'Trying to access array offset on value of type null', 'C:\\xampp\\htdocs\\pet-journey-agency\\app\\Views\\dashboard\\service\\index_content.php', 77)
 2 SYSTEMPATH\View\View.php(234): include('C:\\xampp\\htdocs\\pet-journey-agency\\app\\Views\\dashboard\\service\\index_content.php')
 3 SYSTEMPATH\View\View.php(237): CodeIgniter\View\View->CodeIgniter\View\{closure}()
 4 SYSTEMPATH\Common.php(1171): CodeIgniter\View\View->render('dashboard/service/index_content', [], true)
 5 APPPATH\Controllers\Dashboard\ServiceDataController.php(338): view('dashboard/service/index_content', [...])
 6 SYSTEMPATH\CodeIgniter.php(933): App\Controllers\Dashboard\ServiceDataController->index_service_content('3')
 7 SYSTEMPATH\CodeIgniter.php(509): CodeIgniter\CodeIgniter->runController(Object(App\Controllers\Dashboard\ServiceDataController))
 8 SYSTEMPATH\CodeIgniter.php(355): CodeIgniter\CodeIgniter->handleRequest(null, Object(Config\Cache), false)
 9 SYSTEMPATH\Boot.php(312): CodeIgniter\CodeIgniter->run()
10 SYSTEMPATH\Boot.php(67): CodeIgniter\Boot::runCodeIgniter(Object(CodeIgniter\CodeIgniter))
11 FCPATH\index.php(56): CodeIgniter\Boot::bootWeb(Object(Config\Paths))
CRITICAL - 2024-06-24 10:40:59 --> ErrorException: Undefined array key "content"
[Method: GET, Route: dashboard/service_content/3]
in APPPATH\Views\dashboard\service\index_content.php on line 77.
 1 APPPATH\Views\dashboard\service\index_content.php(77): CodeIgniter\Debug\Exceptions->errorHandler(2, 'Undefined array key "content"', 'C:\\xampp\\htdocs\\pet-journey-agency\\app\\Views\\dashboard\\service\\index_content.php', 77)
 2 SYSTEMPATH\View\View.php(234): include('C:\\xampp\\htdocs\\pet-journey-agency\\app\\Views\\dashboard\\service\\index_content.php')
 3 SYSTEMPATH\View\View.php(237): CodeIgniter\View\View->CodeIgniter\View\{closure}()
 4 SYSTEMPATH\Common.php(1171): CodeIgniter\View\View->render('dashboard/service/index_content', [], true)
 5 APPPATH\Controllers\Dashboard\ServiceDataController.php(338): view('dashboard/service/index_content', [...])
 6 SYSTEMPATH\CodeIgniter.php(933): App\Controllers\Dashboard\ServiceDataController->index_service_content('3')
 7 SYSTEMPATH\CodeIgniter.php(509): CodeIgniter\CodeIgniter->runController(Object(App\Controllers\Dashboard\ServiceDataController))
 8 SYSTEMPATH\CodeIgniter.php(355): CodeIgniter\CodeIgniter->handleRequest(null, Object(Config\Cache), false)
 9 SYSTEMPATH\Boot.php(312): CodeIgniter\CodeIgniter->run()
10 SYSTEMPATH\Boot.php(67): CodeIgniter\Boot::runCodeIgniter(Object(CodeIgniter\CodeIgniter))
11 FCPATH\index.php(56): CodeIgniter\Boot::bootWeb(Object(Config\Paths))
CRITICAL - 2024-06-24 10:42:17 --> ErrorException: Undefined array key "partner"
[Method: GET, Route: dashboard/service_content/3]
in APPPATH\Views\dashboard\service\index_content.php on line 120.
 1 APPPATH\Views\dashboard\service\index_content.php(120): CodeIgniter\Debug\Exceptions->errorHandler(2, 'Undefined array key "partner"', 'C:\\xampp\\htdocs\\pet-journey-agency\\app\\Views\\dashboard\\service\\index_content.php', 120)
 2 SYSTEMPATH\View\View.php(234): include('C:\\xampp\\htdocs\\pet-journey-agency\\app\\Views\\dashboard\\service\\index_content.php')
 3 SYSTEMPATH\View\View.php(237): CodeIgniter\View\View->CodeIgniter\View\{closure}()
 4 SYSTEMPATH\Common.php(1171): CodeIgniter\View\View->render('dashboard/service/index_content', [], true)
 5 APPPATH\Controllers\Dashboard\ServiceDataController.php(338): view('dashboard/service/index_content', [...])
 6 SYSTEMPATH\CodeIgniter.php(933): App\Controllers\Dashboard\ServiceDataController->index_service_content('3')
 7 SYSTEMPATH\CodeIgniter.php(509): CodeIgniter\CodeIgniter->runController(Object(App\Controllers\Dashboard\ServiceDataController))
 8 SYSTEMPATH\CodeIgniter.php(355): CodeIgniter\CodeIgniter->handleRequest(null, Object(Config\Cache), false)
 9 SYSTEMPATH\Boot.php(312): CodeIgniter\CodeIgniter->run()
10 SYSTEMPATH\Boot.php(67): CodeIgniter\Boot::runCodeIgniter(Object(CodeIgniter\CodeIgniter))
11 FCPATH\index.php(56): CodeIgniter\Boot::bootWeb(Object(Config\Paths))
CRITICAL - 2024-06-24 10:42:25 --> ErrorException: Undefined array key "id_partner"
[Method: GET, Route: dashboard/service_content/3]
in APPPATH\Views\dashboard\service\index_content.php on line 120.
 1 APPPATH\Views\dashboard\service\index_content.php(120): CodeIgniter\Debug\Exceptions->errorHandler(2, 'Undefined array key "id_partner"', 'C:\\xampp\\htdocs\\pet-journey-agency\\app\\Views\\dashboard\\service\\index_content.php', 120)
 2 SYSTEMPATH\View\View.php(234): include('C:\\xampp\\htdocs\\pet-journey-agency\\app\\Views\\dashboard\\service\\index_content.php')
 3 SYSTEMPATH\View\View.php(237): CodeIgniter\View\View->CodeIgniter\View\{closure}()
 4 SYSTEMPATH\Common.php(1171): CodeIgniter\View\View->render('dashboard/service/index_content', [], true)
 5 APPPATH\Controllers\Dashboard\ServiceDataController.php(338): view('dashboard/service/index_content', [...])
 6 SYSTEMPATH\CodeIgniter.php(933): App\Controllers\Dashboard\ServiceDataController->index_service_content('3')
 7 SYSTEMPATH\CodeIgniter.php(509): CodeIgniter\CodeIgniter->runController(Object(App\Controllers\Dashboard\ServiceDataController))
 8 SYSTEMPATH\CodeIgniter.php(355): CodeIgniter\CodeIgniter->handleRequest(null, Object(Config\Cache), false)
 9 SYSTEMPATH\Boot.php(312): CodeIgniter\CodeIgniter->run()
10 SYSTEMPATH\Boot.php(67): CodeIgniter\Boot::runCodeIgniter(Object(CodeIgniter\CodeIgniter))
11 FCPATH\index.php(56): CodeIgniter\Boot::bootWeb(Object(Config\Paths))
CRITICAL - 2024-06-24 11:10:41 --> ErrorException: Undefined array key "header_service_id"
[Method: GET, Route: dashboard/quotation]
in APPPATH\Views\dashboard\index_quotation.php on line 174.
 1 APPPATH\Views\dashboard\index_quotation.php(174): CodeIgniter\Debug\Exceptions->errorHandler(2, 'Undefined array key "header_service_id"', 'C:\\xampp\\htdocs\\pet-journey-agency\\app\\Views\\dashboard\\index_quotation.php', 174)
 2 SYSTEMPATH\View\View.php(234): include('C:\\xampp\\htdocs\\pet-journey-agency\\app\\Views\\dashboard\\index_quotation.php')
 3 SYSTEMPATH\View\View.php(237): CodeIgniter\View\View->CodeIgniter\View\{closure}()
 4 SYSTEMPATH\Common.php(1171): CodeIgniter\View\View->render('dashboard/index_quotation', [], true)
 5 APPPATH\Controllers\Dashboard\QuotationDataController.php(37): view('dashboard/index_quotation', [...])
 6 SYSTEMPATH\CodeIgniter.php(933): App\Controllers\Dashboard\QuotationDataController->index()
 7 SYSTEMPATH\CodeIgniter.php(509): CodeIgniter\CodeIgniter->runController(Object(App\Controllers\Dashboard\QuotationDataController))
 8 SYSTEMPATH\CodeIgniter.php(355): CodeIgniter\CodeIgniter->handleRequest(null, Object(Config\Cache), false)
 9 SYSTEMPATH\Boot.php(312): CodeIgniter\CodeIgniter->run()
10 SYSTEMPATH\Boot.php(67): CodeIgniter\Boot::runCodeIgniter(Object(CodeIgniter\CodeIgniter))
11 FCPATH\index.php(56): CodeIgniter\Boot::bootWeb(Object(Config\Paths))
CRITICAL - 2024-06-24 13:38:22 --> ErrorException: Undefined array key "header_service_name"
[Method: GET, Route: dashboard/animal/1]
in APPPATH\Views\dashboard\service\index_content_buy_sale.php on line 20.
 1 APPPATH\Views\dashboard\service\index_content_buy_sale.php(20): CodeIgniter\Debug\Exceptions->errorHandler(2, 'Undefined array key "header_service_name"', 'C:\\xampp\\htdocs\\pet-journey-agency\\app\\Views\\dashboard\\service\\index_content_buy_sale.php', 20)
 2 SYSTEMPATH\View\View.php(234): include('C:\\xampp\\htdocs\\pet-journey-agency\\app\\Views\\dashboard\\service\\index_content_buy_sale.php')
 3 SYSTEMPATH\View\View.php(237): CodeIgniter\View\View->CodeIgniter\View\{closure}()
 4 SYSTEMPATH\Common.php(1171): CodeIgniter\View\View->render('dashboard/service/index_content_buy_sale', [], true)
 5 APPPATH\Controllers\Dashboard\ServiceDataController.php(176): view('dashboard/service/index_content_buy_sale', [...])
 6 SYSTEMPATH\CodeIgniter.php(933): App\Controllers\Dashboard\ServiceDataController->index_service_content_buy_sale('1')
 7 SYSTEMPATH\CodeIgniter.php(509): CodeIgniter\CodeIgniter->runController(Object(App\Controllers\Dashboard\ServiceDataController))
 8 SYSTEMPATH\CodeIgniter.php(355): CodeIgniter\CodeIgniter->handleRequest(null, Object(Config\Cache), false)
 9 SYSTEMPATH\Boot.php(312): CodeIgniter\CodeIgniter->run()
10 SYSTEMPATH\Boot.php(67): CodeIgniter\Boot::runCodeIgniter(Object(CodeIgniter\CodeIgniter))
11 FCPATH\index.php(56): CodeIgniter\Boot::bootWeb(Object(Config\Paths))
CRITICAL - 2024-06-24 13:40:47 --> ErrorException: Undefined array key "language"
[Method: GET, Route: dashboard/animal/1]
in APPPATH\Views\dashboard\service\index_content_buy_sale.php on line 20.
 1 APPPATH\Views\dashboard\service\index_content_buy_sale.php(20): CodeIgniter\Debug\Exceptions->errorHandler(2, 'Undefined array key "language"', 'C:\\xampp\\htdocs\\pet-journey-agency\\app\\Views\\dashboard\\service\\index_content_buy_sale.php', 20)
 2 SYSTEMPATH\View\View.php(234): include('C:\\xampp\\htdocs\\pet-journey-agency\\app\\Views\\dashboard\\service\\index_content_buy_sale.php')
 3 SYSTEMPATH\View\View.php(237): CodeIgniter\View\View->CodeIgniter\View\{closure}()
 4 SYSTEMPATH\Common.php(1171): CodeIgniter\View\View->render('dashboard/service/index_content_buy_sale', [], true)
 5 APPPATH\Controllers\Dashboard\ServiceDataController.php(176): view('dashboard/service/index_content_buy_sale', [...])
 6 SYSTEMPATH\CodeIgniter.php(933): App\Controllers\Dashboard\ServiceDataController->index_service_content_buy_sale('1')
 7 SYSTEMPATH\CodeIgniter.php(509): CodeIgniter\CodeIgniter->runController(Object(App\Controllers\Dashboard\ServiceDataController))
 8 SYSTEMPATH\CodeIgniter.php(355): CodeIgniter\CodeIgniter->handleRequest(null, Object(Config\Cache), false)
 9 SYSTEMPATH\Boot.php(312): CodeIgniter\CodeIgniter->run()
10 SYSTEMPATH\Boot.php(67): CodeIgniter\Boot::runCodeIgniter(Object(CodeIgniter\CodeIgniter))
11 FCPATH\index.php(56): CodeIgniter\Boot::bootWeb(Object(Config\Paths))
CRITICAL - 2024-06-24 13:40:56 --> ErrorException: Undefined array key "language"
[Method: GET, Route: dashboard/animal/1]
in APPPATH\Views\dashboard\service\index_content_buy_sale.php on line 167.
 1 APPPATH\Views\dashboard\service\index_content_buy_sale.php(167): CodeIgniter\Debug\Exceptions->errorHandler(2, 'Undefined array key "language"', 'C:\\xampp\\htdocs\\pet-journey-agency\\app\\Views\\dashboard\\service\\index_content_buy_sale.php', 167)
 2 SYSTEMPATH\View\View.php(234): include('C:\\xampp\\htdocs\\pet-journey-agency\\app\\Views\\dashboard\\service\\index_content_buy_sale.php')
 3 SYSTEMPATH\View\View.php(237): CodeIgniter\View\View->CodeIgniter\View\{closure}()
 4 SYSTEMPATH\Common.php(1171): CodeIgniter\View\View->render('dashboard/service/index_content_buy_sale', [], true)
 5 APPPATH\Controllers\Dashboard\ServiceDataController.php(176): view('dashboard/service/index_content_buy_sale', [...])
 6 SYSTEMPATH\CodeIgniter.php(933): App\Controllers\Dashboard\ServiceDataController->index_service_content_buy_sale('1')
 7 SYSTEMPATH\CodeIgniter.php(509): CodeIgniter\CodeIgniter->runController(Object(App\Controllers\Dashboard\ServiceDataController))
 8 SYSTEMPATH\CodeIgniter.php(355): CodeIgniter\CodeIgniter->handleRequest(null, Object(Config\Cache), false)
 9 SYSTEMPATH\Boot.php(312): CodeIgniter\CodeIgniter->run()
10 SYSTEMPATH\Boot.php(67): CodeIgniter\Boot::runCodeIgniter(Object(CodeIgniter\CodeIgniter))
11 FCPATH\index.php(56): CodeIgniter\Boot::bootWeb(Object(Config\Paths))
CRITICAL - 2024-06-24 13:45:42 --> ErrorException: Undefined array key "header_service_name_th"
[Method: GET, Route: dashboard/animal/1/th]
in APPPATH\Views\dashboard\service\index_content_buy_sale.php on line 20.
 1 APPPATH\Views\dashboard\service\index_content_buy_sale.php(20): CodeIgniter\Debug\Exceptions->errorHandler(2, 'Undefined array key "header_service_name_th"', 'C:\\xampp\\htdocs\\pet-journey-agency\\app\\Views\\dashboard\\service\\index_content_buy_sale.php', 20)
 2 SYSTEMPATH\View\View.php(234): include('C:\\xampp\\htdocs\\pet-journey-agency\\app\\Views\\dashboard\\service\\index_content_buy_sale.php')
 3 SYSTEMPATH\View\View.php(237): CodeIgniter\View\View->CodeIgniter\View\{closure}()
 4 SYSTEMPATH\Common.php(1171): CodeIgniter\View\View->render('dashboard/service/index_content_buy_sale', [], true)
 5 APPPATH\Controllers\Dashboard\ServiceDataController.php(177): view('dashboard/service/index_content_buy_sale', [...])
 6 SYSTEMPATH\CodeIgniter.php(933): App\Controllers\Dashboard\ServiceDataController->index_service_content_buy_sale('1', 'th')
 7 SYSTEMPATH\CodeIgniter.php(509): CodeIgniter\CodeIgniter->runController(Object(App\Controllers\Dashboard\ServiceDataController))
 8 SYSTEMPATH\CodeIgniter.php(355): CodeIgniter\CodeIgniter->handleRequest(null, Object(Config\Cache), false)
 9 SYSTEMPATH\Boot.php(312): CodeIgniter\CodeIgniter->run()
10 SYSTEMPATH\Boot.php(67): CodeIgniter\Boot::runCodeIgniter(Object(CodeIgniter\CodeIgniter))
11 FCPATH\index.php(56): CodeIgniter\Boot::bootWeb(Object(Config\Paths))
CRITICAL - 2024-06-24 13:46:44 --> ErrorException: Undefined array key "language"
[Method: GET, Route: dashboard/animal/1/th]
in APPPATH\Views\dashboard\service\index_content_buy_sale.php on line 20.
 1 APPPATH\Views\dashboard\service\index_content_buy_sale.php(20): CodeIgniter\Debug\Exceptions->errorHandler(2, 'Undefined array key "language"', 'C:\\xampp\\htdocs\\pet-journey-agency\\app\\Views\\dashboard\\service\\index_content_buy_sale.php', 20)
 2 SYSTEMPATH\View\View.php(234): include('C:\\xampp\\htdocs\\pet-journey-agency\\app\\Views\\dashboard\\service\\index_content_buy_sale.php')
 3 SYSTEMPATH\View\View.php(237): CodeIgniter\View\View->CodeIgniter\View\{closure}()
 4 SYSTEMPATH\Common.php(1171): CodeIgniter\View\View->render('dashboard/service/index_content_buy_sale', [], true)
 5 APPPATH\Controllers\Dashboard\ServiceDataController.php(177): view('dashboard/service/index_content_buy_sale', [...])
 6 SYSTEMPATH\CodeIgniter.php(933): App\Controllers\Dashboard\ServiceDataController->index_service_content_buy_sale('1', 'th')
 7 SYSTEMPATH\CodeIgniter.php(509): CodeIgniter\CodeIgniter->runController(Object(App\Controllers\Dashboard\ServiceDataController))
 8 SYSTEMPATH\CodeIgniter.php(355): CodeIgniter\CodeIgniter->handleRequest(null, Object(Config\Cache), false)
 9 SYSTEMPATH\Boot.php(312): CodeIgniter\CodeIgniter->run()
10 SYSTEMPATH\Boot.php(67): CodeIgniter\Boot::runCodeIgniter(Object(CodeIgniter\CodeIgniter))
11 FCPATH\index.php(56): CodeIgniter\Boot::bootWeb(Object(Config\Paths))
CRITICAL - 2024-06-24 13:47:00 --> ErrorException: Undefined array key "language"
[Method: GET, Route: dashboard/animal/1/th]
in APPPATH\Views\dashboard\service\index_content_buy_sale.php on line 20.
 1 APPPATH\Views\dashboard\service\index_content_buy_sale.php(20): CodeIgniter\Debug\Exceptions->errorHandler(2, 'Undefined array key "language"', 'C:\\xampp\\htdocs\\pet-journey-agency\\app\\Views\\dashboard\\service\\index_content_buy_sale.php', 20)
 2 SYSTEMPATH\View\View.php(234): include('C:\\xampp\\htdocs\\pet-journey-agency\\app\\Views\\dashboard\\service\\index_content_buy_sale.php')
 3 SYSTEMPATH\View\View.php(237): CodeIgniter\View\View->CodeIgniter\View\{closure}()
 4 SYSTEMPATH\Common.php(1171): CodeIgniter\View\View->render('dashboard/service/index_content_buy_sale', [], true)
 5 APPPATH\Controllers\Dashboard\ServiceDataController.php(177): view('dashboard/service/index_content_buy_sale', [...])
 6 SYSTEMPATH\CodeIgniter.php(933): App\Controllers\Dashboard\ServiceDataController->index_service_content_buy_sale('1', 'th')
 7 SYSTEMPATH\CodeIgniter.php(509): CodeIgniter\CodeIgniter->runController(Object(App\Controllers\Dashboard\ServiceDataController))
 8 SYSTEMPATH\CodeIgniter.php(355): CodeIgniter\CodeIgniter->handleRequest(null, Object(Config\Cache), false)
 9 SYSTEMPATH\Boot.php(312): CodeIgniter\CodeIgniter->run()
10 SYSTEMPATH\Boot.php(67): CodeIgniter\Boot::runCodeIgniter(Object(CodeIgniter\CodeIgniter))
11 FCPATH\index.php(56): CodeIgniter\Boot::bootWeb(Object(Config\Paths))
CRITICAL - 2024-06-24 13:49:59 --> ErrorException: Undefined array key "language"
[Method: GET, Route: dashboard/animal/1/th]
in APPPATH\Views\dashboard\service\index_content_buy_sale.php on line 20.
 1 APPPATH\Views\dashboard\service\index_content_buy_sale.php(20): CodeIgniter\Debug\Exceptions->errorHandler(2, 'Undefined array key "language"', 'C:\\xampp\\htdocs\\pet-journey-agency\\app\\Views\\dashboard\\service\\index_content_buy_sale.php', 20)
 2 SYSTEMPATH\View\View.php(234): include('C:\\xampp\\htdocs\\pet-journey-agency\\app\\Views\\dashboard\\service\\index_content_buy_sale.php')
 3 SYSTEMPATH\View\View.php(237): CodeIgniter\View\View->CodeIgniter\View\{closure}()
 4 SYSTEMPATH\Common.php(1171): CodeIgniter\View\View->render('dashboard/service/index_content_buy_sale', [], true)
 5 APPPATH\Controllers\Dashboard\ServiceDataController.php(177): view('dashboard/service/index_content_buy_sale', [...])
 6 SYSTEMPATH\CodeIgniter.php(933): App\Controllers\Dashboard\ServiceDataController->index_service_content_buy_sale('1', 'th')
 7 SYSTEMPATH\CodeIgniter.php(509): CodeIgniter\CodeIgniter->runController(Object(App\Controllers\Dashboard\ServiceDataController))
 8 SYSTEMPATH\CodeIgniter.php(355): CodeIgniter\CodeIgniter->handleRequest(null, Object(Config\Cache), false)
 9 SYSTEMPATH\Boot.php(312): CodeIgniter\CodeIgniter->run()
10 SYSTEMPATH\Boot.php(67): CodeIgniter\Boot::runCodeIgniter(Object(CodeIgniter\CodeIgniter))
11 FCPATH\index.php(56): CodeIgniter\Boot::bootWeb(Object(Config\Paths))
CRITICAL - 2024-06-24 13:50:00 --> ErrorException: Undefined array key "language"
[Method: GET, Route: dashboard/animal/1/th]
in APPPATH\Views\dashboard\service\index_content_buy_sale.php on line 20.
 1 APPPATH\Views\dashboard\service\index_content_buy_sale.php(20): CodeIgniter\Debug\Exceptions->errorHandler(2, 'Undefined array key "language"', 'C:\\xampp\\htdocs\\pet-journey-agency\\app\\Views\\dashboard\\service\\index_content_buy_sale.php', 20)
 2 SYSTEMPATH\View\View.php(234): include('C:\\xampp\\htdocs\\pet-journey-agency\\app\\Views\\dashboard\\service\\index_content_buy_sale.php')
 3 SYSTEMPATH\View\View.php(237): CodeIgniter\View\View->CodeIgniter\View\{closure}()
 4 SYSTEMPATH\Common.php(1171): CodeIgniter\View\View->render('dashboard/service/index_content_buy_sale', [], true)
 5 APPPATH\Controllers\Dashboard\ServiceDataController.php(177): view('dashboard/service/index_content_buy_sale', [...])
 6 SYSTEMPATH\CodeIgniter.php(933): App\Controllers\Dashboard\ServiceDataController->index_service_content_buy_sale('1', 'th')
 7 SYSTEMPATH\CodeIgniter.php(509): CodeIgniter\CodeIgniter->runController(Object(App\Controllers\Dashboard\ServiceDataController))
 8 SYSTEMPATH\CodeIgniter.php(355): CodeIgniter\CodeIgniter->handleRequest(null, Object(Config\Cache), false)
 9 SYSTEMPATH\Boot.php(312): CodeIgniter\CodeIgniter->run()
10 SYSTEMPATH\Boot.php(67): CodeIgniter\Boot::runCodeIgniter(Object(CodeIgniter\CodeIgniter))
11 FCPATH\index.php(56): CodeIgniter\Boot::bootWeb(Object(Config\Paths))
CRITICAL - 2024-06-24 13:50:00 --> ErrorException: Undefined array key "language"
[Method: GET, Route: dashboard/animal/1/th]
in APPPATH\Views\dashboard\service\index_content_buy_sale.php on line 20.
 1 APPPATH\Views\dashboard\service\index_content_buy_sale.php(20): CodeIgniter\Debug\Exceptions->errorHandler(2, 'Undefined array key "language"', 'C:\\xampp\\htdocs\\pet-journey-agency\\app\\Views\\dashboard\\service\\index_content_buy_sale.php', 20)
 2 SYSTEMPATH\View\View.php(234): include('C:\\xampp\\htdocs\\pet-journey-agency\\app\\Views\\dashboard\\service\\index_content_buy_sale.php')
 3 SYSTEMPATH\View\View.php(237): CodeIgniter\View\View->CodeIgniter\View\{closure}()
 4 SYSTEMPATH\Common.php(1171): CodeIgniter\View\View->render('dashboard/service/index_content_buy_sale', [], true)
 5 APPPATH\Controllers\Dashboard\ServiceDataController.php(177): view('dashboard/service/index_content_buy_sale', [...])
 6 SYSTEMPATH\CodeIgniter.php(933): App\Controllers\Dashboard\ServiceDataController->index_service_content_buy_sale('1', 'th')
 7 SYSTEMPATH\CodeIgniter.php(509): CodeIgniter\CodeIgniter->runController(Object(App\Controllers\Dashboard\ServiceDataController))
 8 SYSTEMPATH\CodeIgniter.php(355): CodeIgniter\CodeIgniter->handleRequest(null, Object(Config\Cache), false)
 9 SYSTEMPATH\Boot.php(312): CodeIgniter\CodeIgniter->run()
10 SYSTEMPATH\Boot.php(67): CodeIgniter\Boot::runCodeIgniter(Object(CodeIgniter\CodeIgniter))
11 FCPATH\index.php(56): CodeIgniter\Boot::bootWeb(Object(Config\Paths))
CRITICAL - 2024-06-24 13:53:32 --> ErrorException: Undefined array key "header_service_name"
[Method: GET, Route: dashboard/service_content/2]
in APPPATH\Views\dashboard\service\index_content.php on line 22.
 1 APPPATH\Views\dashboard\service\index_content.php(22): CodeIgniter\Debug\Exceptions->errorHandler(2, 'Undefined array key "header_service_name"', 'C:\\xampp\\htdocs\\pet-journey-agency\\app\\Views\\dashboard\\service\\index_content.php', 22)
 2 SYSTEMPATH\View\View.php(234): include('C:\\xampp\\htdocs\\pet-journey-agency\\app\\Views\\dashboard\\service\\index_content.php')
 3 SYSTEMPATH\View\View.php(237): CodeIgniter\View\View->CodeIgniter\View\{closure}()
 4 SYSTEMPATH\Common.php(1171): CodeIgniter\View\View->render('dashboard/service/index_content', [], true)
 5 APPPATH\Controllers\Dashboard\ServiceDataController.php(342): view('dashboard/service/index_content', [...])
 6 SYSTEMPATH\CodeIgniter.php(933): App\Controllers\Dashboard\ServiceDataController->index_service_content('2')
 7 SYSTEMPATH\CodeIgniter.php(509): CodeIgniter\CodeIgniter->runController(Object(App\Controllers\Dashboard\ServiceDataController))
 8 SYSTEMPATH\CodeIgniter.php(355): CodeIgniter\CodeIgniter->handleRequest(null, Object(Config\Cache), false)
 9 SYSTEMPATH\Boot.php(312): CodeIgniter\CodeIgniter->run()
10 SYSTEMPATH\Boot.php(67): CodeIgniter\Boot::runCodeIgniter(Object(CodeIgniter\CodeIgniter))
11 FCPATH\index.php(56): CodeIgniter\Boot::bootWeb(Object(Config\Paths))
CRITICAL - 2024-06-24 13:55:05 --> ArgumentCountError: Too few arguments to function App\Controllers\Dashboard\ServiceDataController::index_service_content(), 1 passed in C:\xampp\htdocs\pet-journey-agency\vendor\codeigniter4\framework\system\CodeIgniter.php on line 933 and exactly 2 expected
[Method: GET, Route: dashboard/service_content/2]
in APPPATH\Controllers\Dashboard\ServiceDataController.php on line 335.
 1 SYSTEMPATH\CodeIgniter.php(933): App\Controllers\Dashboard\ServiceDataController->index_service_content('2')
 2 SYSTEMPATH\CodeIgniter.php(509): CodeIgniter\CodeIgniter->runController(Object(App\Controllers\Dashboard\ServiceDataController))
 3 SYSTEMPATH\CodeIgniter.php(355): CodeIgniter\CodeIgniter->handleRequest(null, Object(Config\Cache), false)
 4 SYSTEMPATH\Boot.php(312): CodeIgniter\CodeIgniter->run()
 5 SYSTEMPATH\Boot.php(67): CodeIgniter\Boot::runCodeIgniter(Object(CodeIgniter\CodeIgniter))
 6 FCPATH\index.php(56): CodeIgniter\Boot::bootWeb(Object(Config\Paths))
CRITICAL - 2024-06-24 13:55:27 --> ErrorException: Undefined array key "header_service_name"
[Method: GET, Route: dashboard/service_content/2/th]
in APPPATH\Views\dashboard\service\index_content.php on line 22.
 1 APPPATH\Views\dashboard\service\index_content.php(22): CodeIgniter\Debug\Exceptions->errorHandler(2, 'Undefined array key "header_service_name"', 'C:\\xampp\\htdocs\\pet-journey-agency\\app\\Views\\dashboard\\service\\index_content.php', 22)
 2 SYSTEMPATH\View\View.php(234): include('C:\\xampp\\htdocs\\pet-journey-agency\\app\\Views\\dashboard\\service\\index_content.php')
 3 SYSTEMPATH\View\View.php(237): CodeIgniter\View\View->CodeIgniter\View\{closure}()
 4 SYSTEMPATH\Common.php(1171): CodeIgniter\View\View->render('dashboard/service/index_content', [], true)
 5 APPPATH\Controllers\Dashboard\ServiceDataController.php(343): view('dashboard/service/index_content', [...])
 6 SYSTEMPATH\CodeIgniter.php(933): App\Controllers\Dashboard\ServiceDataController->index_service_content('2', 'th')
 7 SYSTEMPATH\CodeIgniter.php(509): CodeIgniter\CodeIgniter->runController(Object(App\Controllers\Dashboard\ServiceDataController))
 8 SYSTEMPATH\CodeIgniter.php(355): CodeIgniter\CodeIgniter->handleRequest(null, Object(Config\Cache), false)
 9 SYSTEMPATH\Boot.php(312): CodeIgniter\CodeIgniter->run()
10 SYSTEMPATH\Boot.php(67): CodeIgniter\Boot::runCodeIgniter(Object(CodeIgniter\CodeIgniter))
11 FCPATH\index.php(56): CodeIgniter\Boot::bootWeb(Object(Config\Paths))
CRITICAL - 2024-06-24 14:23:05 --> ErrorException: Undefined array key "header_service_name"
[Method: GET, Route: dashboard/quotation]
in APPPATH\Views\dashboard\index_quotation.php on line 199.
 1 APPPATH\Views\dashboard\index_quotation.php(199): CodeIgniter\Debug\Exceptions->errorHandler(2, 'Undefined array key "header_service_name"', 'C:\\xampp\\htdocs\\pet-journey-agency\\app\\Views\\dashboard\\index_quotation.php', 199)
 2 SYSTEMPATH\View\View.php(234): include('C:\\xampp\\htdocs\\pet-journey-agency\\app\\Views\\dashboard\\index_quotation.php')
 3 SYSTEMPATH\View\View.php(237): CodeIgniter\View\View->CodeIgniter\View\{closure}()
 4 SYSTEMPATH\Common.php(1171): CodeIgniter\View\View->render('dashboard/index_quotation', [], true)
 5 APPPATH\Controllers\Dashboard\QuotationDataController.php(37): view('dashboard/index_quotation', [...])
 6 SYSTEMPATH\CodeIgniter.php(933): App\Controllers\Dashboard\QuotationDataController->index()
 7 SYSTEMPATH\CodeIgniter.php(509): CodeIgniter\CodeIgniter->runController(Object(App\Controllers\Dashboard\QuotationDataController))
 8 SYSTEMPATH\CodeIgniter.php(355): CodeIgniter\CodeIgniter->handleRequest(null, Object(Config\Cache), false)
 9 SYSTEMPATH\Boot.php(312): CodeIgniter\CodeIgniter->run()
10 SYSTEMPATH\Boot.php(67): CodeIgniter\Boot::runCodeIgniter(Object(CodeIgniter\CodeIgniter))
11 FCPATH\index.php(56): CodeIgniter\Boot::bootWeb(Object(Config\Paths))
CRITICAL - 2024-06-24 14:23:53 --> ErrorException: Undefined array key "name_last_name_th"
[Method: GET, Route: dashboard/quotation]
in APPPATH\Views\dashboard\index_quotation.php on line 199.
 1 APPPATH\Views\dashboard\index_quotation.php(199): CodeIgniter\Debug\Exceptions->errorHandler(2, 'Undefined array key "name_last_name_th"', 'C:\\xampp\\htdocs\\pet-journey-agency\\app\\Views\\dashboard\\index_quotation.php', 199)
 2 SYSTEMPATH\View\View.php(234): include('C:\\xampp\\htdocs\\pet-journey-agency\\app\\Views\\dashboard\\index_quotation.php')
 3 SYSTEMPATH\View\View.php(237): CodeIgniter\View\View->CodeIgniter\View\{closure}()
 4 SYSTEMPATH\Common.php(1171): CodeIgniter\View\View->render('dashboard/index_quotation', [], true)
 5 APPPATH\Controllers\Dashboard\QuotationDataController.php(37): view('dashboard/index_quotation', [...])
 6 SYSTEMPATH\CodeIgniter.php(933): App\Controllers\Dashboard\QuotationDataController->index()
 7 SYSTEMPATH\CodeIgniter.php(509): CodeIgniter\CodeIgniter->runController(Object(App\Controllers\Dashboard\QuotationDataController))
 8 SYSTEMPATH\CodeIgniter.php(355): CodeIgniter\CodeIgniter->handleRequest(null, Object(Config\Cache), false)
 9 SYSTEMPATH\Boot.php(312): CodeIgniter\CodeIgniter->run()
10 SYSTEMPATH\Boot.php(67): CodeIgniter\Boot::runCodeIgniter(Object(CodeIgniter\CodeIgniter))
11 FCPATH\index.php(56): CodeIgniter\Boot::bootWeb(Object(Config\Paths))
CRITICAL - 2024-06-24 15:41:15 --> ErrorException: Undefined variable $data_contact
[Method: GET, Route: dashboard/performanceteam]
in APPPATH\Views\dashboard\index_contact_menu.php on line 61.
 1 APPPATH\Views\dashboard\index_contact_menu.php(61): CodeIgniter\Debug\Exceptions->errorHandler(2, 'Undefined variable $data_contact', 'C:\\xampp\\htdocs\\pet-journey-agency\\app\\Views\\dashboard\\index_contact_menu.php', 61)
 2 SYSTEMPATH\View\View.php(234): include('C:\\xampp\\htdocs\\pet-journey-agency\\app\\Views\\dashboard\\index_contact_menu.php')
 3 SYSTEMPATH\View\View.php(237): CodeIgniter\View\View->CodeIgniter\View\{closure}()
 4 SYSTEMPATH\Common.php(1171): CodeIgniter\View\View->render('dashboard/index_contact_menu', [], true)
 5 APPPATH\Controllers\Dashboard\PerformanceTeamController.php(34): view('dashboard/index_contact_menu', [...])
 6 SYSTEMPATH\CodeIgniter.php(933): App\Controllers\Dashboard\PerformanceTeamController->index()
 7 SYSTEMPATH\CodeIgniter.php(509): CodeIgniter\CodeIgniter->runController(Object(App\Controllers\Dashboard\PerformanceTeamController))
 8 SYSTEMPATH\CodeIgniter.php(355): CodeIgniter\CodeIgniter->handleRequest(null, Object(Config\Cache), false)
 9 SYSTEMPATH\Boot.php(312): CodeIgniter\CodeIgniter->run()
10 SYSTEMPATH\Boot.php(67): CodeIgniter\Boot::runCodeIgniter(Object(CodeIgniter\CodeIgniter))
11 FCPATH\index.php(56): CodeIgniter\Boot::bootWeb(Object(Config\Paths))
CRITICAL - 2024-06-24 15:41:45 --> ErrorException: Undefined variable $data_contact
[Method: GET, Route: dashboard/performanceteam]
in APPPATH\Views\dashboard\index_performance.php on line 61.
 1 APPPATH\Views\dashboard\index_performance.php(61): CodeIgniter\Debug\Exceptions->errorHandler(2, 'Undefined variable $data_contact', 'C:\\xampp\\htdocs\\pet-journey-agency\\app\\Views\\dashboard\\index_performance.php', 61)
 2 SYSTEMPATH\View\View.php(234): include('C:\\xampp\\htdocs\\pet-journey-agency\\app\\Views\\dashboard\\index_performance.php')
 3 SYSTEMPATH\View\View.php(237): CodeIgniter\View\View->CodeIgniter\View\{closure}()
 4 SYSTEMPATH\Common.php(1171): CodeIgniter\View\View->render('dashboard/index_performance', [], true)
 5 APPPATH\Controllers\Dashboard\PerformanceTeamController.php(34): view('dashboard/index_performance', [...])
 6 SYSTEMPATH\CodeIgniter.php(933): App\Controllers\Dashboard\PerformanceTeamController->index()
 7 SYSTEMPATH\CodeIgniter.php(509): CodeIgniter\CodeIgniter->runController(Object(App\Controllers\Dashboard\PerformanceTeamController))
 8 SYSTEMPATH\CodeIgniter.php(355): CodeIgniter\CodeIgniter->handleRequest(null, Object(Config\Cache), false)
 9 SYSTEMPATH\Boot.php(312): CodeIgniter\CodeIgniter->run()
10 SYSTEMPATH\Boot.php(67): CodeIgniter\Boot::runCodeIgniter(Object(CodeIgniter\CodeIgniter))
11 FCPATH\index.php(56): CodeIgniter\Boot::bootWeb(Object(Config\Paths))
